[05-Jun-2014 15:56:01] PHP Fatal error:  Call to undefined function t() in /mnt/isilon/web/gluedobbers/files/trash/zoom_image_20140129152618/blocks/zoom_image/form.php on line 2
[05-Jun-2014 16:04:06] PHP Fatal error:  Class 'Loader' not found in /mnt/isilon/web/gluedobbers/files/trash/zoom_image_20140129152618/blocks/zoom_image/controller.php on line 2
[06-Jun-2014 00:12:04] PHP Fatal error:  Call to undefined function t() in /mnt/isilon/web/gluedobbers/files/trash/zoom_image_20140129152618/blocks/zoom_image/form.php on line 2
[06-Jun-2014 00:22:10] PHP Fatal error:  Class 'Loader' not found in /mnt/isilon/web/gluedobbers/files/trash/zoom_image_20140129152618/blocks/zoom_image/controller.php on line 2
[06-Jun-2014 05:56:32] PHP Fatal error:  Call to undefined function t() in /mnt/isilon/web/gluedobbers/files/trash/zoom_image_20140129152618/blocks/zoom_image/form.php on line 2
[06-Jun-2014 06:01:50] PHP Fatal error:  Class 'Loader' not found in /mnt/isilon/web/gluedobbers/files/trash/zoom_image_20140129152618/blocks/zoom_image/controller.php on line 2
[07-Jun-2014 00:30:49] PHP Fatal error:  Call to undefined function t() in /mnt/isilon/web/gluedobbers/files/trash/zoom_image_20140129152618/blocks/zoom_image/form.php on line 2
[07-Jun-2014 00:31:13] PHP Fatal error:  Class 'Loader' not found in /mnt/isilon/web/gluedobbers/files/trash/zoom_image_20140129152618/blocks/zoom_image/controller.php on line 2
[08-Jun-2014 06:30:38] PHP Fatal error:  Class 'Loader' not found in /mnt/isilon/web/gluedobbers/files/trash/zoom_image_20140129152618/blocks/zoom_image/controller.php on line 2
[08-Jun-2014 08:17:47] PHP Fatal error:  Call to undefined function t() in /mnt/isilon/web/gluedobbers/files/trash/zoom_image_20140129152618/blocks/zoom_image/form.php on line 2
[14-Jun-2014 17:00:52] PHP Fatal error:  Call to undefined function t() in /mnt/isilon/web/gluedobbers/files/trash/zoom_image_20140129152618/blocks/zoom_image/form.php on line 2
[14-Jun-2014 17:01:03] PHP Fatal error:  Class 'Loader' not found in /mnt/isilon/web/gluedobbers/files/trash/zoom_image_20140129152618/blocks/zoom_image/controller.php on line 2
[14-Jun-2014 23:37:22] PHP Fatal error:  Class 'Loader' not found in /mnt/isilon/web/gluedobbers/files/trash/zoom_image_20140129152618/blocks/zoom_image/controller.php on line 2
[14-Jun-2014 23:37:34] PHP Fatal error:  Call to undefined function t() in /mnt/isilon/web/gluedobbers/files/trash/zoom_image_20140129152618/blocks/zoom_image/form.php on line 2
[15-Jun-2014 06:04:43] PHP Fatal error:  Class 'Loader' not found in /mnt/isilon/web/gluedobbers/files/trash/zoom_image_20140129152618/blocks/zoom_image/controller.php on line 2
[15-Jun-2014 06:05:27] PHP Fatal error:  Call to undefined function t() in /mnt/isilon/web/gluedobbers/files/trash/zoom_image_20140129152618/blocks/zoom_image/form.php on line 2
[15-Jun-2014 11:37:41] PHP Fatal error:  Call to undefined function t() in /mnt/isilon/web/gluedobbers/files/trash/zoom_image_20140129152618/blocks/zoom_image/form.php on line 2
[15-Jun-2014 11:37:51] PHP Fatal error:  Class 'Loader' not found in /mnt/isilon/web/gluedobbers/files/trash/zoom_image_20140129152618/blocks/zoom_image/controller.php on line 2
[15-Jun-2014 17:43:56] PHP Fatal error:  Call to undefined function t() in /mnt/isilon/web/gluedobbers/files/trash/zoom_image_20140129152618/blocks/zoom_image/form.php on line 2
[15-Jun-2014 17:44:06] PHP Fatal error:  Class 'Loader' not found in /mnt/isilon/web/gluedobbers/files/trash/zoom_image_20140129152618/blocks/zoom_image/controller.php on line 2
[19-Jul-2014 18:03:42] PHP Fatal error:  Call to undefined function t() in /mnt/isilon/web/gluedobbers/files/trash/zoom_image_20140129152618/blocks/zoom_image/form.php on line 2
[19-Jul-2014 18:06:36] PHP Fatal error:  Class 'Loader' not found in /mnt/isilon/web/gluedobbers/files/trash/zoom_image_20140129152618/blocks/zoom_image/controller.php on line 2
[20-Jul-2014 01:41:05] PHP Fatal error:  Call to undefined function t() in /mnt/isilon/web/gluedobbers/files/trash/zoom_image_20140129152618/blocks/zoom_image/form.php on line 2
[20-Jul-2014 01:41:15] PHP Fatal error:  Class 'Loader' not found in /mnt/isilon/web/gluedobbers/files/trash/zoom_image_20140129152618/blocks/zoom_image/controller.php on line 2
[20-Jul-2014 07:41:23] PHP Fatal error:  Call to undefined function t() in /mnt/isilon/web/gluedobbers/files/trash/zoom_image_20140129152618/blocks/zoom_image/form.php on line 2
[20-Jul-2014 07:41:54] PHP Fatal error:  Class 'Loader' not found in /mnt/isilon/web/gluedobbers/files/trash/zoom_image_20140129152618/blocks/zoom_image/controller.php on line 2
[20-Jul-2014 13:39:04] PHP Fatal error:  Call to undefined function t() in /mnt/isilon/web/gluedobbers/files/trash/zoom_image_20140129152618/blocks/zoom_image/form.php on line 2
[20-Jul-2014 13:39:14] PHP Fatal error:  Class 'Loader' not found in /mnt/isilon/web/gluedobbers/files/trash/zoom_image_20140129152618/blocks/zoom_image/controller.php on line 2
[30-Dec-2014 21:55:47] PHP Fatal error:  Class 'Loader' not found in /mnt/isilon/web/gluedobbers/files/trash/zoom_image_20140129152618/blocks/zoom_image/controller.php on line 2
[30-Dec-2014 21:55:49] PHP Fatal error:  Call to undefined function t() in /mnt/isilon/web/gluedobbers/files/trash/zoom_image_20140129152618/blocks/zoom_image/form.php on line 2
