[14-Jan-2017 16:50:59] PHP Fatal error:  Call to undefined function plugins_url() in /var/www/html/wp-content/plugins/popup-builder/popup-builder.php on line 14
[15-Jan-2017 00:40:20] PHP Fatal error:  Call to undefined function plugins_url() in /var/www/html/wp-content/plugins/popup-builder/popup-builder.php on line 14
[15-Jan-2017 06:51:22] PHP Fatal error:  Call to undefined function plugins_url() in /var/www/html/wp-content/plugins/popup-builder/popup-builder.php on line 14
[15-Jan-2017 12:38:07] PHP Fatal error:  Call to undefined function plugins_url() in /var/www/html/wp-content/plugins/popup-builder/popup-builder.php on line 14
[18-Jan-2017 16:43:38] PHP Fatal error:  Call to undefined function plugins_url() in /var/www/html/wp-content/plugins/popup-builder/popup-builder.php on line 14
[18-Jan-2017 23:18:34] PHP Fatal error:  Call to undefined function plugins_url() in /var/www/html/wp-content/plugins/popup-builder/popup-builder.php on line 14
[19-Jan-2017 08:09:02] PHP Fatal error:  Call to undefined function plugins_url() in /var/www/html/wp-content/plugins/popup-builder/popup-builder.php on line 14
[19-Jan-2017 10:40:51] PHP Fatal error:  Call to undefined function plugins_url() in /var/www/html/wp-content/plugins/popup-builder/popup-builder.php on line 14
[20-Jan-2017 01:55:57] PHP Fatal error:  Call to undefined function plugins_url() in /var/www/html/wp-content/plugins/popup-builder/popup-builder.php on line 14
[12-Apr-2017 06:37:41] PHP Fatal error:  Call to undefined function plugins_url() in /var/www/html/wp-content/plugins/popup-builder/popup-builder.php on line 14
[12-Apr-2017 14:10:48] PHP Fatal error:  Call to undefined function plugins_url() in /var/www/html/wp-content/plugins/popup-builder/popup-builder.php on line 14
[12-Apr-2017 20:02:33] PHP Fatal error:  Call to undefined function plugins_url() in /var/www/html/wp-content/plugins/popup-builder/popup-builder.php on line 14
[13-Apr-2017 01:47:28] PHP Fatal error:  Call to undefined function plugins_url() in /var/www/html/wp-content/plugins/popup-builder/popup-builder.php on line 14
[18-Apr-2017 13:29:22] PHP Fatal error:  Call to undefined function plugins_url() in /var/www/html/wp-content/plugins/popup-builder/popup-builder.php on line 14
[18-Apr-2017 19:30:08] PHP Fatal error:  Call to undefined function plugins_url() in /var/www/html/wp-content/plugins/popup-builder/popup-builder.php on line 14
[19-Apr-2017 01:31:23] PHP Fatal error:  Call to undefined function plugins_url() in /var/www/html/wp-content/plugins/popup-builder/popup-builder.php on line 14
[19-Apr-2017 07:14:22] PHP Fatal error:  Call to undefined function plugins_url() in /var/www/html/wp-content/plugins/popup-builder/popup-builder.php on line 14
[19-Apr-2017 13:35:56] PHP Fatal error:  Call to undefined function plugins_url() in /var/www/html/wp-content/plugins/popup-builder/popup-builder.php on line 14
[09-Jun-2017 09:03:42] PHP Fatal error:  Call to undefined function plugins_url() in /var/www/html/wp-content/plugins/popup-builder/popup-builder.php on line 14
[09-Jun-2017 16:09:50] PHP Fatal error:  Call to undefined function plugins_url() in /var/www/html/wp-content/plugins/popup-builder/popup-builder.php on line 14
[09-Jun-2017 19:41:42] PHP Fatal error:  Call to undefined function plugins_url() in /var/www/html/wp-content/plugins/popup-builder/popup-builder.php on line 14
[09-Jun-2017 19:56:37] PHP Fatal error:  Call to undefined function plugins_url() in /var/www/html/wp-content/plugins/popup-builder/popup-builder.php on line 14
[09-Jun-2017 21:50:50] PHP Fatal error:  Call to undefined function plugins_url() in /var/www/html/wp-content/plugins/popup-builder/popup-builder.php on line 14
[10-Jun-2017 03:47:39] PHP Fatal error:  Call to undefined function plugins_url() in /var/www/html/wp-content/plugins/popup-builder/popup-builder.php on line 14
[10-Jun-2017 10:06:36] PHP Fatal error:  Call to undefined function plugins_url() in /var/www/html/wp-content/plugins/popup-builder/popup-builder.php on line 14
[02-Jul-2017 05:38:27] PHP Fatal error:  Call to undefined function plugins_url() in /var/www/html/wp-content/plugins/popup-builder/popup-builder.php on line 14
[02-Jul-2017 11:33:57] PHP Fatal error:  Call to undefined function plugins_url() in /var/www/html/wp-content/plugins/popup-builder/popup-builder.php on line 14
[02-Jul-2017 17:09:12] PHP Fatal error:  Call to undefined function plugins_url() in /var/www/html/wp-content/plugins/popup-builder/popup-builder.php on line 14
[02-Jul-2017 23:13:14] PHP Fatal error:  Call to undefined function plugins_url() in /var/www/html/wp-content/plugins/popup-builder/popup-builder.php on line 14
[03-Jul-2017 05:33:34] PHP Fatal error:  Call to undefined function plugins_url() in /var/www/html/wp-content/plugins/popup-builder/popup-builder.php on line 14
[07-Oct-2017 16:58:52] PHP Fatal error:  Call to undefined function plugins_url() in /var/www/html/wp-content/plugins/popup-builder/popup-builder.php on line 14
[07-Oct-2017 22:41:05] PHP Fatal error:  Call to undefined function plugins_url() in /var/www/html/wp-content/plugins/popup-builder/popup-builder.php on line 14
[08-Oct-2017 04:58:31] PHP Fatal error:  Call to undefined function plugins_url() in /var/www/html/wp-content/plugins/popup-builder/popup-builder.php on line 14
[16-Oct-2017 20:49:47] PHP Fatal error:  Call to undefined function plugins_url() in /var/www/html/wp-content/plugins/popup-builder/popup-builder.php on line 14
[17-Oct-2017 02:35:39] PHP Fatal error:  Call to undefined function plugins_url() in /var/www/html/wp-content/plugins/popup-builder/popup-builder.php on line 14
[17-Oct-2017 08:36:44] PHP Fatal error:  Call to undefined function plugins_url() in /var/www/html/wp-content/plugins/popup-builder/popup-builder.php on line 14
[05-Dec-2017 11:52:42] PHP Fatal error:  Call to undefined function plugins_url() in /var/www/html/wp-content/plugins/popup-builder/popup-builder.php on line 14
[05-Dec-2017 17:56:42] PHP Fatal error:  Call to undefined function plugins_url() in /var/www/html/wp-content/plugins/popup-builder/popup-builder.php on line 14
[06-Dec-2017 00:23:21] PHP Fatal error:  Call to undefined function plugins_url() in /var/www/html/wp-content/plugins/popup-builder/popup-builder.php on line 14
[06-Dec-2017 07:15:37] PHP Fatal error:  Call to undefined function plugins_url() in /var/www/html/wp-content/plugins/popup-builder/popup-builder.php on line 14
[06-Dec-2017 11:21:39] PHP Fatal error:  Call to undefined function plugins_url() in /var/www/html/wp-content/plugins/popup-builder/popup-builder.php on line 14
[06-Mar-2018 19:25:29] PHP Fatal error:  Call to undefined function plugins_url() in /var/www/html/wp-content/plugins/popup-builder/popup-builder.php on line 14
[07-Mar-2018 01:17:47] PHP Fatal error:  Call to undefined function plugins_url() in /var/www/html/wp-content/plugins/popup-builder/popup-builder.php on line 14
[07-Mar-2018 07:15:49] PHP Fatal error:  Call to undefined function plugins_url() in /var/www/html/wp-content/plugins/popup-builder/popup-builder.php on line 14
[07-Mar-2018 13:05:46] PHP Fatal error:  Call to undefined function plugins_url() in /var/www/html/wp-content/plugins/popup-builder/popup-builder.php on line 14
[07-Mar-2018 18:56:38] PHP Fatal error:  Call to undefined function plugins_url() in /var/www/html/wp-content/plugins/popup-builder/popup-builder.php on line 14
