[17-Oct-2013 05:35:37] PHP Fatal error:  Class 'ApiBase' not found in /srv/fizidata/www/extensions/TitleBlacklist/api/ApiQueryTitleBlacklist.php on line 30
[17-Oct-2013 15:18:49] PHP Fatal error:  Class 'ApiBase' not found in /srv/fizidata/www/extensions/TitleBlacklist/api/ApiQueryTitleBlacklist.php on line 30
[17-Oct-2013 23:41:07] PHP Fatal error:  Class 'ApiBase' not found in /srv/fizidata/www/extensions/TitleBlacklist/api/ApiQueryTitleBlacklist.php on line 30
[18-Oct-2013 01:24:45] PHP Fatal error:  Class 'ApiBase' not found in /srv/fizidata/www/extensions/TitleBlacklist/api/ApiQueryTitleBlacklist.php on line 30
[30-Oct-2013 13:15:57] PHP Fatal error:  Class 'ApiBase' not found in /srv/fizidata/www/extensions/TitleBlacklist/api/ApiQueryTitleBlacklist.php on line 30
[30-Oct-2013 21:00:06] PHP Fatal error:  Class 'ApiBase' not found in /srv/fizidata/www/extensions/TitleBlacklist/api/ApiQueryTitleBlacklist.php on line 30
[30-Oct-2013 23:06:24] PHP Fatal error:  Class 'ApiBase' not found in /srv/fizidata/www/extensions/TitleBlacklist/api/ApiQueryTitleBlacklist.php on line 30
[31-Oct-2013 06:17:24] PHP Fatal error:  Class 'ApiBase' not found in /srv/fizidata/www/extensions/TitleBlacklist/api/ApiQueryTitleBlacklist.php on line 30
[31-Oct-2013 13:51:55] PHP Fatal error:  Class 'ApiBase' not found in /srv/fizidata/www/extensions/TitleBlacklist/api/ApiQueryTitleBlacklist.php on line 30
[27-Dec-2013 01:08:28] PHP Fatal error:  Class 'ApiBase' not found in /srv/fizidata/www/extensions/TitleBlacklist/api/ApiQueryTitleBlacklist.php on line 30
[27-Dec-2013 09:45:19] PHP Fatal error:  Class 'ApiBase' not found in /srv/fizidata/www/extensions/TitleBlacklist/api/ApiQueryTitleBlacklist.php on line 30
[27-Dec-2013 14:58:45] PHP Fatal error:  Class 'ApiBase' not found in /srv/fizidata/www/extensions/TitleBlacklist/api/ApiQueryTitleBlacklist.php on line 30
[27-Dec-2013 22:02:15] PHP Fatal error:  Class 'ApiBase' not found in /srv/fizidata/www/extensions/TitleBlacklist/api/ApiQueryTitleBlacklist.php on line 30
[01-Jan-2014 07:21:27] PHP Fatal error:  Class 'ApiBase' not found in /srv/fizidata/www/extensions/TitleBlacklist/api/ApiQueryTitleBlacklist.php on line 30
[01-Jan-2014 13:31:51] PHP Fatal error:  Class 'ApiBase' not found in /srv/fizidata/www/extensions/TitleBlacklist/api/ApiQueryTitleBlacklist.php on line 30
[01-Jan-2014 19:16:00] PHP Fatal error:  Class 'ApiBase' not found in /srv/fizidata/www/extensions/TitleBlacklist/api/ApiQueryTitleBlacklist.php on line 30
[02-Jan-2014 01:18:46] PHP Fatal error:  Class 'ApiBase' not found in /srv/fizidata/www/extensions/TitleBlacklist/api/ApiQueryTitleBlacklist.php on line 30
[02-Jan-2014 07:23:29] PHP Fatal error:  Class 'ApiBase' not found in /srv/fizidata/www/extensions/TitleBlacklist/api/ApiQueryTitleBlacklist.php on line 30
[18-Jan-2014 14:10:38] PHP Fatal error:  Class 'ApiBase' not found in /srv/fizidata/www/extensions/TitleBlacklist/api/ApiQueryTitleBlacklist.php on line 30
[18-Jan-2014 20:08:17] PHP Fatal error:  Class 'ApiBase' not found in /srv/fizidata/www/extensions/TitleBlacklist/api/ApiQueryTitleBlacklist.php on line 30
[19-Jan-2014 02:27:18] PHP Fatal error:  Class 'ApiBase' not found in /srv/fizidata/www/extensions/TitleBlacklist/api/ApiQueryTitleBlacklist.php on line 30
[19-Jan-2014 08:07:32] PHP Fatal error:  Class 'ApiBase' not found in /srv/fizidata/www/extensions/TitleBlacklist/api/ApiQueryTitleBlacklist.php on line 30
[19-Jan-2014 14:16:47] PHP Fatal error:  Class 'ApiBase' not found in /srv/fizidata/www/extensions/TitleBlacklist/api/ApiQueryTitleBlacklist.php on line 30
[20-Mar-2014 21:09:37] PHP Fatal error:  Class 'ApiBase' not found in /srv/fizidata/www/extensions/TitleBlacklist/api/ApiQueryTitleBlacklist.php on line 30
[21-Mar-2014 05:29:17] PHP Fatal error:  Class 'ApiBase' not found in /srv/fizidata/www/extensions/TitleBlacklist/api/ApiQueryTitleBlacklist.php on line 30
[21-Mar-2014 11:17:06] PHP Fatal error:  Class 'ApiBase' not found in /srv/fizidata/www/extensions/TitleBlacklist/api/ApiQueryTitleBlacklist.php on line 30
[21-Mar-2014 17:57:09] PHP Fatal error:  Class 'ApiBase' not found in /srv/fizidata/www/extensions/TitleBlacklist/api/ApiQueryTitleBlacklist.php on line 30
[21-Mar-2014 20:36:22] PHP Fatal error:  Class 'ApiBase' not found in /srv/fizidata/www/extensions/TitleBlacklist/api/ApiQueryTitleBlacklist.php on line 30
[11-Jun-2014 02:25:05] PHP Fatal error:  Class 'ApiBase' not found in /srv/fizidata/www/extensions/TitleBlacklist/api/ApiQueryTitleBlacklist.php on line 30
[11-Jun-2014 10:10:07] PHP Fatal error:  Class 'ApiBase' not found in /srv/fizidata/www/extensions/TitleBlacklist/api/ApiQueryTitleBlacklist.php on line 30
[11-Jun-2014 16:15:09] PHP Fatal error:  Class 'ApiBase' not found in /srv/fizidata/www/extensions/TitleBlacklist/api/ApiQueryTitleBlacklist.php on line 30
[11-Jun-2014 21:56:16] PHP Fatal error:  Class 'ApiBase' not found in /srv/fizidata/www/extensions/TitleBlacklist/api/ApiQueryTitleBlacklist.php on line 30
[04-Sep-2014 13:12:09] PHP Fatal error:  Class 'ApiBase' not found in /srv/fizidata/www/extensions/TitleBlacklist/api/ApiQueryTitleBlacklist.php on line 30
[04-Sep-2014 21:32:28] PHP Fatal error:  Class 'ApiBase' not found in /srv/fizidata/www/extensions/TitleBlacklist/api/ApiQueryTitleBlacklist.php on line 30
[05-Sep-2014 03:17:24] PHP Fatal error:  Class 'ApiBase' not found in /srv/fizidata/www/extensions/TitleBlacklist/api/ApiQueryTitleBlacklist.php on line 30
[05-Sep-2014 09:16:04] PHP Fatal error:  Class 'ApiBase' not found in /srv/fizidata/www/extensions/TitleBlacklist/api/ApiQueryTitleBlacklist.php on line 30
[05-Oct-2014 16:35:39] PHP Fatal error:  Class 'ApiBase' not found in /srv/fizidata/www/extensions/TitleBlacklist/api/ApiQueryTitleBlacklist.php on line 30
[27-Dec-2014 04:42:40] PHP Fatal error:  Class 'ApiBase' not found in /srv/fizidata/www/extensions/TitleBlacklist/api/ApiQueryTitleBlacklist.php on line 30
[27-Dec-2014 13:31:40] PHP Fatal error:  Class 'ApiBase' not found in /srv/fizidata/www/extensions/TitleBlacklist/api/ApiQueryTitleBlacklist.php on line 30
[27-Dec-2014 15:35:45] PHP Fatal error:  Class 'ApiBase' not found in /srv/fizidata/www/extensions/TitleBlacklist/api/ApiQueryTitleBlacklist.php on line 30
[27-Dec-2014 22:45:45] PHP Fatal error:  Class 'ApiBase' not found in /srv/fizidata/www/extensions/TitleBlacklist/api/ApiQueryTitleBlacklist.php on line 30
[28-Dec-2014 04:26:56] PHP Fatal error:  Class 'ApiBase' not found in /srv/fizidata/www/extensions/TitleBlacklist/api/ApiQueryTitleBlacklist.php on line 30
[21-Jan-2015 17:35:00] PHP Fatal error:  Class 'ApiBase' not found in /srv/fizidata/www/extensions/TitleBlacklist/api/ApiQueryTitleBlacklist.php on line 30
[22-Jan-2015 00:08:00] PHP Fatal error:  Class 'ApiBase' not found in /srv/fizidata/www/extensions/TitleBlacklist/api/ApiQueryTitleBlacklist.php on line 30
[22-Jan-2015 06:26:51] PHP Fatal error:  Class 'ApiBase' not found in /srv/fizidata/www/extensions/TitleBlacklist/api/ApiQueryTitleBlacklist.php on line 30
[22-Jan-2015 12:33:10] PHP Fatal error:  Class 'ApiBase' not found in /srv/fizidata/www/extensions/TitleBlacklist/api/ApiQueryTitleBlacklist.php on line 30
[22-Jan-2015 19:03:05] PHP Fatal error:  Class 'ApiBase' not found in /srv/fizidata/www/extensions/TitleBlacklist/api/ApiQueryTitleBlacklist.php on line 30
[21-Sep-2015 19:44:23] PHP Fatal error:  Class 'ApiBase' not found in /srv/fizidata/www/extensions/TitleBlacklist/api/ApiQueryTitleBlacklist.php on line 30
[22-Sep-2015 02:19:23] PHP Fatal error:  Class 'ApiBase' not found in /srv/fizidata/www/extensions/TitleBlacklist/api/ApiQueryTitleBlacklist.php on line 30
[22-Sep-2015 08:38:17] PHP Fatal error:  Class 'ApiBase' not found in /srv/fizidata/www/extensions/TitleBlacklist/api/ApiQueryTitleBlacklist.php on line 30
[22-Sep-2015 14:04:26] PHP Fatal error:  Class 'ApiBase' not found in /srv/fizidata/www/extensions/TitleBlacklist/api/ApiQueryTitleBlacklist.php on line 30
[22-Sep-2015 21:01:48] PHP Fatal error:  Class 'ApiBase' not found in /srv/fizidata/www/extensions/TitleBlacklist/api/ApiQueryTitleBlacklist.php on line 30
[31-Jan-2016 23:32:07] PHP Fatal error:  Class 'ApiBase' not found in /srv/fizidata/www/extensions/TitleBlacklist/api/ApiQueryTitleBlacklist.php on line 30
[01-Feb-2016 05:36:21] PHP Fatal error:  Class 'ApiBase' not found in /srv/fizidata/www/extensions/TitleBlacklist/api/ApiQueryTitleBlacklist.php on line 30
[01-Feb-2016 20:32:50] PHP Fatal error:  Class 'ApiBase' not found in /srv/fizidata/www/extensions/TitleBlacklist/api/ApiQueryTitleBlacklist.php on line 30
[13-Feb-2016 04:41:16] PHP Fatal error:  Class 'ApiBase' not found in /srv/fizidata/www/extensions/TitleBlacklist/api/ApiQueryTitleBlacklist.php on line 30
[13-Feb-2016 12:25:38] PHP Fatal error:  Class 'ApiBase' not found in /srv/fizidata/www/extensions/TitleBlacklist/api/ApiQueryTitleBlacklist.php on line 30
[13-Feb-2016 18:17:53] PHP Fatal error:  Class 'ApiBase' not found in /srv/fizidata/www/extensions/TitleBlacklist/api/ApiQueryTitleBlacklist.php on line 30
[14-Feb-2016 00:05:08] PHP Fatal error:  Class 'ApiBase' not found in /srv/fizidata/www/extensions/TitleBlacklist/api/ApiQueryTitleBlacklist.php on line 30
[30-Aug-2016 13:13:54] PHP Fatal error:  Class 'ApiBase' not found in /srv/fizidata/www/extensions/TitleBlacklist/api/ApiQueryTitleBlacklist.php on line 30
[30-Aug-2016 20:00:01] PHP Fatal error:  Class 'ApiBase' not found in /srv/fizidata/www/extensions/TitleBlacklist/api/ApiQueryTitleBlacklist.php on line 30
[31-Aug-2016 03:17:00] PHP Fatal error:  Class 'ApiBase' not found in /srv/fizidata/www/extensions/TitleBlacklist/api/ApiQueryTitleBlacklist.php on line 30
[31-Aug-2016 05:54:22] PHP Fatal error:  Class 'ApiBase' not found in /srv/fizidata/www/extensions/TitleBlacklist/api/ApiQueryTitleBlacklist.php on line 30
[31-Aug-2016 11:23:47] PHP Fatal error:  Class 'ApiBase' not found in /srv/fizidata/www/extensions/TitleBlacklist/api/ApiQueryTitleBlacklist.php on line 30
[02-Oct-2016 04:00:59] PHP Fatal error:  Class 'ApiBase' not found in /srv/fizidata/www/extensions/TitleBlacklist/api/ApiQueryTitleBlacklist.php on line 30
[02-Oct-2016 11:11:38] PHP Fatal error:  Class 'ApiBase' not found in /srv/fizidata/www/extensions/TitleBlacklist/api/ApiQueryTitleBlacklist.php on line 30
[02-Oct-2016 17:23:26] PHP Fatal error:  Class 'ApiBase' not found in /srv/fizidata/www/extensions/TitleBlacklist/api/ApiQueryTitleBlacklist.php on line 30
[03-Oct-2016 01:47:28] PHP Fatal error:  Class 'ApiBase' not found in /srv/fizidata/www/extensions/TitleBlacklist/api/ApiQueryTitleBlacklist.php on line 30
[30-Jul-2017 05:44:19] PHP Fatal error:  Class 'ApiBase' not found in /srv/fizidata/www/extensions/TitleBlacklist/api/ApiQueryTitleBlacklist.php on line 30
[30-Jul-2017 22:16:10] PHP Fatal error:  Class 'ApiBase' not found in /srv/fizidata/www/extensions/TitleBlacklist/api/ApiQueryTitleBlacklist.php on line 30
[31-Jul-2017 06:13:40] PHP Fatal error:  Class 'ApiBase' not found in /srv/fizidata/www/extensions/TitleBlacklist/api/ApiQueryTitleBlacklist.php on line 30
[27-Sep-2017 01:45:45] PHP Fatal error:  Class 'ApiBase' not found in /srv/fizidata/www/extensions/TitleBlacklist/api/ApiQueryTitleBlacklist.php on line 30
[27-Sep-2017 08:36:41] PHP Fatal error:  Class 'ApiBase' not found in /srv/fizidata/www/extensions/TitleBlacklist/api/ApiQueryTitleBlacklist.php on line 30
[27-Sep-2017 11:31:34] PHP Fatal error:  Class 'ApiBase' not found in /srv/fizidata/www/extensions/TitleBlacklist/api/ApiQueryTitleBlacklist.php on line 30
[27-Sep-2017 17:44:36] PHP Fatal error:  Class 'ApiBase' not found in /srv/fizidata/www/extensions/TitleBlacklist/api/ApiQueryTitleBlacklist.php on line 30
[27-Sep-2017 23:57:06] PHP Fatal error:  Class 'ApiBase' not found in /srv/fizidata/www/extensions/TitleBlacklist/api/ApiQueryTitleBlacklist.php on line 30
[13-Oct-2017 21:15:14] PHP Fatal error:  Class 'ApiBase' not found in /srv/fizidata/www/extensions/TitleBlacklist/api/ApiQueryTitleBlacklist.php on line 30
