[05-Jun-2014 21:02:58] PHP Fatal error:  Class 'Config' not found in /mnt/isilon/web/gluedobbers/files/trash/remo_expand_20140129152606/blocks/remo_expand/form_init.php on line 2
[06-Jun-2014 01:11:30] PHP Fatal error:  Class 'Config' not found in /mnt/isilon/web/gluedobbers/files/trash/remo_expand_20140129152606/blocks/remo_expand/editor_config.php on line 2
[06-Jun-2014 01:32:01] PHP Fatal error:  Class 'Loader' not found in /mnt/isilon/web/gluedobbers/files/trash/remo_expand_20140129152606/blocks/remo_expand/editor_image.php on line 7
[06-Jun-2014 02:42:53] PHP Fatal error:  Class 'Config' not found in /mnt/isilon/web/gluedobbers/files/trash/remo_expand_20140129152606/blocks/remo_expand/form_init.php on line 2
[06-Jun-2014 08:55:01] PHP Fatal error:  Class 'Config' not found in /mnt/isilon/web/gluedobbers/files/trash/remo_expand_20140129152606/blocks/remo_expand/editor_config.php on line 2
[06-Jun-2014 08:55:11] PHP Fatal error:  Class 'Config' not found in /mnt/isilon/web/gluedobbers/files/trash/remo_expand_20140129152606/blocks/remo_expand/form_init.php on line 2
[06-Jun-2014 08:59:59] PHP Fatal error:  Class 'Loader' not found in /mnt/isilon/web/gluedobbers/files/trash/remo_expand_20140129152606/blocks/remo_expand/editor_image.php on line 7
[06-Jun-2014 11:50:43] PHP Fatal error:  Class 'Loader' not found in /mnt/isilon/web/gluedobbers/files/trash/remo_expand_20140129152606/blocks/remo_expand/editor_image.php on line 7
[06-Jun-2014 13:33:15] PHP Fatal error:  Class 'Config' not found in /mnt/isilon/web/gluedobbers/files/trash/remo_expand_20140129152606/blocks/remo_expand/editor_config.php on line 2
[09-Jun-2014 00:11:06] PHP Fatal error:  Class 'Config' not found in /mnt/isilon/web/gluedobbers/files/trash/remo_expand_20140129152606/blocks/remo_expand/form_init.php on line 2
[09-Jun-2014 04:56:26] PHP Fatal error:  Class 'Loader' not found in /mnt/isilon/web/gluedobbers/files/trash/remo_expand_20140129152606/blocks/remo_expand/editor_image.php on line 7
[09-Jun-2014 06:16:26] PHP Fatal error:  Class 'Config' not found in /mnt/isilon/web/gluedobbers/files/trash/remo_expand_20140129152606/blocks/remo_expand/editor_config.php on line 2
[17-Jul-2014 02:44:08] PHP Fatal error:  Class 'Config' not found in /mnt/isilon/web/gluedobbers/files/trash/remo_expand_20140129152606/blocks/remo_expand/form_init.php on line 2
[17-Jul-2014 02:44:18] PHP Fatal error:  Class 'Loader' not found in /mnt/isilon/web/gluedobbers/files/trash/remo_expand_20140129152606/blocks/remo_expand/editor_image.php on line 7
[17-Jul-2014 02:47:03] PHP Fatal error:  Class 'Config' not found in /mnt/isilon/web/gluedobbers/files/trash/remo_expand_20140129152606/blocks/remo_expand/editor_config.php on line 2
[17-Jul-2014 09:37:42] PHP Fatal error:  Class 'Config' not found in /mnt/isilon/web/gluedobbers/files/trash/remo_expand_20140129152606/blocks/remo_expand/editor_config.php on line 2
[17-Jul-2014 09:38:23] PHP Fatal error:  Class 'Config' not found in /mnt/isilon/web/gluedobbers/files/trash/remo_expand_20140129152606/blocks/remo_expand/form_init.php on line 2
[17-Jul-2014 09:38:33] PHP Fatal error:  Class 'Loader' not found in /mnt/isilon/web/gluedobbers/files/trash/remo_expand_20140129152606/blocks/remo_expand/editor_image.php on line 7
[17-Jul-2014 15:59:45] PHP Fatal error:  Class 'Loader' not found in /mnt/isilon/web/gluedobbers/files/trash/remo_expand_20140129152606/blocks/remo_expand/editor_image.php on line 7
[17-Jul-2014 15:59:55] PHP Fatal error:  Class 'Config' not found in /mnt/isilon/web/gluedobbers/files/trash/remo_expand_20140129152606/blocks/remo_expand/editor_config.php on line 2
[17-Jul-2014 16:01:44] PHP Fatal error:  Class 'Config' not found in /mnt/isilon/web/gluedobbers/files/trash/remo_expand_20140129152606/blocks/remo_expand/form_init.php on line 2
[17-Jul-2014 22:41:13] PHP Fatal error:  Class 'Loader' not found in /mnt/isilon/web/gluedobbers/files/trash/remo_expand_20140129152606/blocks/remo_expand/editor_image.php on line 7
[17-Jul-2014 22:42:34] PHP Fatal error:  Class 'Config' not found in /mnt/isilon/web/gluedobbers/files/trash/remo_expand_20140129152606/blocks/remo_expand/form_init.php on line 2
[17-Jul-2014 22:43:17] PHP Fatal error:  Class 'Config' not found in /mnt/isilon/web/gluedobbers/files/trash/remo_expand_20140129152606/blocks/remo_expand/editor_config.php on line 2
[30-Dec-2014 21:57:12] PHP Fatal error:  Class 'Config' not found in /mnt/isilon/web/gluedobbers/files/trash/remo_expand_20140129152606/blocks/remo_expand/form_init.php on line 2
[31-Dec-2014 00:16:26] PHP Fatal error:  Class 'Loader' not found in /mnt/isilon/web/gluedobbers/files/trash/remo_expand_20140129152606/blocks/remo_expand/editor_image.php on line 7
[31-Dec-2014 00:17:06] PHP Fatal error:  Class 'Config' not found in /mnt/isilon/web/gluedobbers/files/trash/remo_expand_20140129152606/blocks/remo_expand/editor_config.php on line 2
[28-Jan-2015 23:19:11] PHP Fatal error:  Class 'Config' not found in /mnt/isilon/web/gluedobbers/files/trash/remo_expand_20140129152606/blocks/remo_expand/form_init.php on line 2
[28-Jan-2015 23:19:48] PHP Fatal error:  Class 'Config' not found in /mnt/isilon/web/gluedobbers/files/trash/remo_expand_20140129152606/blocks/remo_expand/editor_config.php on line 2
[28-Jan-2015 23:20:08] PHP Fatal error:  Class 'Loader' not found in /mnt/isilon/web/gluedobbers/files/trash/remo_expand_20140129152606/blocks/remo_expand/editor_image.php on line 7
[29-Jan-2015 06:09:19] PHP Fatal error:  Class 'Config' not found in /mnt/isilon/web/gluedobbers/files/trash/remo_expand_20140129152606/blocks/remo_expand/form_init.php on line 2
[29-Jan-2015 06:09:45] PHP Fatal error:  Class 'Config' not found in /mnt/isilon/web/gluedobbers/files/trash/remo_expand_20140129152606/blocks/remo_expand/editor_config.php on line 2
[29-Jan-2015 06:10:28] PHP Fatal error:  Class 'Loader' not found in /mnt/isilon/web/gluedobbers/files/trash/remo_expand_20140129152606/blocks/remo_expand/editor_image.php on line 7
[29-Jan-2015 12:09:59] PHP Fatal error:  Class 'Config' not found in /mnt/isilon/web/gluedobbers/files/trash/remo_expand_20140129152606/blocks/remo_expand/form_init.php on line 2
[29-Jan-2015 12:10:09] PHP Fatal error:  Class 'Config' not found in /mnt/isilon/web/gluedobbers/files/trash/remo_expand_20140129152606/blocks/remo_expand/editor_config.php on line 2
[29-Jan-2015 12:10:19] PHP Fatal error:  Class 'Loader' not found in /mnt/isilon/web/gluedobbers/files/trash/remo_expand_20140129152606/blocks/remo_expand/editor_image.php on line 7
[29-Jan-2015 18:46:31] PHP Fatal error:  Class 'Config' not found in /mnt/isilon/web/gluedobbers/files/trash/remo_expand_20140129152606/blocks/remo_expand/editor_config.php on line 2
[29-Jan-2015 18:49:32] PHP Fatal error:  Class 'Config' not found in /mnt/isilon/web/gluedobbers/files/trash/remo_expand_20140129152606/blocks/remo_expand/form_init.php on line 2
[29-Jan-2015 18:50:12] PHP Fatal error:  Class 'Loader' not found in /mnt/isilon/web/gluedobbers/files/trash/remo_expand_20140129152606/blocks/remo_expand/editor_image.php on line 7
