[27-May-2015 11:28:18] PHP Fatal error:  Call to undefined function  add_action() in /hsphere/local/home/iain/birrcu.ie/wp-content/themes/CherryFramework/admin/options-framework.php on line 28
[27-May-2015 12:32:50] PHP Fatal error:  Call to undefined function  is_admin() in /hsphere/local/home/iain/birrcu.ie/wp-content/themes/CherryFramework/admin/options-medialibrary-uploader.php on line 9
[27-May-2015 13:27:19] PHP Fatal error:  Call to undefined function  add_filter() in /hsphere/local/home/iain/birrcu.ie/wp-content/themes/CherryFramework/admin/options-sanitize.php on line 7
[29-May-2015 05:20:11] PHP Fatal error:  Call to undefined function  add_action() in /hsphere/local/home/iain/birrcu.ie/wp-content/themes/CherryFramework/admin/options-framework.php on line 28
[29-May-2015 11:28:07] PHP Fatal error:  Call to undefined function  add_action() in /hsphere/local/home/iain/birrcu.ie/wp-content/themes/CherryFramework/admin/options-framework.php on line 28
[29-May-2015 17:55:42] PHP Fatal error:  Call to undefined function  add_filter() in /hsphere/local/home/iain/birrcu.ie/wp-content/themes/CherryFramework/admin/options-sanitize.php on line 7
[29-May-2015 23:02:15] PHP Fatal error:  Call to undefined function  is_admin() in /hsphere/local/home/iain/birrcu.ie/wp-content/themes/CherryFramework/admin/options-medialibrary-uploader.php on line 9
[29-May-2015 23:49:10] PHP Fatal error:  Call to undefined function  add_action() in /hsphere/local/home/iain/birrcu.ie/wp-content/themes/CherryFramework/admin/options-framework.php on line 28
[29-May-2015 23:53:30] PHP Fatal error:  Call to undefined function  add_filter() in /hsphere/local/home/iain/birrcu.ie/wp-content/themes/CherryFramework/admin/options-sanitize.php on line 7
[30-May-2015 05:07:46] PHP Fatal error:  Call to undefined function  add_filter() in /hsphere/local/home/iain/birrcu.ie/wp-content/themes/CherryFramework/admin/options-sanitize.php on line 7
[30-May-2015 06:32:40] PHP Fatal error:  Call to undefined function  is_admin() in /hsphere/local/home/iain/birrcu.ie/wp-content/themes/CherryFramework/admin/options-medialibrary-uploader.php on line 9
[01-Jun-2015 08:05:45] PHP Fatal error:  Call to undefined function  is_admin() in /hsphere/local/home/iain/birrcu.ie/wp-content/themes/CherryFramework/admin/options-medialibrary-uploader.php on line 9
[01-Jun-2015 15:32:26] PHP Fatal error:  Call to undefined function  add_action() in /hsphere/local/home/iain/birrcu.ie/wp-content/themes/CherryFramework/admin/options-framework.php on line 28
[01-Jun-2015 18:20:58] PHP Fatal error:  Call to undefined function  add_filter() in /hsphere/local/home/iain/birrcu.ie/wp-content/themes/CherryFramework/admin/options-sanitize.php on line 7
[02-Jun-2015 01:52:17] PHP Fatal error:  Call to undefined function  add_action() in /hsphere/local/home/iain/birrcu.ie/wp-content/themes/CherryFramework/admin/options-framework.php on line 28
[02-Jun-2015 08:49:26] PHP Fatal error:  Call to undefined function  add_action() in /hsphere/local/home/iain/birrcu.ie/wp-content/themes/CherryFramework/admin/options-framework.php on line 28
[02-Jun-2015 15:39:36] PHP Fatal error:  Call to undefined function  add_filter() in /hsphere/local/home/iain/birrcu.ie/wp-content/themes/CherryFramework/admin/options-sanitize.php on line 7
[02-Jun-2015 15:56:40] PHP Fatal error:  Call to undefined function  add_filter() in /hsphere/local/home/iain/birrcu.ie/wp-content/themes/CherryFramework/admin/options-sanitize.php on line 7
[02-Jun-2015 20:37:00] PHP Fatal error:  Call to undefined function  add_filter() in /hsphere/local/home/iain/birrcu.ie/wp-content/themes/CherryFramework/admin/options-sanitize.php on line 7
[04-Jun-2015 04:04:06] PHP Fatal error:  Call to undefined function  is_admin() in /hsphere/local/home/iain/birrcu.ie/wp-content/themes/CherryFramework/admin/options-medialibrary-uploader.php on line 9
[04-Jun-2015 04:06:06] PHP Fatal error:  Call to undefined function  add_action() in /hsphere/local/home/iain/birrcu.ie/wp-content/themes/CherryFramework/admin/options-framework.php on line 28
[04-Jun-2015 04:08:59] PHP Fatal error:  Call to undefined function  add_filter() in /hsphere/local/home/iain/birrcu.ie/wp-content/themes/CherryFramework/admin/options-sanitize.php on line 7
[25-Jun-2015 01:05:34] PHP Fatal error:  Call to undefined function  add_action() in /hsphere/local/home/iain/birrcu.ie/wp-content/themes/CherryFramework/admin/options-framework.php on line 28
[25-Jun-2015 07:18:28] PHP Fatal error:  Call to undefined function  add_action() in /hsphere/local/home/iain/birrcu.ie/wp-content/themes/CherryFramework/admin/options-framework.php on line 28
[20-Nov-2015 07:26:07 UTC] PHP Fatal error:  Call to undefined function add_filter() in /hsphere/local/home/iain/birrcu.ie/wp-content/themes/CherryFramework/admin/options-sanitize.php on line 7
[21-Nov-2015 10:17:20 UTC] PHP Fatal error:  Call to undefined function add_filter() in /hsphere/local/home/iain/birrcu.ie/wp-content/themes/CherryFramework/admin/options-sanitize.php on line 7
[24-Nov-2015 14:36:41 UTC] PHP Fatal error:  Call to undefined function add_action() in /hsphere/local/home/iain/birrcu.ie/wp-content/themes/CherryFramework/admin/options-framework.php on line 28
[24-Nov-2015 21:09:22 UTC] PHP Fatal error:  Call to undefined function is_admin() in /hsphere/local/home/iain/birrcu.ie/wp-content/themes/CherryFramework/admin/options-medialibrary-uploader.php on line 9
[25-Nov-2015 13:08:50 UTC] PHP Fatal error:  Call to undefined function add_action() in /hsphere/local/home/iain/birrcu.ie/wp-content/themes/CherryFramework/admin/options-framework.php on line 28
[29-Nov-2015 22:03:15 UTC] PHP Fatal error:  Call to undefined function is_admin() in /hsphere/local/home/iain/birrcu.ie/wp-content/themes/CherryFramework/admin/options-medialibrary-uploader.php on line 9
[10-Jan-2016 09:08:14 UTC] PHP Fatal error:  Call to undefined function add_action() in /hsphere/local/home/iain/birrcu.ie/wp-content/themes/CherryFramework/admin/options-framework.php on line 28
[10-Jan-2016 09:08:14 UTC] PHP Fatal error:  Call to undefined function is_admin() in /hsphere/local/home/iain/birrcu.ie/wp-content/themes/CherryFramework/admin/options-medialibrary-uploader.php on line 9
[10-Jan-2016 09:08:15 UTC] PHP Fatal error:  Call to undefined function add_filter() in /hsphere/local/home/iain/birrcu.ie/wp-content/themes/CherryFramework/admin/options-sanitize.php on line 7
[08-Feb-2016 19:40:54 UTC] PHP Fatal error:  Call to undefined function add_action() in /hsphere/local/home/iain/birrcu.ie/wp-content/themes/CherryFramework/admin/options-framework.php on line 28
[09-Feb-2016 01:16:55 UTC] PHP Fatal error:  Call to undefined function add_action() in /hsphere/local/home/iain/birrcu.ie/wp-content/themes/CherryFramework/admin/options-framework.php on line 28
[09-Feb-2016 07:10:10 UTC] PHP Fatal error:  Call to undefined function add_action() in /hsphere/local/home/iain/birrcu.ie/wp-content/themes/CherryFramework/admin/options-framework.php on line 28
[09-Feb-2016 12:59:44 UTC] PHP Fatal error:  Call to undefined function add_action() in /hsphere/local/home/iain/birrcu.ie/wp-content/themes/CherryFramework/admin/options-framework.php on line 28
[10-Feb-2016 09:17:26 UTC] PHP Fatal error:  Call to undefined function add_action() in /hsphere/local/home/iain/birrcu.ie/wp-content/themes/CherryFramework/admin/options-framework.php on line 28
[10-Feb-2016 09:28:37 UTC] PHP Fatal error:  Call to undefined function is_admin() in /hsphere/local/home/iain/birrcu.ie/wp-content/themes/CherryFramework/admin/options-medialibrary-uploader.php on line 9
[10-Feb-2016 16:30:31 UTC] PHP Fatal error:  Call to undefined function add_filter() in /hsphere/local/home/iain/birrcu.ie/wp-content/themes/CherryFramework/admin/options-sanitize.php on line 7
[10-Feb-2016 16:59:36 UTC] PHP Fatal error:  Call to undefined function is_admin() in /hsphere/local/home/iain/birrcu.ie/wp-content/themes/CherryFramework/admin/options-medialibrary-uploader.php on line 9
[10-Feb-2016 22:47:56 UTC] PHP Fatal error:  Call to undefined function add_filter() in /hsphere/local/home/iain/birrcu.ie/wp-content/themes/CherryFramework/admin/options-sanitize.php on line 7
[11-Feb-2016 02:10:16 UTC] PHP Fatal error:  Call to undefined function is_admin() in /hsphere/local/home/iain/birrcu.ie/wp-content/themes/CherryFramework/admin/options-medialibrary-uploader.php on line 9
[11-Feb-2016 05:36:16 UTC] PHP Fatal error:  Call to undefined function add_filter() in /hsphere/local/home/iain/birrcu.ie/wp-content/themes/CherryFramework/admin/options-sanitize.php on line 7
[11-Feb-2016 08:40:17 UTC] PHP Fatal error:  Call to undefined function is_admin() in /hsphere/local/home/iain/birrcu.ie/wp-content/themes/CherryFramework/admin/options-medialibrary-uploader.php on line 9
[11-Feb-2016 11:15:54 UTC] PHP Fatal error:  Call to undefined function add_filter() in /hsphere/local/home/iain/birrcu.ie/wp-content/themes/CherryFramework/admin/options-sanitize.php on line 7
[12-Feb-2016 02:41:34 UTC] PHP Fatal error:  Call to undefined function add_filter() in /hsphere/local/home/iain/birrcu.ie/wp-content/themes/CherryFramework/admin/options-sanitize.php on line 7
[10-Sep-2016 07:37:13 Europe/Dublin] PHP Fatal error:  Call to undefined function add_action() in /hsphere/local/home/iain/birrcu.ie/wp-content/themes/CherryFramework/admin/options-framework.php on line 28
[10-Sep-2016 22:28:31 Europe/Dublin] PHP Fatal error:  Call to undefined function add_action() in /hsphere/local/home/iain/birrcu.ie/wp-content/themes/CherryFramework/admin/options-framework.php on line 28
[10-Sep-2016 22:28:36 Europe/Dublin] PHP Fatal error:  Call to undefined function add_filter() in /hsphere/local/home/iain/birrcu.ie/wp-content/themes/CherryFramework/admin/options-sanitize.php on line 7
[15-Sep-2016 05:15:58 Europe/Dublin] PHP Fatal error:  Call to undefined function add_filter() in /hsphere/local/home/iain/birrcu.ie/wp-content/themes/CherryFramework/admin/options-sanitize.php on line 7
[27-Sep-2016 08:12:50 Europe/Dublin] PHP Fatal error:  Call to undefined function add_action() in /hsphere/local/home/iain/birrcu.ie/wp-content/themes/CherryFramework/admin/options-framework.php on line 28
[17-Oct-2016 23:54:09 Europe/Dublin] PHP Fatal error:  Call to undefined function add_action() in /hsphere/local/home/iain/birrcu.ie/wp-content/themes/CherryFramework/admin/options-framework.php on line 28
[18-Oct-2016 15:31:59 Europe/Dublin] PHP Fatal error:  Call to undefined function add_filter() in /hsphere/local/home/iain/birrcu.ie/wp-content/themes/CherryFramework/admin/options-sanitize.php on line 7
[18-Oct-2016 15:32:01 Europe/Dublin] PHP Fatal error:  Call to undefined function add_filter() in /hsphere/local/home/iain/birrcu.ie/wp-content/themes/CherryFramework/admin/options-sanitize.php on line 7
[18-Oct-2016 15:32:05 Europe/Dublin] PHP Fatal error:  Call to undefined function add_filter() in /hsphere/local/home/iain/birrcu.ie/wp-content/themes/CherryFramework/admin/options-sanitize.php on line 7
[18-Nov-2016 17:02:41 UTC] PHP Fatal error:  Call to undefined function add_action() in /hsphere/local/home/iain/birrcu.ie/wp-content/themes/CherryFramework/admin/options-framework.php on line 28
[18-Nov-2016 17:02:42 UTC] PHP Fatal error:  Call to undefined function add_filter() in /hsphere/local/home/iain/birrcu.ie/wp-content/themes/CherryFramework/admin/options-sanitize.php on line 7
[18-Nov-2016 17:02:42 UTC] PHP Fatal error:  Call to undefined function is_admin() in /hsphere/local/home/iain/birrcu.ie/wp-content/themes/CherryFramework/admin/options-medialibrary-uploader.php on line 9
[14-Jan-2017 01:24:58 UTC] PHP Fatal error:  Call to undefined function add_action() in /hsphere/local/home/iain/birrcu.ie/wp-content/themes/CherryFramework/admin/options-framework.php on line 28
[01-Apr-2017 16:27:24 Europe/Dublin] PHP Fatal error:  Call to undefined function is_admin() in /hsphere/local/home/iain/birrcu.ie/wp-content/themes/CherryFramework/admin/options-medialibrary-uploader.php on line 9
[04-Apr-2017 19:27:32 Europe/Dublin] PHP Fatal error:  Call to undefined function add_action() in /hsphere/local/home/iain/birrcu.ie/wp-content/themes/CherryFramework/admin/options-framework.php on line 28
[05-Apr-2017 10:48:33 Europe/Dublin] PHP Fatal error:  Call to undefined function is_admin() in /hsphere/local/home/iain/birrcu.ie/wp-content/themes/CherryFramework/admin/options-medialibrary-uploader.php on line 9
[10-Apr-2017 21:47:27 Europe/Dublin] PHP Fatal error:  Call to undefined function is_admin() in /hsphere/local/home/iain/birrcu.ie/wp-content/themes/CherryFramework/admin/options-medialibrary-uploader.php on line 9
[10-Apr-2017 21:47:50 Europe/Dublin] PHP Fatal error:  Call to undefined function is_admin() in /hsphere/local/home/iain/birrcu.ie/wp-content/themes/CherryFramework/admin/options-medialibrary-uploader.php on line 9
[10-Apr-2017 21:47:55 Europe/Dublin] PHP Fatal error:  Call to undefined function is_admin() in /hsphere/local/home/iain/birrcu.ie/wp-content/themes/CherryFramework/admin/options-medialibrary-uploader.php on line 9
[10-Apr-2017 21:48:02 Europe/Dublin] PHP Fatal error:  Call to undefined function is_admin() in /hsphere/local/home/iain/birrcu.ie/wp-content/themes/CherryFramework/admin/options-medialibrary-uploader.php on line 9
[10-Apr-2017 21:48:32 Europe/Dublin] PHP Fatal error:  Call to undefined function is_admin() in /hsphere/local/home/iain/birrcu.ie/wp-content/themes/CherryFramework/admin/options-medialibrary-uploader.php on line 9
[16-Apr-2017 07:56:07 Europe/Dublin] PHP Fatal error:  Call to undefined function is_admin() in /hsphere/local/home/iain/birrcu.ie/wp-content/themes/CherryFramework/admin/options-medialibrary-uploader.php on line 9
[18-Apr-2017 19:39:19 Europe/Dublin] PHP Fatal error:  Call to undefined function add_filter() in /hsphere/local/home/iain/birrcu.ie/wp-content/themes/CherryFramework/admin/options-sanitize.php on line 7
[25-Apr-2017 17:52:13 Europe/Dublin] PHP Fatal error:  Call to undefined function add_action() in /hsphere/local/home/iain/birrcu.ie/wp-content/themes/CherryFramework/admin/options-framework.php on line 28
[26-Apr-2017 01:55:33 Europe/Dublin] PHP Fatal error:  Call to undefined function add_action() in /hsphere/local/home/iain/birrcu.ie/wp-content/themes/CherryFramework/admin/options-framework.php on line 28
[26-Apr-2017 07:50:11 Europe/Dublin] PHP Fatal error:  Call to undefined function add_action() in /hsphere/local/home/iain/birrcu.ie/wp-content/themes/CherryFramework/admin/options-framework.php on line 28
[26-Apr-2017 14:12:23 Europe/Dublin] PHP Fatal error:  Call to undefined function add_action() in /hsphere/local/home/iain/birrcu.ie/wp-content/themes/CherryFramework/admin/options-framework.php on line 28
[27-Apr-2017 18:37:02 Europe/Dublin] PHP Fatal error:  Call to undefined function is_admin() in /hsphere/local/home/iain/birrcu.ie/wp-content/themes/CherryFramework/admin/options-medialibrary-uploader.php on line 9
[28-Apr-2017 02:30:35 Europe/Dublin] PHP Fatal error:  Call to undefined function is_admin() in /hsphere/local/home/iain/birrcu.ie/wp-content/themes/CherryFramework/admin/options-medialibrary-uploader.php on line 9
[28-Apr-2017 10:33:26 Europe/Dublin] PHP Fatal error:  Call to undefined function is_admin() in /hsphere/local/home/iain/birrcu.ie/wp-content/themes/CherryFramework/admin/options-medialibrary-uploader.php on line 9
[29-Apr-2017 02:46:18 Europe/Dublin] PHP Fatal error:  Call to undefined function is_admin() in /hsphere/local/home/iain/birrcu.ie/wp-content/themes/CherryFramework/admin/options-medialibrary-uploader.php on line 9
[10-May-2017 04:17:34 Europe/Dublin] PHP Fatal error:  Call to undefined function add_action() in /hsphere/local/home/iain/birrcu.ie/wp-content/themes/CherryFramework/admin/options-framework.php on line 28
[10-May-2017 04:57:05 Europe/Dublin] PHP Fatal error:  Call to undefined function add_filter() in /hsphere/local/home/iain/birrcu.ie/wp-content/themes/CherryFramework/admin/options-sanitize.php on line 7
[08-Sep-2017 00:53:07 Europe/Dublin] PHP Fatal error:  Call to undefined function add_filter() in /hsphere/local/home/iain/birrcu.ie/wp-content/themes/CherryFramework/admin/options-sanitize.php on line 7
[09-Sep-2017 23:12:31 Europe/Dublin] PHP Fatal error:  Call to undefined function add_filter() in /hsphere/local/home/iain/birrcu.ie/wp-content/themes/CherryFramework/admin/options-sanitize.php on line 7
[09-Sep-2017 23:16:17 Europe/Dublin] PHP Fatal error:  Call to undefined function is_admin() in /hsphere/local/home/iain/birrcu.ie/wp-content/themes/CherryFramework/admin/options-medialibrary-uploader.php on line 9
[10-Sep-2017 14:40:02 Europe/Dublin] PHP Fatal error:  Call to undefined function add_action() in /hsphere/local/home/iain/birrcu.ie/wp-content/themes/CherryFramework/admin/options-framework.php on line 28
[11-Sep-2017 12:50:14 Europe/Dublin] PHP Fatal error:  Call to undefined function is_admin() in /hsphere/local/home/iain/birrcu.ie/wp-content/themes/CherryFramework/admin/options-medialibrary-uploader.php on line 9
[11-Sep-2017 17:23:12 Europe/Dublin] PHP Fatal error:  Call to undefined function add_action() in /hsphere/local/home/iain/birrcu.ie/wp-content/themes/CherryFramework/admin/options-framework.php on line 28
[03-Oct-2017 14:14:35 Europe/Dublin] PHP Fatal error:  Call to undefined function is_admin() in /hsphere/local/home/iain/birrcu.ie/wp-content/themes/CherryFramework/admin/options-medialibrary-uploader.php on line 9
[21-Oct-2017 17:05:34 Europe/Dublin] PHP Fatal error:  Call to undefined function add_filter() in /hsphere/local/home/iain/birrcu.ie/wp-content/themes/CherryFramework/admin/options-sanitize.php on line 7
[21-Oct-2017 17:05:55 Europe/Dublin] PHP Fatal error:  Call to undefined function add_action() in /hsphere/local/home/iain/birrcu.ie/wp-content/themes/CherryFramework/admin/options-framework.php on line 28
[21-Oct-2017 17:15:39 Europe/Dublin] PHP Fatal error:  Call to undefined function is_admin() in /hsphere/local/home/iain/birrcu.ie/wp-content/themes/CherryFramework/admin/options-medialibrary-uploader.php on line 9
[22-Oct-2017 02:02:00 Europe/Dublin] PHP Fatal error:  Call to undefined function add_filter() in /hsphere/local/home/iain/birrcu.ie/wp-content/themes/CherryFramework/admin/options-sanitize.php on line 7
[22-Oct-2017 02:09:50 Europe/Dublin] PHP Fatal error:  Call to undefined function add_action() in /hsphere/local/home/iain/birrcu.ie/wp-content/themes/CherryFramework/admin/options-framework.php on line 28
[22-Oct-2017 02:17:42 Europe/Dublin] PHP Fatal error:  Call to undefined function is_admin() in /hsphere/local/home/iain/birrcu.ie/wp-content/themes/CherryFramework/admin/options-medialibrary-uploader.php on line 9
[22-Oct-2017 05:17:16 Europe/Dublin] PHP Fatal error:  Call to undefined function is_admin() in /hsphere/local/home/iain/birrcu.ie/wp-content/themes/CherryFramework/admin/options-medialibrary-uploader.php on line 9
[22-Oct-2017 07:48:35 Europe/Dublin] PHP Fatal error:  Call to undefined function add_filter() in /hsphere/local/home/iain/birrcu.ie/wp-content/themes/CherryFramework/admin/options-sanitize.php on line 7
[22-Oct-2017 13:13:58 Europe/Dublin] PHP Fatal error:  Call to undefined function add_filter() in /hsphere/local/home/iain/birrcu.ie/wp-content/themes/CherryFramework/admin/options-sanitize.php on line 7
[22-Oct-2017 14:25:51 Europe/Dublin] PHP Fatal error:  Call to undefined function add_action() in /hsphere/local/home/iain/birrcu.ie/wp-content/themes/CherryFramework/admin/options-framework.php on line 28
[23-Oct-2017 08:16:31 Europe/Dublin] PHP Fatal error:  Call to undefined function add_filter() in /hsphere/local/home/iain/birrcu.ie/wp-content/themes/CherryFramework/admin/options-sanitize.php on line 7
[23-Oct-2017 09:05:43 Europe/Dublin] PHP Fatal error:  Call to undefined function add_action() in /hsphere/local/home/iain/birrcu.ie/wp-content/themes/CherryFramework/admin/options-framework.php on line 28
[23-Oct-2017 09:35:59 Europe/Dublin] PHP Fatal error:  Call to undefined function is_admin() in /hsphere/local/home/iain/birrcu.ie/wp-content/themes/CherryFramework/admin/options-medialibrary-uploader.php on line 9
