[2013-06-03 09:27:16] (ERROR @ /index.php) `id` is not a valid integer and may not be passed to makeUrl()
[2013-06-03 09:28:51] (ERROR @ /index.php) `id` is not a valid integer and may not be passed to makeUrl()
[2013-06-03 09:33:12] (ERROR @ /index.php) `id` is not a valid integer and may not be passed to makeUrl()
[2013-06-03 09:34:03] (ERROR @ /index.php) `id` is not a valid integer and may not be passed to makeUrl()
[2013-06-03 09:40:17] (ERROR @ /index.php) `id` is not a valid integer and may not be passed to makeUrl()
[2013-12-06 11:08:47] (ERROR @ /index.php) `id` is not a valid integer and may not be passed to makeUrl()
[2013-12-06 11:10:30] (ERROR @ /index.php) `id` is not a valid integer and may not be passed to makeUrl()
[2013-12-06 11:10:30] (ERROR @ /index.php) `id` is not a valid integer and may not be passed to makeUrl()
[2013-12-06 11:11:13] (ERROR @ /index.php) `id` is not a valid integer and may not be passed to makeUrl()
[2013-12-06 11:11:37] (ERROR @ /index.php) `id` is not a valid integer and may not be passed to makeUrl()
[2013-12-06 11:11:48] (ERROR @ /index.php) `id` is not a valid integer and may not be passed to makeUrl()
[2013-12-06 12:11:41] (ERROR @ /manager/index.php) Error 23000 executing statement:
INSERT INTO `modx_register_messages` (`topic`, `id`, `created`, `valid`, `accesses`, `expires`, `payload`, `kill`) VALUES (1, 'e4da3b7fbbce2345d7772b0674a318d5', '2013-12-06 12:11:41', '2013-12-06 12:11:41', 0, 1386357461, 'if (time() > 1386357461) return null;\nreturn 1;\n', 0)
Array
(
    [0] => 23000
    [1] => 1062
    [2] => Duplicate entry '1-e4da3b7fbbce2345d7772b0674a318d5' for key 'PRIMARY'
)

[2013-12-06 12:11:41] (ERROR @ /manager/index.php) Could not send message to queue 1, topic /resource/. Message payload is Array
(
    [e4da3b7fbbce2345d7772b0674a318d5] => 1
)

[2013-12-06 15:39:59] (ERROR @ /index.php) `id` is not a valid integer and may not be passed to makeUrl()
[2013-12-10 12:09:56] (ERROR @ /index.php) `id` is not a valid integer and may not be passed to makeUrl()
[2013-12-10 12:11:13] (ERROR @ /index.php) `id` is not a valid integer and may not be passed to makeUrl()
[2013-12-10 12:12:49] (ERROR @ /index.php) `id` is not a valid integer and may not be passed to makeUrl()
[2013-12-10 12:16:13] (ERROR @ /index.php) `id` is not a valid integer and may not be passed to makeUrl()
[2013-12-10 16:25:24] (ERROR @ /index.php) `id` is not a valid integer and may not be passed to makeUrl()
[2013-12-11 08:38:08] (ERROR @ /index.php) `id` is not a valid integer and may not be passed to makeUrl()
[2013-12-11 08:41:25] (ERROR @ /index.php) `id` is not a valid integer and may not be passed to makeUrl()
[2013-12-11 09:30:51] (ERROR @ /index.php) `id` is not a valid integer and may not be passed to makeUrl()
[2013-12-11 09:32:56] (ERROR @ /index.php) `id` is not a valid integer and may not be passed to makeUrl()
[2013-12-11 10:25:41] (ERROR @ /index.php) `id` is not a valid integer and may not be passed to makeUrl()
[2013-12-11 11:18:36] (ERROR @ /index.php) `id` is not a valid integer and may not be passed to makeUrl()
[2013-12-16 20:47:49] (ERROR @ /index.php) `id` is not a valid integer and may not be passed to makeUrl()
[2013-12-17 08:28:53] (ERROR @ /index.php) `id` is not a valid integer and may not be passed to makeUrl()
[2013-12-17 08:36:16] (ERROR @ /index.php) `id` is not a valid integer and may not be passed to makeUrl()
[2013-12-17 08:40:05] (ERROR @ /index.php) `id` is not a valid integer and may not be passed to makeUrl()
[2013-12-17 08:40:58] (ERROR @ /index.php) `id` is not a valid integer and may not be passed to makeUrl()
[2013-12-17 08:43:18] (ERROR @ /index.php) `id` is not a valid integer and may not be passed to makeUrl()
[2013-12-18 09:19:56] (ERROR @ /index.php) `id` is not a valid integer and may not be passed to makeUrl()
[2013-12-18 11:12:08] (ERROR @ /index.php) `id` is not a valid integer and may not be passed to makeUrl()
[2013-12-18 11:24:37] (ERROR @ /index.php) `id` is not a valid integer and may not be passed to makeUrl()
[2013-12-18 11:26:54] (ERROR @ /index.php) `id` is not a valid integer and may not be passed to makeUrl()
[2013-12-18 11:29:33] (ERROR @ /index.php) `id` is not a valid integer and may not be passed to makeUrl()
[2013-12-18 11:34:41] (ERROR @ /index.php) `id` is not a valid integer and may not be passed to makeUrl()
[2013-12-18 12:13:51] (ERROR @ /index.php) `id` is not a valid integer and may not be passed to makeUrl()
[2013-12-18 13:06:51] (ERROR @ /index.php) `id` is not a valid integer and may not be passed to makeUrl()
[2013-12-29 18:30:15] (ERROR @ /index.php) `id` is not a valid integer and may not be passed to makeUrl()
