[30-May-2016 13:02:26] PHP Fatal error:  Class 'WP_Import' not found in /var/www/www.promede.com/docs/wp-content/themes/promede/framework/php/wordpress-importer/avia-import-class.php on line 3
[30-May-2016 21:17:03] PHP Fatal error:  Class 'WP_Import' not found in /var/www/www.promede.com/docs/wp-content/themes/promede/framework/php/wordpress-importer/avia-import-class.php on line 3
[31-May-2016 02:51:17] PHP Fatal error:  Class 'WP_Import' not found in /var/www/www.promede.com/docs/wp-content/themes/promede/framework/php/wordpress-importer/avia-import-class.php on line 3
[31-May-2016 06:45:27] PHP Fatal error:  Class 'WP_Import' not found in /var/www/www.promede.com/docs/wp-content/themes/promede/framework/php/wordpress-importer/avia-import-class.php on line 3
[01-Jun-2016 12:42:12] PHP Fatal error:  Class 'WP_Import' not found in /var/www/www.promede.com/docs/wp-content/themes/promede/framework/php/wordpress-importer/avia-import-class.php on line 3
[04-Jun-2016 23:33:32] PHP Fatal error:  Class 'WP_Import' not found in /var/www/www.promede.com/docs/wp-content/themes/promede/framework/php/wordpress-importer/avia-import-class.php on line 3
[11-Jun-2016 10:23:04] PHP Fatal error:  Class 'WP_Import' not found in /var/www/www.promede.com/docs/wp-content/themes/promede/framework/php/wordpress-importer/avia-import-class.php on line 3
[16-Jul-2016 11:05:37] PHP Fatal error:  Class 'WP_Import' not found in /var/www/www.promede.com/docs/wp-content/themes/promede/framework/php/wordpress-importer/avia-import-class.php on line 3
[16-Jul-2016 18:45:31] PHP Fatal error:  Class 'WP_Import' not found in /var/www/www.promede.com/docs/wp-content/themes/promede/framework/php/wordpress-importer/avia-import-class.php on line 3
[17-Jul-2016 00:52:51] PHP Fatal error:  Class 'WP_Import' not found in /var/www/www.promede.com/docs/wp-content/themes/promede/framework/php/wordpress-importer/avia-import-class.php on line 3
[17-Jul-2016 06:48:57] PHP Fatal error:  Class 'WP_Import' not found in /var/www/www.promede.com/docs/wp-content/themes/promede/framework/php/wordpress-importer/avia-import-class.php on line 3
[16-Aug-2016 22:47:00] PHP Fatal error:  Class 'WP_Import' not found in /var/www/www.promede.com/docs/wp-content/themes/promede/framework/php/wordpress-importer/avia-import-class.php on line 3
[17-Aug-2016 06:21:42] PHP Fatal error:  Class 'WP_Import' not found in /var/www/www.promede.com/docs/wp-content/themes/promede/framework/php/wordpress-importer/avia-import-class.php on line 3
[17-Aug-2016 15:12:11] PHP Fatal error:  Class 'WP_Import' not found in /var/www/www.promede.com/docs/wp-content/themes/promede/framework/php/wordpress-importer/avia-import-class.php on line 3
[17-Aug-2016 18:59:37] PHP Fatal error:  Class 'WP_Import' not found in /var/www/www.promede.com/docs/wp-content/themes/promede/framework/php/wordpress-importer/avia-import-class.php on line 3
[14-Oct-2016 08:19:21] PHP Fatal error:  Class 'WP_Import' not found in /var/www/www.promede.com/docs/wp-content/themes/promede/framework/php/wordpress-importer/avia-import-class.php on line 3
[14-Oct-2016 15:08:46] PHP Fatal error:  Class 'WP_Import' not found in /var/www/www.promede.com/docs/wp-content/themes/promede/framework/php/wordpress-importer/avia-import-class.php on line 3
[14-Oct-2016 21:33:16] PHP Fatal error:  Class 'WP_Import' not found in /var/www/www.promede.com/docs/wp-content/themes/promede/framework/php/wordpress-importer/avia-import-class.php on line 3
[15-Oct-2016 04:02:39] PHP Fatal error:  Class 'WP_Import' not found in /var/www/www.promede.com/docs/wp-content/themes/promede/framework/php/wordpress-importer/avia-import-class.php on line 3
[30-Dec-2016 09:51:06] PHP Fatal error:  Class 'WP_Import' not found in /var/www/www.promede.com/docs/wp-content/themes/promede/framework/php/wordpress-importer/avia-import-class.php on line 3
[30-Dec-2016 16:34:44] PHP Fatal error:  Class 'WP_Import' not found in /var/www/www.promede.com/docs/wp-content/themes/promede/framework/php/wordpress-importer/avia-import-class.php on line 3
[30-Dec-2016 22:56:05] PHP Fatal error:  Class 'WP_Import' not found in /var/www/www.promede.com/docs/wp-content/themes/promede/framework/php/wordpress-importer/avia-import-class.php on line 3
[31-Dec-2016 04:35:10] PHP Fatal error:  Class 'WP_Import' not found in /var/www/www.promede.com/docs/wp-content/themes/promede/framework/php/wordpress-importer/avia-import-class.php on line 3
[31-Dec-2016 10:56:43] PHP Fatal error:  Class 'WP_Import' not found in /var/www/www.promede.com/docs/wp-content/themes/promede/framework/php/wordpress-importer/avia-import-class.php on line 3
[23-Jan-2017 04:18:21] PHP Fatal error:  Class 'WP_Import' not found in /var/www/www.promede.com/docs/wp-content/themes/promede/framework/php/wordpress-importer/avia-import-class.php on line 3
[23-Jan-2017 16:52:54] PHP Fatal error:  Class 'WP_Import' not found in /var/www/www.promede.com/docs/wp-content/themes/promede/framework/php/wordpress-importer/avia-import-class.php on line 3
[24-Jan-2017 00:20:09] PHP Fatal error:  Class 'WP_Import' not found in /var/www/www.promede.com/docs/wp-content/themes/promede/framework/php/wordpress-importer/avia-import-class.php on line 3
[22-Apr-2017 16:06:41] PHP Fatal error:  Class 'WP_Import' not found in /var/www/www.promede.com/docs/wp-content/themes/promede/framework/php/wordpress-importer/avia-import-class.php on line 3
[09-May-2017 22:51:21] PHP Fatal error:  Class 'WP_Import' not found in /var/www/www.promede.com/docs/wp-content/themes/promede/framework/php/wordpress-importer/avia-import-class.php on line 3
[10-May-2017 12:47:43] PHP Fatal error:  Class 'WP_Import' not found in /var/www/www.promede.com/docs/wp-content/themes/promede/framework/php/wordpress-importer/avia-import-class.php on line 3
[11-May-2017 01:16:09] PHP Fatal error:  Class 'WP_Import' not found in /var/www/www.promede.com/docs/wp-content/themes/promede/framework/php/wordpress-importer/avia-import-class.php on line 3
[12-May-2017 04:59:54] PHP Fatal error:  Class 'WP_Import' not found in /var/www/www.promede.com/docs/wp-content/themes/promede/framework/php/wordpress-importer/avia-import-class.php on line 3
[28-May-2017 13:39:31] PHP Fatal error:  Class 'WP_Import' not found in /var/www/www.promede.com/docs/wp-content/themes/promede/framework/php/wordpress-importer/avia-import-class.php on line 3
[28-May-2017 21:47:54] PHP Fatal error:  Class 'WP_Import' not found in /var/www/www.promede.com/docs/wp-content/themes/promede/framework/php/wordpress-importer/avia-import-class.php on line 3
[29-May-2017 03:28:50] PHP Fatal error:  Class 'WP_Import' not found in /var/www/www.promede.com/docs/wp-content/themes/promede/framework/php/wordpress-importer/avia-import-class.php on line 3
[29-May-2017 09:40:08] PHP Fatal error:  Class 'WP_Import' not found in /var/www/www.promede.com/docs/wp-content/themes/promede/framework/php/wordpress-importer/avia-import-class.php on line 3
[02-Jul-2017 19:49:13] PHP Fatal error:  Class 'WP_Import' not found in /var/www/www.promede.com/docs/wp-content/themes/promede/framework/php/wordpress-importer/avia-import-class.php on line 3
[11-Aug-2017 06:38:48] PHP Fatal error:  Class 'WP_Import' not found in /var/www/www.promede.com/docs/wp-content/themes/promede/framework/php/wordpress-importer/avia-import-class.php on line 3
[22-Sep-2017 03:20:17] PHP Fatal error:  Class 'WP_Import' not found in /var/www/www.promede.com/docs/wp-content/themes/promede/framework/php/wordpress-importer/avia-import-class.php on line 3
[02-Oct-2017 07:00:28] PHP Fatal error:  Class 'WP_Import' not found in /var/www/www.promede.com/docs/wp-content/themes/promede/framework/php/wordpress-importer/avia-import-class.php on line 3
[02-Oct-2017 20:54:02] PHP Fatal error:  Class 'WP_Import' not found in /var/www/www.promede.com/docs/wp-content/themes/promede/framework/php/wordpress-importer/avia-import-class.php on line 3
[03-Oct-2017 12:48:22] PHP Fatal error:  Class 'WP_Import' not found in /var/www/www.promede.com/docs/wp-content/themes/promede/framework/php/wordpress-importer/avia-import-class.php on line 3
[13-Oct-2017 03:59:33] PHP Fatal error:  Class 'WP_Import' not found in /var/www/www.promede.com/docs/wp-content/themes/promede/framework/php/wordpress-importer/avia-import-class.php on line 3
[13-Oct-2017 09:37:49] PHP Fatal error:  Class 'WP_Import' not found in /var/www/www.promede.com/docs/wp-content/themes/promede/framework/php/wordpress-importer/avia-import-class.php on line 3
[13-Oct-2017 12:39:23] PHP Fatal error:  Class 'WP_Import' not found in /var/www/www.promede.com/docs/wp-content/themes/promede/framework/php/wordpress-importer/avia-import-class.php on line 3
[13-Oct-2017 18:39:18] PHP Fatal error:  Class 'WP_Import' not found in /var/www/www.promede.com/docs/wp-content/themes/promede/framework/php/wordpress-importer/avia-import-class.php on line 3
[14-Oct-2017 00:36:02] PHP Fatal error:  Class 'WP_Import' not found in /var/www/www.promede.com/docs/wp-content/themes/promede/framework/php/wordpress-importer/avia-import-class.php on line 3
[14-Oct-2017 03:29:18] PHP Fatal error:  Class 'WP_Import' not found in /var/www/www.promede.com/docs/wp-content/themes/promede/framework/php/wordpress-importer/avia-import-class.php on line 3
[29-Oct-2017 20:10:31] PHP Fatal error:  Class 'WP_Import' not found in /var/www/www.promede.com/docs/wp-content/themes/promede/framework/php/wordpress-importer/avia-import-class.php on line 3
[19-Dec-2017 16:06:40] PHP Fatal error:  Class 'WP_Import' not found in /var/www/www.promede.com/docs/wp-content/themes/promede/framework/php/wordpress-importer/avia-import-class.php on line 3
[20-Dec-2017 01:53:10] PHP Fatal error:  Class 'WP_Import' not found in /var/www/www.promede.com/docs/wp-content/themes/promede/framework/php/wordpress-importer/avia-import-class.php on line 3
[20-Dec-2017 06:59:00] PHP Fatal error:  Class 'WP_Import' not found in /var/www/www.promede.com/docs/wp-content/themes/promede/framework/php/wordpress-importer/avia-import-class.php on line 3
[20-Dec-2017 13:04:35] PHP Fatal error:  Class 'WP_Import' not found in /var/www/www.promede.com/docs/wp-content/themes/promede/framework/php/wordpress-importer/avia-import-class.php on line 3
[20-Dec-2017 18:59:00] PHP Fatal error:  Class 'WP_Import' not found in /var/www/www.promede.com/docs/wp-content/themes/promede/framework/php/wordpress-importer/avia-import-class.php on line 3
[21-Dec-2017 08:00:45] PHP Fatal error:  Class 'WP_Import' not found in /var/www/www.promede.com/docs/wp-content/themes/promede/framework/php/wordpress-importer/avia-import-class.php on line 3
[21-Dec-2017 14:54:51] PHP Fatal error:  Class 'WP_Import' not found in /var/www/www.promede.com/docs/wp-content/themes/promede/framework/php/wordpress-importer/avia-import-class.php on line 3
[21-Dec-2017 20:47:46] PHP Fatal error:  Class 'WP_Import' not found in /var/www/www.promede.com/docs/wp-content/themes/promede/framework/php/wordpress-importer/avia-import-class.php on line 3
[22-Dec-2017 02:50:21] PHP Fatal error:  Class 'WP_Import' not found in /var/www/www.promede.com/docs/wp-content/themes/promede/framework/php/wordpress-importer/avia-import-class.php on line 3
[22-Dec-2017 08:53:01] PHP Fatal error:  Class 'WP_Import' not found in /var/www/www.promede.com/docs/wp-content/themes/promede/framework/php/wordpress-importer/avia-import-class.php on line 3
[13-Feb-2018 03:19:44] PHP Fatal error:  Class 'WP_Import' not found in /var/www/www.promede.com/docs/wp-content/themes/promede/framework/php/wordpress-importer/avia-import-class.php on line 3
[13-Feb-2018 04:32:57] PHP Fatal error:  Class 'WP_Import' not found in /var/www/www.promede.com/docs/wp-content/themes/promede/framework/php/wordpress-importer/avia-import-class.php on line 3
[13-Feb-2018 05:47:57] PHP Fatal error:  Class 'WP_Import' not found in /var/www/www.promede.com/docs/wp-content/themes/promede/framework/php/wordpress-importer/avia-import-class.php on line 3
[03-Mar-2018 01:39:34] PHP Fatal error:  Class 'WP_Import' not found in /var/www/www.promede.com/docs/wp-content/themes/promede/framework/php/wordpress-importer/avia-import-class.php on line 3
[03-Mar-2018 09:32:49] PHP Fatal error:  Class 'WP_Import' not found in /var/www/www.promede.com/docs/wp-content/themes/promede/framework/php/wordpress-importer/avia-import-class.php on line 3
[03-Mar-2018 16:05:02] PHP Fatal error:  Class 'WP_Import' not found in /var/www/www.promede.com/docs/wp-content/themes/promede/framework/php/wordpress-importer/avia-import-class.php on line 3
[03-Mar-2018 21:53:34] PHP Fatal error:  Class 'WP_Import' not found in /var/www/www.promede.com/docs/wp-content/themes/promede/framework/php/wordpress-importer/avia-import-class.php on line 3
[19-Mar-2018 20:48:07] PHP Fatal error:  Class 'WP_Import' not found in /var/www/www.promede.com/docs/wp-content/themes/promede/framework/php/wordpress-importer/avia-import-class.php on line 3
[20-Mar-2018 11:18:10] PHP Fatal error:  Class 'WP_Import' not found in /var/www/www.promede.com/docs/wp-content/themes/promede/framework/php/wordpress-importer/avia-import-class.php on line 3
[20-Mar-2018 18:59:26] PHP Fatal error:  Class 'WP_Import' not found in /var/www/www.promede.com/docs/wp-content/themes/promede/framework/php/wordpress-importer/avia-import-class.php on line 3
[20-Mar-2018 21:29:32] PHP Fatal error:  Class 'WP_Import' not found in /var/www/www.promede.com/docs/wp-content/themes/promede/framework/php/wordpress-importer/avia-import-class.php on line 3
[10-Apr-2018 01:39:57] PHP Fatal error:  Class 'WP_Import' not found in /var/www/www.promede.com/docs/wp-content/themes/promede/framework/php/wordpress-importer/avia-import-class.php on line 3
[10-Apr-2018 04:25:10] PHP Fatal error:  Class 'WP_Import' not found in /var/www/www.promede.com/docs/wp-content/themes/promede/framework/php/wordpress-importer/avia-import-class.php on line 3
[10-Apr-2018 05:56:16] PHP Fatal error:  Class 'WP_Import' not found in /var/www/www.promede.com/docs/wp-content/themes/promede/framework/php/wordpress-importer/avia-import-class.php on line 3
