[30-Apr-2017 19:40:24 America/Sao_Paulo] PHP Warning:  require(vendor/autoload.php): failed to open stream: No such file or directory in /home/sg7co615/public_html/phpmail/get_oauth_token.php on line 18
[30-Apr-2017 19:40:24 America/Sao_Paulo] PHP Fatal error:  require(): Failed opening required 'vendor/autoload.php' (include_path='.;/path/to/php/pear') in /home/sg7co615/public_html/phpmail/get_oauth_token.php on line 18
[30-Apr-2017 19:53:20 America/Sao_Paulo] PHP Fatal error:  Class 'PHPMailer' not found in /home/sg7co615/public_html/phpmail/class.phpmaileroauth.php on line 27
[05-May-2017 02:21:34 America/Sao_Paulo] PHP Warning:  require(vendor/autoload.php): failed to open stream: No such file or directory in /home/sg7co615/public_html/phpmail/get_oauth_token.php on line 18
[05-May-2017 02:21:34 America/Sao_Paulo] PHP Fatal error:  require(): Failed opening required 'vendor/autoload.php' (include_path='.;/path/to/php/pear') in /home/sg7co615/public_html/phpmail/get_oauth_token.php on line 18
[08-May-2017 21:43:25 America/Sao_Paulo] PHP Fatal error:  Class 'PHPMailer' not found in /home/sg7co615/public_html/phpmail/class.phpmaileroauth.php on line 27
[08-May-2017 21:44:17 America/Sao_Paulo] PHP Warning:  require(vendor/autoload.php): failed to open stream: No such file or directory in /home/sg7co615/public_html/phpmail/get_oauth_token.php on line 18
[08-May-2017 21:44:17 America/Sao_Paulo] PHP Fatal error:  require(): Failed opening required 'vendor/autoload.php' (include_path='.;/path/to/php/pear') in /home/sg7co615/public_html/phpmail/get_oauth_token.php on line 18
[10-May-2017 13:15:06 America/Sao_Paulo] PHP Warning:  require(vendor/autoload.php): failed to open stream: No such file or directory in /home/sg7co615/public_html/phpmail/get_oauth_token.php on line 18
[10-May-2017 13:15:06 America/Sao_Paulo] PHP Fatal error:  require(): Failed opening required 'vendor/autoload.php' (include_path='.;/path/to/php/pear') in /home/sg7co615/public_html/phpmail/get_oauth_token.php on line 18
[10-May-2017 13:27:16 America/Sao_Paulo] PHP Fatal error:  Class 'PHPMailer' not found in /home/sg7co615/public_html/phpmail/class.phpmaileroauth.php on line 27
[13-May-2017 09:58:22 America/Sao_Paulo] PHP Warning:  require(vendor/autoload.php): failed to open stream: No such file or directory in /home/sg7co615/public_html/phpmail/get_oauth_token.php on line 18
[13-May-2017 09:58:22 America/Sao_Paulo] PHP Fatal error:  require(): Failed opening required 'vendor/autoload.php' (include_path='.;/path/to/php/pear') in /home/sg7co615/public_html/phpmail/get_oauth_token.php on line 18
[13-May-2017 09:58:32 America/Sao_Paulo] PHP Fatal error:  Class 'PHPMailer' not found in /home/sg7co615/public_html/phpmail/class.phpmaileroauth.php on line 27
[13-May-2017 16:54:02 America/Sao_Paulo] PHP Warning:  require(vendor/autoload.php): failed to open stream: No such file or directory in /home/sg7co615/public_html/phpmail/get_oauth_token.php on line 18
[13-May-2017 16:54:02 America/Sao_Paulo] PHP Fatal error:  require(): Failed opening required 'vendor/autoload.php' (include_path='.;/path/to/php/pear') in /home/sg7co615/public_html/phpmail/get_oauth_token.php on line 18
[13-May-2017 17:01:35 America/Sao_Paulo] PHP Fatal error:  Class 'PHPMailer' not found in /home/sg7co615/public_html/phpmail/class.phpmaileroauth.php on line 27
[13-May-2017 22:44:34 America/Sao_Paulo] PHP Fatal error:  Class 'PHPMailer' not found in /home/sg7co615/public_html/phpmail/class.phpmaileroauth.php on line 27
[13-May-2017 22:44:55 America/Sao_Paulo] PHP Warning:  require(vendor/autoload.php): failed to open stream: No such file or directory in /home/sg7co615/public_html/phpmail/get_oauth_token.php on line 18
[13-May-2017 22:44:55 America/Sao_Paulo] PHP Fatal error:  require(): Failed opening required 'vendor/autoload.php' (include_path='.;/path/to/php/pear') in /home/sg7co615/public_html/phpmail/get_oauth_token.php on line 18
[14-May-2017 05:16:05 America/Sao_Paulo] PHP Fatal error:  Class 'PHPMailer' not found in /home/sg7co615/public_html/phpmail/class.phpmaileroauth.php on line 27
[14-May-2017 05:23:40 America/Sao_Paulo] PHP Warning:  require(vendor/autoload.php): failed to open stream: No such file or directory in /home/sg7co615/public_html/phpmail/get_oauth_token.php on line 18
[14-May-2017 05:23:40 America/Sao_Paulo] PHP Fatal error:  require(): Failed opening required 'vendor/autoload.php' (include_path='.;/path/to/php/pear') in /home/sg7co615/public_html/phpmail/get_oauth_token.php on line 18
[14-May-2017 10:49:09 America/Sao_Paulo] PHP Warning:  require(vendor/autoload.php): failed to open stream: No such file or directory in /home/sg7co615/public_html/phpmail/get_oauth_token.php on line 18
[14-May-2017 10:49:09 America/Sao_Paulo] PHP Fatal error:  require(): Failed opening required 'vendor/autoload.php' (include_path='.;/path/to/php/pear') in /home/sg7co615/public_html/phpmail/get_oauth_token.php on line 18
[14-May-2017 23:58:44 America/Sao_Paulo] PHP Fatal error:  Class 'PHPMailer' not found in /home/sg7co615/public_html/phpmail/class.phpmaileroauth.php on line 27
[15-May-2017 12:51:51 America/Sao_Paulo] PHP Fatal error:  Class 'PHPMailer' not found in /home/sg7co615/public_html/phpmail/class.phpmaileroauth.php on line 27
[18-May-2017 00:29:10 America/Sao_Paulo] PHP Warning:  require(vendor/autoload.php): failed to open stream: No such file or directory in /home/sg7co615/public_html/phpmail/get_oauth_token.php on line 18
[18-May-2017 00:29:10 America/Sao_Paulo] PHP Fatal error:  require(): Failed opening required 'vendor/autoload.php' (include_path='.;/path/to/php/pear') in /home/sg7co615/public_html/phpmail/get_oauth_token.php on line 18
[20-May-2017 08:08:39 America/Sao_Paulo] PHP Warning:  require(vendor/autoload.php): failed to open stream: No such file or directory in /home/sg7co615/public_html/phpmail/get_oauth_token.php on line 18
[20-May-2017 08:08:39 America/Sao_Paulo] PHP Fatal error:  require(): Failed opening required 'vendor/autoload.php' (include_path='.;/path/to/php/pear') in /home/sg7co615/public_html/phpmail/get_oauth_token.php on line 18
[20-May-2017 08:19:48 America/Sao_Paulo] PHP Fatal error:  Class 'PHPMailer' not found in /home/sg7co615/public_html/phpmail/class.phpmaileroauth.php on line 27
[24-May-2017 22:22:41 America/Sao_Paulo] PHP Fatal error:  Class 'PHPMailer' not found in /home/sg7co615/public_html/phpmail/class.phpmaileroauth.php on line 27
[24-May-2017 22:23:05 America/Sao_Paulo] PHP Warning:  require(vendor/autoload.php): failed to open stream: No such file or directory in /home/sg7co615/public_html/phpmail/get_oauth_token.php on line 18
[24-May-2017 22:23:05 America/Sao_Paulo] PHP Fatal error:  require(): Failed opening required 'vendor/autoload.php' (include_path='.;/path/to/php/pear') in /home/sg7co615/public_html/phpmail/get_oauth_token.php on line 18
[30-May-2017 07:17:59 America/Sao_Paulo] PHP Warning:  require(vendor/autoload.php): failed to open stream: No such file or directory in /home/sg7co615/public_html/phpmail/get_oauth_token.php on line 18
[30-May-2017 07:17:59 America/Sao_Paulo] PHP Fatal error:  require(): Failed opening required 'vendor/autoload.php' (include_path='.;/path/to/php/pear') in /home/sg7co615/public_html/phpmail/get_oauth_token.php on line 18
[30-May-2017 07:28:09 America/Sao_Paulo] PHP Fatal error:  Class 'PHPMailer' not found in /home/sg7co615/public_html/phpmail/class.phpmaileroauth.php on line 27
[01-Jun-2017 00:33:46 America/Sao_Paulo] PHP Fatal error:  Class 'PHPMailer' not found in /home/sg7co615/public_html/phpmail/class.phpmaileroauth.php on line 27
[01-Jun-2017 00:47:24 America/Sao_Paulo] PHP Warning:  require(vendor/autoload.php): failed to open stream: No such file or directory in /home/sg7co615/public_html/phpmail/get_oauth_token.php on line 18
[01-Jun-2017 00:47:24 America/Sao_Paulo] PHP Fatal error:  require(): Failed opening required 'vendor/autoload.php' (include_path='.;/path/to/php/pear') in /home/sg7co615/public_html/phpmail/get_oauth_token.php on line 18
[09-Jun-2017 01:32:41 America/Sao_Paulo] PHP Warning:  require(vendor/autoload.php): failed to open stream: No such file or directory in /home/sg7co615/public_html/phpmail/get_oauth_token.php on line 18
[09-Jun-2017 01:32:41 America/Sao_Paulo] PHP Fatal error:  require(): Failed opening required 'vendor/autoload.php' (include_path='.;/path/to/php/pear') in /home/sg7co615/public_html/phpmail/get_oauth_token.php on line 18
[09-Jun-2017 01:45:37 America/Sao_Paulo] PHP Fatal error:  Class 'PHPMailer' not found in /home/sg7co615/public_html/phpmail/class.phpmaileroauth.php on line 27
[18-Jun-2017 19:37:04 America/Sao_Paulo] PHP Warning:  require(vendor/autoload.php): failed to open stream: No such file or directory in /home/sg7co615/public_html/phpmail/get_oauth_token.php on line 18
[18-Jun-2017 19:37:04 America/Sao_Paulo] PHP Fatal error:  require(): Failed opening required 'vendor/autoload.php' (include_path='.;/path/to/php/pear') in /home/sg7co615/public_html/phpmail/get_oauth_token.php on line 18
[18-Jun-2017 19:40:27 America/Sao_Paulo] PHP Fatal error:  Class 'PHPMailer' not found in /home/sg7co615/public_html/phpmail/class.phpmaileroauth.php on line 27
[18-Jun-2017 21:38:17 America/Sao_Paulo] PHP Warning:  require(vendor/autoload.php): failed to open stream: No such file or directory in /home/sg7co615/public_html/phpmail/get_oauth_token.php on line 18
[18-Jun-2017 21:38:17 America/Sao_Paulo] PHP Fatal error:  require(): Failed opening required 'vendor/autoload.php' (include_path='.;/path/to/php/pear') in /home/sg7co615/public_html/phpmail/get_oauth_token.php on line 18
[18-Jun-2017 21:50:02 America/Sao_Paulo] PHP Fatal error:  Class 'PHPMailer' not found in /home/sg7co615/public_html/phpmail/class.phpmaileroauth.php on line 27
[26-Jun-2017 14:30:09 America/Sao_Paulo] PHP Fatal error:  Class 'PHPMailer' not found in /home/sg7co615/public_html/phpmail/class.phpmaileroauth.php on line 27
[26-Jun-2017 14:41:51 America/Sao_Paulo] PHP Warning:  require(vendor/autoload.php): failed to open stream: No such file or directory in /home/sg7co615/public_html/phpmail/get_oauth_token.php on line 18
[26-Jun-2017 14:41:51 America/Sao_Paulo] PHP Fatal error:  require(): Failed opening required 'vendor/autoload.php' (include_path='.;/path/to/php/pear') in /home/sg7co615/public_html/phpmail/get_oauth_token.php on line 18
[30-Jun-2017 10:51:11 America/Sao_Paulo] PHP Fatal error:  Class 'PHPMailer' not found in /home/sg7co615/public_html/phpmail/class.phpmaileroauth.php on line 27
[30-Jun-2017 10:52:31 America/Sao_Paulo] PHP Warning:  require(vendor/autoload.php): failed to open stream: No such file or directory in /home/sg7co615/public_html/phpmail/get_oauth_token.php on line 18
[30-Jun-2017 10:52:31 America/Sao_Paulo] PHP Fatal error:  require(): Failed opening required 'vendor/autoload.php' (include_path='.;/path/to/php/pear') in /home/sg7co615/public_html/phpmail/get_oauth_token.php on line 18
[01-Jul-2017 17:42:43 America/Sao_Paulo] PHP Fatal error:  Class 'PHPMailer' not found in /home/sg7co615/public_html/phpmail/class.phpmaileroauth.php on line 27
[02-Jul-2017 22:16:57 America/Sao_Paulo] PHP Warning:  require(vendor/autoload.php): failed to open stream: No such file or directory in /home/sg7co615/public_html/phpmail/get_oauth_token.php on line 18
[02-Jul-2017 22:16:57 America/Sao_Paulo] PHP Fatal error:  require(): Failed opening required 'vendor/autoload.php' (include_path='.;/path/to/php/pear') in /home/sg7co615/public_html/phpmail/get_oauth_token.php on line 18
[03-Jul-2017 07:17:58 America/Sao_Paulo] PHP Warning:  require(vendor/autoload.php): failed to open stream: No such file or directory in /home/sg7co615/public_html/phpmail/get_oauth_token.php on line 18
[03-Jul-2017 07:17:58 America/Sao_Paulo] PHP Fatal error:  require(): Failed opening required 'vendor/autoload.php' (include_path='.;/path/to/php/pear') in /home/sg7co615/public_html/phpmail/get_oauth_token.php on line 18
[06-Jul-2017 20:47:55 America/Sao_Paulo] PHP Warning:  require(vendor/autoload.php): failed to open stream: No such file or directory in /home/sg7co615/public_html/phpmail/get_oauth_token.php on line 18
[06-Jul-2017 20:47:55 America/Sao_Paulo] PHP Fatal error:  require(): Failed opening required 'vendor/autoload.php' (include_path='.;/path/to/php/pear') in /home/sg7co615/public_html/phpmail/get_oauth_token.php on line 18
[12-Jul-2017 22:36:41 America/Sao_Paulo] PHP Fatal error:  Class 'PHPMailer' not found in /home/sg7co615/public_html/phpmail/class.phpmaileroauth.php on line 27
[16-Jul-2017 07:57:00 America/Sao_Paulo] PHP Fatal error:  Class 'PHPMailer' not found in /home/sg7co615/public_html/phpmail/class.phpmaileroauth.php on line 27
[16-Jul-2017 07:58:42 America/Sao_Paulo] PHP Warning:  require(vendor/autoload.php): failed to open stream: No such file or directory in /home/sg7co615/public_html/phpmail/get_oauth_token.php on line 18
[16-Jul-2017 07:58:42 America/Sao_Paulo] PHP Fatal error:  require(): Failed opening required 'vendor/autoload.php' (include_path='.;/path/to/php/pear') in /home/sg7co615/public_html/phpmail/get_oauth_token.php on line 18
[25-Jul-2017 23:06:09 America/Sao_Paulo] PHP Fatal error:  Class 'PHPMailer' not found in /home/sg7co615/public_html/phpmail/class.phpmaileroauth.php on line 27
[25-Jul-2017 23:06:10 America/Sao_Paulo] PHP Fatal error:  Class 'PHPMailer' not found in /home/sg7co615/public_html/phpmail/class.phpmaileroauth.php on line 27
[25-Jul-2017 23:11:09 America/Sao_Paulo] PHP Warning:  require(vendor/autoload.php): failed to open stream: No such file or directory in /home/sg7co615/public_html/phpmail/get_oauth_token.php on line 18
[25-Jul-2017 23:11:09 America/Sao_Paulo] PHP Fatal error:  require(): Failed opening required 'vendor/autoload.php' (include_path='.;/path/to/php/pear') in /home/sg7co615/public_html/phpmail/get_oauth_token.php on line 18
[25-Jul-2017 23:11:10 America/Sao_Paulo] PHP Warning:  require(vendor/autoload.php): failed to open stream: No such file or directory in /home/sg7co615/public_html/phpmail/get_oauth_token.php on line 18
[25-Jul-2017 23:11:10 America/Sao_Paulo] PHP Fatal error:  require(): Failed opening required 'vendor/autoload.php' (include_path='.;/path/to/php/pear') in /home/sg7co615/public_html/phpmail/get_oauth_token.php on line 18
[26-Jul-2017 01:50:20 America/Sao_Paulo] PHP Warning:  require(vendor/autoload.php): failed to open stream: No such file or directory in /home/sg7co615/public_html/phpmail/get_oauth_token.php on line 18
[26-Jul-2017 01:50:20 America/Sao_Paulo] PHP Fatal error:  require(): Failed opening required 'vendor/autoload.php' (include_path='.;/path/to/php/pear') in /home/sg7co615/public_html/phpmail/get_oauth_token.php on line 18
[26-Jul-2017 01:50:22 America/Sao_Paulo] PHP Warning:  require(vendor/autoload.php): failed to open stream: No such file or directory in /home/sg7co615/public_html/phpmail/get_oauth_token.php on line 18
[26-Jul-2017 01:50:22 America/Sao_Paulo] PHP Fatal error:  require(): Failed opening required 'vendor/autoload.php' (include_path='.;/path/to/php/pear') in /home/sg7co615/public_html/phpmail/get_oauth_token.php on line 18
[04-Aug-2017 03:27:55 America/Sao_Paulo] PHP Fatal error:  Class 'PHPMailer' not found in /home/sg7co615/public_html/phpmail/class.phpmaileroauth.php on line 27
[04-Aug-2017 03:30:59 America/Sao_Paulo] PHP Warning:  require(vendor/autoload.php): failed to open stream: No such file or directory in /home/sg7co615/public_html/phpmail/get_oauth_token.php on line 18
[04-Aug-2017 03:30:59 America/Sao_Paulo] PHP Fatal error:  require(): Failed opening required 'vendor/autoload.php' (include_path='.;/path/to/php/pear') in /home/sg7co615/public_html/phpmail/get_oauth_token.php on line 18
[20-Aug-2017 03:43:47 America/Sao_Paulo] PHP Fatal error:  Class 'PHPMailer' not found in /home/sg7co615/public_html/phpmail/class.phpmaileroauth.php on line 27
[20-Aug-2017 14:07:42 America/Sao_Paulo] PHP Fatal error:  Class 'PHPMailer' not found in /home/sg7co615/public_html/phpmail/class.phpmaileroauth.php on line 27
[23-Aug-2017 18:17:57 America/Sao_Paulo] PHP Fatal error:  Class 'PHPMailer' not found in /home/sg7co615/public_html/phpmail/class.phpmaileroauth.php on line 27
[24-Aug-2017 13:58:22 America/Sao_Paulo] PHP Warning:  require(vendor/autoload.php): failed to open stream: No such file or directory in /home/sg7co615/public_html/phpmail/get_oauth_token.php on line 18
[24-Aug-2017 13:58:22 America/Sao_Paulo] PHP Fatal error:  require(): Failed opening required 'vendor/autoload.php' (include_path='.;/path/to/php/pear') in /home/sg7co615/public_html/phpmail/get_oauth_token.php on line 18
[24-Aug-2017 18:39:29 America/Sao_Paulo] PHP Fatal error:  Class 'PHPMailer' not found in /home/sg7co615/public_html/phpmail/class.phpmaileroauth.php on line 27
[24-Aug-2017 18:41:23 America/Sao_Paulo] PHP Warning:  require(vendor/autoload.php): failed to open stream: No such file or directory in /home/sg7co615/public_html/phpmail/get_oauth_token.php on line 18
[24-Aug-2017 18:41:23 America/Sao_Paulo] PHP Fatal error:  require(): Failed opening required 'vendor/autoload.php' (include_path='.;/path/to/php/pear') in /home/sg7co615/public_html/phpmail/get_oauth_token.php on line 18
[24-Aug-2017 22:40:34 America/Sao_Paulo] PHP Warning:  require(vendor/autoload.php): failed to open stream: No such file or directory in /home/sg7co615/public_html/phpmail/get_oauth_token.php on line 18
[24-Aug-2017 22:40:34 America/Sao_Paulo] PHP Fatal error:  require(): Failed opening required 'vendor/autoload.php' (include_path='.;/path/to/php/pear') in /home/sg7co615/public_html/phpmail/get_oauth_token.php on line 18
[27-Aug-2017 04:14:03 America/Sao_Paulo] PHP Warning:  require(vendor/autoload.php): failed to open stream: No such file or directory in /home/sg7co615/public_html/phpmail/get_oauth_token.php on line 18
[27-Aug-2017 04:14:03 America/Sao_Paulo] PHP Fatal error:  require(): Failed opening required 'vendor/autoload.php' (include_path='.;/path/to/php/pear') in /home/sg7co615/public_html/phpmail/get_oauth_token.php on line 18
[27-Aug-2017 18:19:36 America/Sao_Paulo] PHP Fatal error:  Class 'PHPMailer' not found in /home/sg7co615/public_html/phpmail/class.phpmaileroauth.php on line 27
[27-Aug-2017 18:19:49 America/Sao_Paulo] PHP Warning:  require(vendor/autoload.php): failed to open stream: No such file or directory in /home/sg7co615/public_html/phpmail/get_oauth_token.php on line 18
[27-Aug-2017 18:19:49 America/Sao_Paulo] PHP Fatal error:  require(): Failed opening required 'vendor/autoload.php' (include_path='.;/path/to/php/pear') in /home/sg7co615/public_html/phpmail/get_oauth_token.php on line 18
[01-Sep-2017 00:23:10 America/Sao_Paulo] PHP Fatal error:  Class 'PHPMailer' not found in /home/sg7co615/public_html/phpmail/class.phpmaileroauth.php on line 27
[01-Sep-2017 00:25:30 America/Sao_Paulo] PHP Warning:  require(vendor/autoload.php): failed to open stream: No such file or directory in /home/sg7co615/public_html/phpmail/get_oauth_token.php on line 18
[01-Sep-2017 00:25:30 America/Sao_Paulo] PHP Fatal error:  require(): Failed opening required 'vendor/autoload.php' (include_path='.
;
; Windows: \path1') in /home/sg7co615/public_html/phpmail/get_oauth_token.php on line 18
[04-Sep-2017 03:47:46 America/Sao_Paulo] PHP Warning:  require(vendor/autoload.php): failed to open stream: No such file or directory in /home/sg7co615/public_html/phpmail/get_oauth_token.php on line 18
[04-Sep-2017 03:47:46 America/Sao_Paulo] PHP Fatal error:  require(): Failed opening required 'vendor/autoload.php' (include_path='.
;
; Windows: \path1') in /home/sg7co615/public_html/phpmail/get_oauth_token.php on line 18
[05-Sep-2017 17:22:23 America/Sao_Paulo] PHP Warning:  require(vendor/autoload.php): failed to open stream: No such file or directory in /home/sg7co615/public_html/phpmail/get_oauth_token.php on line 18
[05-Sep-2017 17:22:23 America/Sao_Paulo] PHP Fatal error:  require(): Failed opening required 'vendor/autoload.php' (include_path='.
;
; Windows: \path1') in /home/sg7co615/public_html/phpmail/get_oauth_token.php on line 18
[06-Sep-2017 16:07:56 America/Sao_Paulo] PHP Warning:  require(vendor/autoload.php): failed to open stream: No such file or directory in /home/sg7co615/public_html/phpmail/get_oauth_token.php on line 18
[06-Sep-2017 16:07:56 America/Sao_Paulo] PHP Fatal error:  require(): Failed opening required 'vendor/autoload.php' (include_path='.
;
; Windows: \path1') in /home/sg7co615/public_html/phpmail/get_oauth_token.php on line 18
[07-Sep-2017 03:57:21 America/Sao_Paulo] PHP Warning:  require(vendor/autoload.php): failed to open stream: No such file or directory in /home/sg7co615/public_html/phpmail/get_oauth_token.php on line 18
[07-Sep-2017 03:57:21 America/Sao_Paulo] PHP Fatal error:  require(): Failed opening required 'vendor/autoload.php' (include_path='.
;
; Windows: \path1') in /home/sg7co615/public_html/phpmail/get_oauth_token.php on line 18
[07-Sep-2017 19:07:01 America/Sao_Paulo] PHP Warning:  require(vendor/autoload.php): failed to open stream: No such file or directory in /home/sg7co615/public_html/phpmail/get_oauth_token.php on line 18
[07-Sep-2017 19:07:01 America/Sao_Paulo] PHP Fatal error:  require(): Failed opening required 'vendor/autoload.php' (include_path='.
;
; Windows: \path1') in /home/sg7co615/public_html/phpmail/get_oauth_token.php on line 18
[09-Sep-2017 03:14:57 America/Sao_Paulo] PHP Warning:  require(vendor/autoload.php): failed to open stream: No such file or directory in /home/sg7co615/public_html/phpmail/get_oauth_token.php on line 18
[09-Sep-2017 03:14:57 America/Sao_Paulo] PHP Fatal error:  require(): Failed opening required 'vendor/autoload.php' (include_path='.
;
; Windows: \path1') in /home/sg7co615/public_html/phpmail/get_oauth_token.php on line 18
[14-Sep-2017 17:09:16 America/Sao_Paulo] PHP Warning:  require(vendor/autoload.php): failed to open stream: No such file or directory in /home/sg7co615/public_html/phpmail/get_oauth_token.php on line 18
[14-Sep-2017 17:09:16 America/Sao_Paulo] PHP Fatal error:  require(): Failed opening required 'vendor/autoload.php' (include_path='.
;
; Windows: \path1') in /home/sg7co615/public_html/phpmail/get_oauth_token.php on line 18
[16-Sep-2017 06:18:26 America/Sao_Paulo] PHP Fatal error:  Class 'PHPMailer' not found in /home/sg7co615/public_html/phpmail/class.phpmaileroauth.php on line 27
[23-Sep-2017 14:47:25 America/Sao_Paulo] PHP Fatal error:  Class 'PHPMailer' not found in /home/sg7co615/public_html/phpmail/class.phpmaileroauth.php on line 27
[30-Sep-2017 01:10:27 America/Sao_Paulo] PHP Fatal error:  Class 'PHPMailer' not found in /home/sg7co615/public_html/phpmail/class.phpmaileroauth.php on line 27
[09-Oct-2017 09:40:17 America/Sao_Paulo] PHP Fatal error:  Class 'PHPMailer' not found in /home/sg7co615/public_html/phpmail/class.phpmaileroauth.php on line 27
[09-Oct-2017 09:40:23 America/Sao_Paulo] PHP Warning:  require(vendor/autoload.php): failed to open stream: No such file or directory in /home/sg7co615/public_html/phpmail/get_oauth_token.php on line 18
[09-Oct-2017 09:40:23 America/Sao_Paulo] PHP Fatal error:  require(): Failed opening required 'vendor/autoload.php' (include_path='.
;
; Windows: \path1') in /home/sg7co615/public_html/phpmail/get_oauth_token.php on line 18
[19-Oct-2017 03:22:39 America/Sao_Paulo] PHP Fatal error:  Class 'PHPMailer' not found in /home/sg7co615/public_html/phpmail/class.phpmaileroauth.php on line 27
[19-Oct-2017 18:00:23 America/Sao_Paulo] PHP Fatal error:  Class 'PHPMailer' not found in /home/sg7co615/public_html/phpmail/class.phpmaileroauth.php on line 27
[21-Oct-2017 04:23:49 America/Sao_Paulo] PHP Fatal error:  Class 'PHPMailer' not found in /home/sg7co615/public_html/phpmail/class.phpmaileroauth.php on line 27
[21-Oct-2017 23:02:35 America/Sao_Paulo] PHP Fatal error:  Class 'PHPMailer' not found in /home/sg7co615/public_html/phpmail/class.phpmaileroauth.php on line 27
[28-Oct-2017 01:42:09 America/Sao_Paulo] PHP Warning:  require(vendor/autoload.php): failed to open stream: No such file or directory in /home/sg7co615/public_html/phpmail/get_oauth_token.php on line 18
[28-Oct-2017 01:42:09 America/Sao_Paulo] PHP Fatal error:  require(): Failed opening required 'vendor/autoload.php' (include_path='.
;
; Windows: \path1') in /home/sg7co615/public_html/phpmail/get_oauth_token.php on line 18
[29-Oct-2017 20:07:03 America/Sao_Paulo] PHP Warning:  require(vendor/autoload.php): failed to open stream: No such file or directory in /home/sg7co615/public_html/phpmail/get_oauth_token.php on line 18
[29-Oct-2017 20:07:03 America/Sao_Paulo] PHP Fatal error:  require(): Failed opening required 'vendor/autoload.php' (include_path='.
;
; Windows: \path1') in /home/sg7co615/public_html/phpmail/get_oauth_token.php on line 18
[08-Nov-2017 18:02:19 America/Sao_Paulo] PHP Warning:  require(vendor/autoload.php): failed to open stream: No such file or directory in /home/sg7co615/public_html/phpmail/get_oauth_token.php on line 18
[08-Nov-2017 18:02:19 America/Sao_Paulo] PHP Fatal error:  require(): Failed opening required 'vendor/autoload.php' (include_path='.
;
; Windows: \path1') in /home/sg7co615/public_html/phpmail/get_oauth_token.php on line 18
[15-Nov-2017 05:57:10 America/Sao_Paulo] PHP Fatal error:  Class 'PHPMailer' not found in /home/sg7co615/public_html/phpmail/class.phpmaileroauth.php on line 27
[17-Nov-2017 14:28:11 America/Sao_Paulo] PHP Warning:  require(vendor/autoload.php): failed to open stream: No such file or directory in /home/sg7co615/public_html/phpmail/get_oauth_token.php on line 18
[17-Nov-2017 14:28:11 America/Sao_Paulo] PHP Fatal error:  require(): Failed opening required 'vendor/autoload.php' (include_path='.
;
; Windows: \path1') in /home/sg7co615/public_html/phpmail/get_oauth_token.php on line 18
[19-Nov-2017 22:12:36 America/Sao_Paulo] PHP Warning:  require(vendor/autoload.php): failed to open stream: No such file or directory in /home/sg7co615/public_html/phpmail/get_oauth_token.php on line 18
[19-Nov-2017 22:12:36 America/Sao_Paulo] PHP Fatal error:  require(): Failed opening required 'vendor/autoload.php' (include_path='.
;
; Windows: \path1') in /home/sg7co615/public_html/phpmail/get_oauth_token.php on line 18
[14-Dec-2017 01:07:40 America/Sao_Paulo] PHP Warning:  require(vendor/autoload.php): failed to open stream: No such file or directory in /home/sg7co615/public_html/phpmail/get_oauth_token.php on line 18
[14-Dec-2017 01:07:40 America/Sao_Paulo] PHP Fatal error:  require(): Failed opening required 'vendor/autoload.php' (include_path='.
;
; Windows: \path1') in /home/sg7co615/public_html/phpmail/get_oauth_token.php on line 18
[14-Dec-2017 01:07:41 America/Sao_Paulo] PHP Warning:  require(vendor/autoload.php): failed to open stream: No such file or directory in /home/sg7co615/public_html/phpmail/get_oauth_token.php on line 18
[14-Dec-2017 01:07:41 America/Sao_Paulo] PHP Fatal error:  require(): Failed opening required 'vendor/autoload.php' (include_path='.
;
; Windows: \path1') in /home/sg7co615/public_html/phpmail/get_oauth_token.php on line 18
[29-Jan-2018 13:02:57 America/Sao_Paulo] PHP Fatal error:  Class 'PHPMailer' not found in /home/sg7co615/public_html/phpmail/class.phpmaileroauth.php on line 27
[29-Jan-2018 13:03:13 America/Sao_Paulo] PHP Warning:  require(vendor/autoload.php): failed to open stream: No such file or directory in /home/sg7co615/public_html/phpmail/get_oauth_token.php on line 18
[29-Jan-2018 13:03:13 America/Sao_Paulo] PHP Fatal error:  require(): Failed opening required 'vendor/autoload.php' (include_path='.
;
; Windows: \path1') in /home/sg7co615/public_html/phpmail/get_oauth_token.php on line 18
[31-Jan-2018 07:01:57 America/Sao_Paulo] PHP Fatal error:  Class 'PHPMailer' not found in /home/sg7co615/public_html/phpmail/class.phpmaileroauth.php on line 27
[31-Jan-2018 07:02:16 America/Sao_Paulo] PHP Warning:  require(vendor/autoload.php): failed to open stream: No such file or directory in /home/sg7co615/public_html/phpmail/get_oauth_token.php on line 18
[31-Jan-2018 07:02:16 America/Sao_Paulo] PHP Fatal error:  require(): Failed opening required 'vendor/autoload.php' (include_path='.
;
; Windows: \path1') in /home/sg7co615/public_html/phpmail/get_oauth_token.php on line 18
[05-Feb-2018 05:12:19 America/Sao_Paulo] PHP Warning:  require(vendor/autoload.php): failed to open stream: No such file or directory in /home/sg7co615/public_html/phpmail/get_oauth_token.php on line 18
[05-Feb-2018 05:12:19 America/Sao_Paulo] PHP Fatal error:  require(): Failed opening required 'vendor/autoload.php' (include_path='.
;
; Windows: \path1') in /home/sg7co615/public_html/phpmail/get_oauth_token.php on line 18
[18-Feb-2018 08:22:14 America/Sao_Paulo] PHP Warning:  require(vendor/autoload.php): failed to open stream: No such file or directory in /home/sg7co615/public_html/phpmail/get_oauth_token.php on line 18
[18-Feb-2018 08:22:14 America/Sao_Paulo] PHP Fatal error:  require(): Failed opening required 'vendor/autoload.php' (include_path='.
;
; Windows: \path1') in /home/sg7co615/public_html/phpmail/get_oauth_token.php on line 18
[26-Feb-2018 06:07:42 America/Sao_Paulo] PHP Warning:  require(vendor/autoload.php): failed to open stream: No such file or directory in /home/sg7co615/public_html/phpmail/get_oauth_token.php on line 18
[26-Feb-2018 06:07:42 America/Sao_Paulo] PHP Fatal error:  require(): Failed opening required 'vendor/autoload.php' (include_path='.
;
; Windows: \path1') in /home/sg7co615/public_html/phpmail/get_oauth_token.php on line 18
[27-Feb-2018 15:20:27 America/Sao_Paulo] PHP Fatal error:  Class 'PHPMailer' not found in /home/sg7co615/public_html/phpmail/class.phpmaileroauth.php on line 27
[19-Mar-2018 07:43:53 America/Sao_Paulo] PHP Warning:  require(vendor/autoload.php): failed to open stream: No such file or directory in /home/sg7co615/public_html/phpmail/get_oauth_token.php on line 18
[19-Mar-2018 07:43:53 America/Sao_Paulo] PHP Fatal error:  require(): Failed opening required 'vendor/autoload.php' (include_path='.
;
; Windows: \path1') in /home/sg7co615/public_html/phpmail/get_oauth_token.php on line 18
[19-Mar-2018 08:02:48 America/Sao_Paulo] PHP Fatal error:  Class 'PHPMailer' not found in /home/sg7co615/public_html/phpmail/class.phpmaileroauth.php on line 27
[19-Mar-2018 14:02:13 America/Sao_Paulo] PHP Warning:  require(vendor/autoload.php): failed to open stream: No such file or directory in /home/sg7co615/public_html/phpmail/get_oauth_token.php on line 18
[19-Mar-2018 14:02:13 America/Sao_Paulo] PHP Fatal error:  require(): Failed opening required 'vendor/autoload.php' (include_path='.
;
; Windows: \path1') in /home/sg7co615/public_html/phpmail/get_oauth_token.php on line 18
[19-Mar-2018 14:06:00 America/Sao_Paulo] PHP Fatal error:  Class 'PHPMailer' not found in /home/sg7co615/public_html/phpmail/class.phpmaileroauth.php on line 27
[19-Mar-2018 17:11:27 America/Sao_Paulo] PHP Warning:  require(vendor/autoload.php): failed to open stream: No such file or directory in /home/sg7co615/public_html/phpmail/get_oauth_token.php on line 18
[19-Mar-2018 17:11:27 America/Sao_Paulo] PHP Fatal error:  require(): Failed opening required 'vendor/autoload.php' (include_path='.
;
; Windows: \path1') in /home/sg7co615/public_html/phpmail/get_oauth_token.php on line 18
[19-Mar-2018 17:15:15 America/Sao_Paulo] PHP Fatal error:  Class 'PHPMailer' not found in /home/sg7co615/public_html/phpmail/class.phpmaileroauth.php on line 27
[19-Mar-2018 19:50:16 America/Sao_Paulo] PHP Warning:  require(vendor/autoload.php): failed to open stream: No such file or directory in /home/sg7co615/public_html/phpmail/get_oauth_token.php on line 18
[19-Mar-2018 19:50:16 America/Sao_Paulo] PHP Fatal error:  require(): Failed opening required 'vendor/autoload.php' (include_path='.
;
; Windows: \path1') in /home/sg7co615/public_html/phpmail/get_oauth_token.php on line 18
[19-Mar-2018 19:54:02 America/Sao_Paulo] PHP Fatal error:  Class 'PHPMailer' not found in /home/sg7co615/public_html/phpmail/class.phpmaileroauth.php on line 27
[19-Mar-2018 23:59:57 America/Sao_Paulo] PHP Warning:  require(vendor/autoload.php): failed to open stream: No such file or directory in /home/sg7co615/public_html/phpmail/get_oauth_token.php on line 18
[19-Mar-2018 23:59:57 America/Sao_Paulo] PHP Fatal error:  require(): Failed opening required 'vendor/autoload.php' (include_path='.
;
; Windows: \path1') in /home/sg7co615/public_html/phpmail/get_oauth_token.php on line 18
[20-Mar-2018 00:03:44 America/Sao_Paulo] PHP Fatal error:  Class 'PHPMailer' not found in /home/sg7co615/public_html/phpmail/class.phpmaileroauth.php on line 27
[20-Mar-2018 02:19:56 America/Sao_Paulo] PHP Warning:  require(vendor/autoload.php): failed to open stream: No such file or directory in /home/sg7co615/public_html/phpmail/get_oauth_token.php on line 18
[20-Mar-2018 02:19:56 America/Sao_Paulo] PHP Fatal error:  require(): Failed opening required 'vendor/autoload.php' (include_path='.
;
; Windows: \path1') in /home/sg7co615/public_html/phpmail/get_oauth_token.php on line 18
[20-Mar-2018 02:23:43 America/Sao_Paulo] PHP Fatal error:  Class 'PHPMailer' not found in /home/sg7co615/public_html/phpmail/class.phpmaileroauth.php on line 27
[20-Mar-2018 08:34:29 America/Sao_Paulo] PHP Fatal error:  Class 'PHPMailer' not found in /home/sg7co615/public_html/phpmail/class.phpmaileroauth.php on line 27
[21-Mar-2018 01:42:48 America/Sao_Paulo] PHP Warning:  require(vendor/autoload.php): failed to open stream: No such file or directory in /home/sg7co615/public_html/phpmail/get_oauth_token.php on line 18
[21-Mar-2018 01:42:48 America/Sao_Paulo] PHP Fatal error:  require(): Failed opening required 'vendor/autoload.php' (include_path='.
;
; Windows: \path1') in /home/sg7co615/public_html/phpmail/get_oauth_token.php on line 18
[22-Mar-2018 22:03:13 America/Sao_Paulo] PHP Warning:  require(vendor/autoload.php): failed to open stream: No such file or directory in /home/sg7co615/public_html/phpmail/get_oauth_token.php on line 18
[22-Mar-2018 22:03:13 America/Sao_Paulo] PHP Fatal error:  require(): Failed opening required 'vendor/autoload.php' (include_path='.
;
; Windows: \path1') in /home/sg7co615/public_html/phpmail/get_oauth_token.php on line 18
