[24-Oct-2016 16:36:32] PHP Fatal error:  Call to undefined function  get_theme_data() in /hsphere/local/home/bantrycu/bantrycu.ie/wp-content/themes/CherryFramework/admin/data_management/update.php on line 32
[24-Oct-2016 16:37:36] PHP Warning:  include_once(PARENT_DIR/admin/data_management/backup.php): failed to open stream: No such file or directory in /hsphere/local/home/bantrycu/bantrycu.ie/wp-content/themes/CherryFramework/admin/data_management/data_management_interface.php on line 2
[24-Oct-2016 16:37:36] PHP Warning:  include_once(): Failed opening 'PARENT_DIR/admin/data_management/backup.php' for inclusion (include_path='.:/hsphere/shared/apache/libexec/php5ext/php/') in /hsphere/local/home/bantrycu/bantrycu.ie/wp-content/themes/CherryFramework/admin/data_management/data_management_interface.php on line 2
[24-Oct-2016 16:37:36] PHP Warning:  include_once(PARENT_DIR/admin/data_management/restore.php): failed to open stream: No such file or directory in /hsphere/local/home/bantrycu/bantrycu.ie/wp-content/themes/CherryFramework/admin/data_management/data_management_interface.php on line 3
[24-Oct-2016 16:37:36] PHP Warning:  include_once(): Failed opening 'PARENT_DIR/admin/data_management/restore.php' for inclusion (include_path='.:/hsphere/shared/apache/libexec/php5ext/php/') in /hsphere/local/home/bantrycu/bantrycu.ie/wp-content/themes/CherryFramework/admin/data_management/data_management_interface.php on line 3
[24-Oct-2016 16:37:36] PHP Warning:  include_once(PARENT_DIR/admin/data_management/download_backup.php): failed to open stream: No such file or directory in /hsphere/local/home/bantrycu/bantrycu.ie/wp-content/themes/CherryFramework/admin/data_management/data_management_interface.php on line 4
[24-Oct-2016 16:37:36] PHP Warning:  include_once(): Failed opening 'PARENT_DIR/admin/data_management/download_backup.php' for inclusion (include_path='.:/hsphere/shared/apache/libexec/php5ext/php/') in /hsphere/local/home/bantrycu/bantrycu.ie/wp-content/themes/CherryFramework/admin/data_management/data_management_interface.php on line 4
[24-Oct-2016 16:37:36] PHP Warning:  include_once(PARENT_DIR/admin/data_management/update.php): failed to open stream: No such file or directory in /hsphere/local/home/bantrycu/bantrycu.ie/wp-content/themes/CherryFramework/admin/data_management/data_management_interface.php on line 5
[24-Oct-2016 16:37:36] PHP Warning:  include_once(): Failed opening 'PARENT_DIR/admin/data_management/update.php' for inclusion (include_path='.:/hsphere/shared/apache/libexec/php5ext/php/') in /hsphere/local/home/bantrycu/bantrycu.ie/wp-content/themes/CherryFramework/admin/data_management/data_management_interface.php on line 5
[24-Oct-2016 16:37:36] PHP Fatal error:  Call to undefined function  get_theme_data() in /hsphere/local/home/bantrycu/bantrycu.ie/wp-content/themes/CherryFramework/admin/data_management/data_management_interface.php on line 15
[25-Oct-2016 00:38:34] PHP Fatal error:  Call to undefined function  get_theme_data() in /hsphere/local/home/bantrycu/bantrycu.ie/wp-content/themes/CherryFramework/admin/data_management/update.php on line 32
[25-Oct-2016 00:40:42] PHP Warning:  include_once(PARENT_DIR/admin/data_management/backup.php): failed to open stream: No such file or directory in /hsphere/local/home/bantrycu/bantrycu.ie/wp-content/themes/CherryFramework/admin/data_management/data_management_interface.php on line 2
[25-Oct-2016 00:40:42] PHP Warning:  include_once(): Failed opening 'PARENT_DIR/admin/data_management/backup.php' for inclusion (include_path='.:/hsphere/shared/apache/libexec/php5ext/php/') in /hsphere/local/home/bantrycu/bantrycu.ie/wp-content/themes/CherryFramework/admin/data_management/data_management_interface.php on line 2
[25-Oct-2016 00:40:42] PHP Warning:  include_once(PARENT_DIR/admin/data_management/restore.php): failed to open stream: No such file or directory in /hsphere/local/home/bantrycu/bantrycu.ie/wp-content/themes/CherryFramework/admin/data_management/data_management_interface.php on line 3
[25-Oct-2016 00:40:42] PHP Warning:  include_once(): Failed opening 'PARENT_DIR/admin/data_management/restore.php' for inclusion (include_path='.:/hsphere/shared/apache/libexec/php5ext/php/') in /hsphere/local/home/bantrycu/bantrycu.ie/wp-content/themes/CherryFramework/admin/data_management/data_management_interface.php on line 3
[25-Oct-2016 00:40:42] PHP Warning:  include_once(PARENT_DIR/admin/data_management/download_backup.php): failed to open stream: No such file or directory in /hsphere/local/home/bantrycu/bantrycu.ie/wp-content/themes/CherryFramework/admin/data_management/data_management_interface.php on line 4
[25-Oct-2016 00:40:42] PHP Warning:  include_once(): Failed opening 'PARENT_DIR/admin/data_management/download_backup.php' for inclusion (include_path='.:/hsphere/shared/apache/libexec/php5ext/php/') in /hsphere/local/home/bantrycu/bantrycu.ie/wp-content/themes/CherryFramework/admin/data_management/data_management_interface.php on line 4
[25-Oct-2016 00:40:42] PHP Warning:  include_once(PARENT_DIR/admin/data_management/update.php): failed to open stream: No such file or directory in /hsphere/local/home/bantrycu/bantrycu.ie/wp-content/themes/CherryFramework/admin/data_management/data_management_interface.php on line 5
[25-Oct-2016 00:40:42] PHP Warning:  include_once(): Failed opening 'PARENT_DIR/admin/data_management/update.php' for inclusion (include_path='.:/hsphere/shared/apache/libexec/php5ext/php/') in /hsphere/local/home/bantrycu/bantrycu.ie/wp-content/themes/CherryFramework/admin/data_management/data_management_interface.php on line 5
[25-Oct-2016 00:40:42] PHP Fatal error:  Call to undefined function  get_theme_data() in /hsphere/local/home/bantrycu/bantrycu.ie/wp-content/themes/CherryFramework/admin/data_management/data_management_interface.php on line 15
[26-Oct-2016 03:57:54] PHP Fatal error:  Call to undefined function  get_theme_data() in /hsphere/local/home/bantrycu/bantrycu.ie/wp-content/themes/CherryFramework/admin/data_management/update.php on line 32
[26-Oct-2016 04:01:32] PHP Warning:  include_once(PARENT_DIR/admin/data_management/backup.php): failed to open stream: No such file or directory in /hsphere/local/home/bantrycu/bantrycu.ie/wp-content/themes/CherryFramework/admin/data_management/data_management_interface.php on line 2
[26-Oct-2016 04:01:32] PHP Warning:  include_once(): Failed opening 'PARENT_DIR/admin/data_management/backup.php' for inclusion (include_path='.:/hsphere/shared/apache/libexec/php5ext/php/') in /hsphere/local/home/bantrycu/bantrycu.ie/wp-content/themes/CherryFramework/admin/data_management/data_management_interface.php on line 2
[26-Oct-2016 04:01:32] PHP Warning:  include_once(PARENT_DIR/admin/data_management/restore.php): failed to open stream: No such file or directory in /hsphere/local/home/bantrycu/bantrycu.ie/wp-content/themes/CherryFramework/admin/data_management/data_management_interface.php on line 3
[26-Oct-2016 04:01:32] PHP Warning:  include_once(): Failed opening 'PARENT_DIR/admin/data_management/restore.php' for inclusion (include_path='.:/hsphere/shared/apache/libexec/php5ext/php/') in /hsphere/local/home/bantrycu/bantrycu.ie/wp-content/themes/CherryFramework/admin/data_management/data_management_interface.php on line 3
[26-Oct-2016 04:01:32] PHP Warning:  include_once(PARENT_DIR/admin/data_management/download_backup.php): failed to open stream: No such file or directory in /hsphere/local/home/bantrycu/bantrycu.ie/wp-content/themes/CherryFramework/admin/data_management/data_management_interface.php on line 4
[26-Oct-2016 04:01:32] PHP Warning:  include_once(): Failed opening 'PARENT_DIR/admin/data_management/download_backup.php' for inclusion (include_path='.:/hsphere/shared/apache/libexec/php5ext/php/') in /hsphere/local/home/bantrycu/bantrycu.ie/wp-content/themes/CherryFramework/admin/data_management/data_management_interface.php on line 4
[26-Oct-2016 04:01:32] PHP Warning:  include_once(PARENT_DIR/admin/data_management/update.php): failed to open stream: No such file or directory in /hsphere/local/home/bantrycu/bantrycu.ie/wp-content/themes/CherryFramework/admin/data_management/data_management_interface.php on line 5
[26-Oct-2016 04:01:32] PHP Warning:  include_once(): Failed opening 'PARENT_DIR/admin/data_management/update.php' for inclusion (include_path='.:/hsphere/shared/apache/libexec/php5ext/php/') in /hsphere/local/home/bantrycu/bantrycu.ie/wp-content/themes/CherryFramework/admin/data_management/data_management_interface.php on line 5
[26-Oct-2016 04:01:32] PHP Fatal error:  Call to undefined function  get_theme_data() in /hsphere/local/home/bantrycu/bantrycu.ie/wp-content/themes/CherryFramework/admin/data_management/data_management_interface.php on line 15
[18-Nov-2016 17:45:53] PHP Fatal error:  Call to undefined function  get_theme_data() in /hsphere/local/home/bantrycu/bantrycu.ie/wp-content/themes/CherryFramework/admin/data_management/update.php on line 32
[18-Nov-2016 17:45:53] PHP Warning:  include_once(PARENT_DIR/admin/data_management/backup.php): failed to open stream: No such file or directory in /hsphere/local/home/bantrycu/bantrycu.ie/wp-content/themes/CherryFramework/admin/data_management/data_management_interface.php on line 2
[18-Nov-2016 17:45:53] PHP Warning:  include_once(): Failed opening 'PARENT_DIR/admin/data_management/backup.php' for inclusion (include_path='.:/hsphere/shared/apache/libexec/php5ext/php/') in /hsphere/local/home/bantrycu/bantrycu.ie/wp-content/themes/CherryFramework/admin/data_management/data_management_interface.php on line 2
[18-Nov-2016 17:45:53] PHP Warning:  include_once(PARENT_DIR/admin/data_management/restore.php): failed to open stream: No such file or directory in /hsphere/local/home/bantrycu/bantrycu.ie/wp-content/themes/CherryFramework/admin/data_management/data_management_interface.php on line 3
[18-Nov-2016 17:45:53] PHP Warning:  include_once(): Failed opening 'PARENT_DIR/admin/data_management/restore.php' for inclusion (include_path='.:/hsphere/shared/apache/libexec/php5ext/php/') in /hsphere/local/home/bantrycu/bantrycu.ie/wp-content/themes/CherryFramework/admin/data_management/data_management_interface.php on line 3
[18-Nov-2016 17:45:53] PHP Warning:  include_once(PARENT_DIR/admin/data_management/download_backup.php): failed to open stream: No such file or directory in /hsphere/local/home/bantrycu/bantrycu.ie/wp-content/themes/CherryFramework/admin/data_management/data_management_interface.php on line 4
[18-Nov-2016 17:45:53] PHP Warning:  include_once(): Failed opening 'PARENT_DIR/admin/data_management/download_backup.php' for inclusion (include_path='.:/hsphere/shared/apache/libexec/php5ext/php/') in /hsphere/local/home/bantrycu/bantrycu.ie/wp-content/themes/CherryFramework/admin/data_management/data_management_interface.php on line 4
[18-Nov-2016 17:45:53] PHP Warning:  include_once(PARENT_DIR/admin/data_management/update.php): failed to open stream: No such file or directory in /hsphere/local/home/bantrycu/bantrycu.ie/wp-content/themes/CherryFramework/admin/data_management/data_management_interface.php on line 5
[18-Nov-2016 17:45:53] PHP Warning:  include_once(): Failed opening 'PARENT_DIR/admin/data_management/update.php' for inclusion (include_path='.:/hsphere/shared/apache/libexec/php5ext/php/') in /hsphere/local/home/bantrycu/bantrycu.ie/wp-content/themes/CherryFramework/admin/data_management/data_management_interface.php on line 5
[18-Nov-2016 17:45:53] PHP Fatal error:  Call to undefined function  get_theme_data() in /hsphere/local/home/bantrycu/bantrycu.ie/wp-content/themes/CherryFramework/admin/data_management/data_management_interface.php on line 15
[18-Nov-2016 19:25:02] PHP Warning:  include_once(PARENT_DIR/admin/data_management/backup.php): failed to open stream: No such file or directory in /hsphere/local/home/bantrycu/bantrycu.ie/wp-content/themes/CherryFramework/admin/data_management/data_management_interface.php on line 2
[18-Nov-2016 19:25:02] PHP Warning:  include_once(): Failed opening 'PARENT_DIR/admin/data_management/backup.php' for inclusion (include_path='.:/hsphere/shared/apache/libexec/php5ext/php/') in /hsphere/local/home/bantrycu/bantrycu.ie/wp-content/themes/CherryFramework/admin/data_management/data_management_interface.php on line 2
[18-Nov-2016 19:25:02] PHP Warning:  include_once(PARENT_DIR/admin/data_management/restore.php): failed to open stream: No such file or directory in /hsphere/local/home/bantrycu/bantrycu.ie/wp-content/themes/CherryFramework/admin/data_management/data_management_interface.php on line 3
[18-Nov-2016 19:25:02] PHP Warning:  include_once(): Failed opening 'PARENT_DIR/admin/data_management/restore.php' for inclusion (include_path='.:/hsphere/shared/apache/libexec/php5ext/php/') in /hsphere/local/home/bantrycu/bantrycu.ie/wp-content/themes/CherryFramework/admin/data_management/data_management_interface.php on line 3
[18-Nov-2016 19:25:02] PHP Warning:  include_once(PARENT_DIR/admin/data_management/download_backup.php): failed to open stream: No such file or directory in /hsphere/local/home/bantrycu/bantrycu.ie/wp-content/themes/CherryFramework/admin/data_management/data_management_interface.php on line 4
[18-Nov-2016 19:25:02] PHP Warning:  include_once(): Failed opening 'PARENT_DIR/admin/data_management/download_backup.php' for inclusion (include_path='.:/hsphere/shared/apache/libexec/php5ext/php/') in /hsphere/local/home/bantrycu/bantrycu.ie/wp-content/themes/CherryFramework/admin/data_management/data_management_interface.php on line 4
[18-Nov-2016 19:25:02] PHP Warning:  include_once(PARENT_DIR/admin/data_management/update.php): failed to open stream: No such file or directory in /hsphere/local/home/bantrycu/bantrycu.ie/wp-content/themes/CherryFramework/admin/data_management/data_management_interface.php on line 5
[18-Nov-2016 19:25:02] PHP Warning:  include_once(): Failed opening 'PARENT_DIR/admin/data_management/update.php' for inclusion (include_path='.:/hsphere/shared/apache/libexec/php5ext/php/') in /hsphere/local/home/bantrycu/bantrycu.ie/wp-content/themes/CherryFramework/admin/data_management/data_management_interface.php on line 5
[18-Nov-2016 19:25:02] PHP Fatal error:  Call to undefined function  get_theme_data() in /hsphere/local/home/bantrycu/bantrycu.ie/wp-content/themes/CherryFramework/admin/data_management/data_management_interface.php on line 15
[18-Nov-2016 19:25:03] PHP Fatal error:  Call to undefined function  get_theme_data() in /hsphere/local/home/bantrycu/bantrycu.ie/wp-content/themes/CherryFramework/admin/data_management/update.php on line 32
[15-Apr-2017 10:27:14] PHP Warning:  include_once(PARENT_DIR/admin/data_management/backup.php): failed to open stream: No such file or directory in /hsphere/local/home/bantrycu/bantrycu.ie/wp-content/themes/CherryFramework/admin/data_management/data_management_interface.php on line 2
[15-Apr-2017 10:27:14] PHP Warning:  include_once(): Failed opening 'PARENT_DIR/admin/data_management/backup.php' for inclusion (include_path='.:/hsphere/shared/apache/libexec/php5ext/php/') in /hsphere/local/home/bantrycu/bantrycu.ie/wp-content/themes/CherryFramework/admin/data_management/data_management_interface.php on line 2
[15-Apr-2017 10:27:14] PHP Warning:  include_once(PARENT_DIR/admin/data_management/restore.php): failed to open stream: No such file or directory in /hsphere/local/home/bantrycu/bantrycu.ie/wp-content/themes/CherryFramework/admin/data_management/data_management_interface.php on line 3
[15-Apr-2017 10:27:14] PHP Warning:  include_once(): Failed opening 'PARENT_DIR/admin/data_management/restore.php' for inclusion (include_path='.:/hsphere/shared/apache/libexec/php5ext/php/') in /hsphere/local/home/bantrycu/bantrycu.ie/wp-content/themes/CherryFramework/admin/data_management/data_management_interface.php on line 3
[15-Apr-2017 10:27:14] PHP Warning:  include_once(PARENT_DIR/admin/data_management/download_backup.php): failed to open stream: No such file or directory in /hsphere/local/home/bantrycu/bantrycu.ie/wp-content/themes/CherryFramework/admin/data_management/data_management_interface.php on line 4
[15-Apr-2017 10:27:14] PHP Warning:  include_once(): Failed opening 'PARENT_DIR/admin/data_management/download_backup.php' for inclusion (include_path='.:/hsphere/shared/apache/libexec/php5ext/php/') in /hsphere/local/home/bantrycu/bantrycu.ie/wp-content/themes/CherryFramework/admin/data_management/data_management_interface.php on line 4
[15-Apr-2017 10:27:14] PHP Warning:  include_once(PARENT_DIR/admin/data_management/update.php): failed to open stream: No such file or directory in /hsphere/local/home/bantrycu/bantrycu.ie/wp-content/themes/CherryFramework/admin/data_management/data_management_interface.php on line 5
[15-Apr-2017 10:27:14] PHP Warning:  include_once(): Failed opening 'PARENT_DIR/admin/data_management/update.php' for inclusion (include_path='.:/hsphere/shared/apache/libexec/php5ext/php/') in /hsphere/local/home/bantrycu/bantrycu.ie/wp-content/themes/CherryFramework/admin/data_management/data_management_interface.php on line 5
[15-Apr-2017 10:27:14] PHP Fatal error:  Call to undefined function  get_theme_data() in /hsphere/local/home/bantrycu/bantrycu.ie/wp-content/themes/CherryFramework/admin/data_management/data_management_interface.php on line 15
[15-Apr-2017 10:27:16] PHP Fatal error:  Call to undefined function  get_theme_data() in /hsphere/local/home/bantrycu/bantrycu.ie/wp-content/themes/CherryFramework/admin/data_management/update.php on line 32
[22-Apr-2017 05:25:34] PHP Fatal error:  Call to undefined function  get_theme_data() in /hsphere/local/home/bantrycu/bantrycu.ie/wp-content/themes/CherryFramework/admin/data_management/update.php on line 32
[22-Apr-2017 05:34:25] PHP Warning:  include_once(PARENT_DIR/admin/data_management/backup.php): failed to open stream: No such file or directory in /hsphere/local/home/bantrycu/bantrycu.ie/wp-content/themes/CherryFramework/admin/data_management/data_management_interface.php on line 2
[22-Apr-2017 05:34:25] PHP Warning:  include_once(): Failed opening 'PARENT_DIR/admin/data_management/backup.php' for inclusion (include_path='.:/hsphere/shared/apache/libexec/php5ext/php/') in /hsphere/local/home/bantrycu/bantrycu.ie/wp-content/themes/CherryFramework/admin/data_management/data_management_interface.php on line 2
[22-Apr-2017 05:34:25] PHP Warning:  include_once(PARENT_DIR/admin/data_management/restore.php): failed to open stream: No such file or directory in /hsphere/local/home/bantrycu/bantrycu.ie/wp-content/themes/CherryFramework/admin/data_management/data_management_interface.php on line 3
[22-Apr-2017 05:34:25] PHP Warning:  include_once(): Failed opening 'PARENT_DIR/admin/data_management/restore.php' for inclusion (include_path='.:/hsphere/shared/apache/libexec/php5ext/php/') in /hsphere/local/home/bantrycu/bantrycu.ie/wp-content/themes/CherryFramework/admin/data_management/data_management_interface.php on line 3
[22-Apr-2017 05:34:25] PHP Warning:  include_once(PARENT_DIR/admin/data_management/download_backup.php): failed to open stream: No such file or directory in /hsphere/local/home/bantrycu/bantrycu.ie/wp-content/themes/CherryFramework/admin/data_management/data_management_interface.php on line 4
[22-Apr-2017 05:34:25] PHP Warning:  include_once(): Failed opening 'PARENT_DIR/admin/data_management/download_backup.php' for inclusion (include_path='.:/hsphere/shared/apache/libexec/php5ext/php/') in /hsphere/local/home/bantrycu/bantrycu.ie/wp-content/themes/CherryFramework/admin/data_management/data_management_interface.php on line 4
[22-Apr-2017 05:34:25] PHP Warning:  include_once(PARENT_DIR/admin/data_management/update.php): failed to open stream: No such file or directory in /hsphere/local/home/bantrycu/bantrycu.ie/wp-content/themes/CherryFramework/admin/data_management/data_management_interface.php on line 5
[22-Apr-2017 05:34:25] PHP Warning:  include_once(): Failed opening 'PARENT_DIR/admin/data_management/update.php' for inclusion (include_path='.:/hsphere/shared/apache/libexec/php5ext/php/') in /hsphere/local/home/bantrycu/bantrycu.ie/wp-content/themes/CherryFramework/admin/data_management/data_management_interface.php on line 5
[22-Apr-2017 05:34:25] PHP Fatal error:  Call to undefined function  get_theme_data() in /hsphere/local/home/bantrycu/bantrycu.ie/wp-content/themes/CherryFramework/admin/data_management/data_management_interface.php on line 15
[22-Apr-2017 14:02:06] PHP Warning:  include_once(PARENT_DIR/admin/data_management/backup.php): failed to open stream: No such file or directory in /hsphere/local/home/bantrycu/bantrycu.ie/wp-content/themes/CherryFramework/admin/data_management/data_management_interface.php on line 2
[22-Apr-2017 14:02:06] PHP Warning:  include_once(): Failed opening 'PARENT_DIR/admin/data_management/backup.php' for inclusion (include_path='.:/hsphere/shared/apache/libexec/php5ext/php/') in /hsphere/local/home/bantrycu/bantrycu.ie/wp-content/themes/CherryFramework/admin/data_management/data_management_interface.php on line 2
[22-Apr-2017 14:02:06] PHP Warning:  include_once(PARENT_DIR/admin/data_management/restore.php): failed to open stream: No such file or directory in /hsphere/local/home/bantrycu/bantrycu.ie/wp-content/themes/CherryFramework/admin/data_management/data_management_interface.php on line 3
[22-Apr-2017 14:02:06] PHP Warning:  include_once(): Failed opening 'PARENT_DIR/admin/data_management/restore.php' for inclusion (include_path='.:/hsphere/shared/apache/libexec/php5ext/php/') in /hsphere/local/home/bantrycu/bantrycu.ie/wp-content/themes/CherryFramework/admin/data_management/data_management_interface.php on line 3
[22-Apr-2017 14:02:06] PHP Warning:  include_once(PARENT_DIR/admin/data_management/download_backup.php): failed to open stream: No such file or directory in /hsphere/local/home/bantrycu/bantrycu.ie/wp-content/themes/CherryFramework/admin/data_management/data_management_interface.php on line 4
[22-Apr-2017 14:02:06] PHP Warning:  include_once(): Failed opening 'PARENT_DIR/admin/data_management/download_backup.php' for inclusion (include_path='.:/hsphere/shared/apache/libexec/php5ext/php/') in /hsphere/local/home/bantrycu/bantrycu.ie/wp-content/themes/CherryFramework/admin/data_management/data_management_interface.php on line 4
[22-Apr-2017 14:02:06] PHP Warning:  include_once(PARENT_DIR/admin/data_management/update.php): failed to open stream: No such file or directory in /hsphere/local/home/bantrycu/bantrycu.ie/wp-content/themes/CherryFramework/admin/data_management/data_management_interface.php on line 5
[22-Apr-2017 14:02:06] PHP Warning:  include_once(): Failed opening 'PARENT_DIR/admin/data_management/update.php' for inclusion (include_path='.:/hsphere/shared/apache/libexec/php5ext/php/') in /hsphere/local/home/bantrycu/bantrycu.ie/wp-content/themes/CherryFramework/admin/data_management/data_management_interface.php on line 5
[22-Apr-2017 14:02:06] PHP Fatal error:  Call to undefined function  get_theme_data() in /hsphere/local/home/bantrycu/bantrycu.ie/wp-content/themes/CherryFramework/admin/data_management/data_management_interface.php on line 15
[23-Apr-2017 15:04:48] PHP Warning:  include_once(PARENT_DIR/admin/data_management/backup.php): failed to open stream: No such file or directory in /hsphere/local/home/bantrycu/bantrycu.ie/wp-content/themes/CherryFramework/admin/data_management/data_management_interface.php on line 2
[23-Apr-2017 15:04:48] PHP Warning:  include_once(): Failed opening 'PARENT_DIR/admin/data_management/backup.php' for inclusion (include_path='.:/hsphere/shared/apache/libexec/php5ext/php/') in /hsphere/local/home/bantrycu/bantrycu.ie/wp-content/themes/CherryFramework/admin/data_management/data_management_interface.php on line 2
[23-Apr-2017 15:04:48] PHP Warning:  include_once(PARENT_DIR/admin/data_management/restore.php): failed to open stream: No such file or directory in /hsphere/local/home/bantrycu/bantrycu.ie/wp-content/themes/CherryFramework/admin/data_management/data_management_interface.php on line 3
[23-Apr-2017 15:04:48] PHP Warning:  include_once(): Failed opening 'PARENT_DIR/admin/data_management/restore.php' for inclusion (include_path='.:/hsphere/shared/apache/libexec/php5ext/php/') in /hsphere/local/home/bantrycu/bantrycu.ie/wp-content/themes/CherryFramework/admin/data_management/data_management_interface.php on line 3
[23-Apr-2017 15:04:48] PHP Warning:  include_once(PARENT_DIR/admin/data_management/download_backup.php): failed to open stream: No such file or directory in /hsphere/local/home/bantrycu/bantrycu.ie/wp-content/themes/CherryFramework/admin/data_management/data_management_interface.php on line 4
[23-Apr-2017 15:04:48] PHP Warning:  include_once(): Failed opening 'PARENT_DIR/admin/data_management/download_backup.php' for inclusion (include_path='.:/hsphere/shared/apache/libexec/php5ext/php/') in /hsphere/local/home/bantrycu/bantrycu.ie/wp-content/themes/CherryFramework/admin/data_management/data_management_interface.php on line 4
[23-Apr-2017 15:04:48] PHP Warning:  include_once(PARENT_DIR/admin/data_management/update.php): failed to open stream: No such file or directory in /hsphere/local/home/bantrycu/bantrycu.ie/wp-content/themes/CherryFramework/admin/data_management/data_management_interface.php on line 5
[23-Apr-2017 15:04:48] PHP Warning:  include_once(): Failed opening 'PARENT_DIR/admin/data_management/update.php' for inclusion (include_path='.:/hsphere/shared/apache/libexec/php5ext/php/') in /hsphere/local/home/bantrycu/bantrycu.ie/wp-content/themes/CherryFramework/admin/data_management/data_management_interface.php on line 5
[23-Apr-2017 15:04:48] PHP Fatal error:  Call to undefined function  get_theme_data() in /hsphere/local/home/bantrycu/bantrycu.ie/wp-content/themes/CherryFramework/admin/data_management/data_management_interface.php on line 15
[16-Jul-2017 08:38:46] PHP Fatal error:  Call to undefined function  get_theme_data() in /hsphere/local/home/bantrycu/bantrycu.ie/wp-content/themes/CherryFramework/admin/data_management/update.php on line 32
[16-Jul-2017 14:46:12] PHP Fatal error:  Call to undefined function  get_theme_data() in /hsphere/local/home/bantrycu/bantrycu.ie/wp-content/themes/CherryFramework/admin/data_management/update.php on line 32
[16-Jul-2017 20:11:08] PHP Warning:  include_once(PARENT_DIR/admin/data_management/backup.php): failed to open stream: No such file or directory in /hsphere/local/home/bantrycu/bantrycu.ie/wp-content/themes/CherryFramework/admin/data_management/data_management_interface.php on line 2
[16-Jul-2017 20:11:08] PHP Warning:  include_once(): Failed opening 'PARENT_DIR/admin/data_management/backup.php' for inclusion (include_path='.:/hsphere/shared/apache/libexec/php5ext/php/') in /hsphere/local/home/bantrycu/bantrycu.ie/wp-content/themes/CherryFramework/admin/data_management/data_management_interface.php on line 2
[16-Jul-2017 20:11:08] PHP Warning:  include_once(PARENT_DIR/admin/data_management/restore.php): failed to open stream: No such file or directory in /hsphere/local/home/bantrycu/bantrycu.ie/wp-content/themes/CherryFramework/admin/data_management/data_management_interface.php on line 3
[16-Jul-2017 20:11:08] PHP Warning:  include_once(): Failed opening 'PARENT_DIR/admin/data_management/restore.php' for inclusion (include_path='.:/hsphere/shared/apache/libexec/php5ext/php/') in /hsphere/local/home/bantrycu/bantrycu.ie/wp-content/themes/CherryFramework/admin/data_management/data_management_interface.php on line 3
[16-Jul-2017 20:11:08] PHP Warning:  include_once(PARENT_DIR/admin/data_management/download_backup.php): failed to open stream: No such file or directory in /hsphere/local/home/bantrycu/bantrycu.ie/wp-content/themes/CherryFramework/admin/data_management/data_management_interface.php on line 4
[16-Jul-2017 20:11:08] PHP Warning:  include_once(): Failed opening 'PARENT_DIR/admin/data_management/download_backup.php' for inclusion (include_path='.:/hsphere/shared/apache/libexec/php5ext/php/') in /hsphere/local/home/bantrycu/bantrycu.ie/wp-content/themes/CherryFramework/admin/data_management/data_management_interface.php on line 4
[16-Jul-2017 20:11:08] PHP Warning:  include_once(PARENT_DIR/admin/data_management/update.php): failed to open stream: No such file or directory in /hsphere/local/home/bantrycu/bantrycu.ie/wp-content/themes/CherryFramework/admin/data_management/data_management_interface.php on line 5
[16-Jul-2017 20:11:08] PHP Warning:  include_once(): Failed opening 'PARENT_DIR/admin/data_management/update.php' for inclusion (include_path='.:/hsphere/shared/apache/libexec/php5ext/php/') in /hsphere/local/home/bantrycu/bantrycu.ie/wp-content/themes/CherryFramework/admin/data_management/data_management_interface.php on line 5
[16-Jul-2017 20:11:08] PHP Fatal error:  Call to undefined function  get_theme_data() in /hsphere/local/home/bantrycu/bantrycu.ie/wp-content/themes/CherryFramework/admin/data_management/data_management_interface.php on line 15
[16-Jul-2017 20:37:35] PHP Fatal error:  Call to undefined function  get_theme_data() in /hsphere/local/home/bantrycu/bantrycu.ie/wp-content/themes/CherryFramework/admin/data_management/update.php on line 32
[17-Jul-2017 02:43:23] PHP Fatal error:  Call to undefined function  get_theme_data() in /hsphere/local/home/bantrycu/bantrycu.ie/wp-content/themes/CherryFramework/admin/data_management/update.php on line 32
[17-Jul-2017 02:47:05] PHP Warning:  include_once(PARENT_DIR/admin/data_management/backup.php): failed to open stream: No such file or directory in /hsphere/local/home/bantrycu/bantrycu.ie/wp-content/themes/CherryFramework/admin/data_management/data_management_interface.php on line 2
[17-Jul-2017 02:47:05] PHP Warning:  include_once(): Failed opening 'PARENT_DIR/admin/data_management/backup.php' for inclusion (include_path='.:/hsphere/shared/apache/libexec/php5ext/php/') in /hsphere/local/home/bantrycu/bantrycu.ie/wp-content/themes/CherryFramework/admin/data_management/data_management_interface.php on line 2
[17-Jul-2017 02:47:05] PHP Warning:  include_once(PARENT_DIR/admin/data_management/restore.php): failed to open stream: No such file or directory in /hsphere/local/home/bantrycu/bantrycu.ie/wp-content/themes/CherryFramework/admin/data_management/data_management_interface.php on line 3
[17-Jul-2017 02:47:05] PHP Warning:  include_once(): Failed opening 'PARENT_DIR/admin/data_management/restore.php' for inclusion (include_path='.:/hsphere/shared/apache/libexec/php5ext/php/') in /hsphere/local/home/bantrycu/bantrycu.ie/wp-content/themes/CherryFramework/admin/data_management/data_management_interface.php on line 3
[17-Jul-2017 02:47:05] PHP Warning:  include_once(PARENT_DIR/admin/data_management/download_backup.php): failed to open stream: No such file or directory in /hsphere/local/home/bantrycu/bantrycu.ie/wp-content/themes/CherryFramework/admin/data_management/data_management_interface.php on line 4
[17-Jul-2017 02:47:05] PHP Warning:  include_once(): Failed opening 'PARENT_DIR/admin/data_management/download_backup.php' for inclusion (include_path='.:/hsphere/shared/apache/libexec/php5ext/php/') in /hsphere/local/home/bantrycu/bantrycu.ie/wp-content/themes/CherryFramework/admin/data_management/data_management_interface.php on line 4
[17-Jul-2017 02:47:05] PHP Warning:  include_once(PARENT_DIR/admin/data_management/update.php): failed to open stream: No such file or directory in /hsphere/local/home/bantrycu/bantrycu.ie/wp-content/themes/CherryFramework/admin/data_management/data_management_interface.php on line 5
[17-Jul-2017 02:47:05] PHP Warning:  include_once(): Failed opening 'PARENT_DIR/admin/data_management/update.php' for inclusion (include_path='.:/hsphere/shared/apache/libexec/php5ext/php/') in /hsphere/local/home/bantrycu/bantrycu.ie/wp-content/themes/CherryFramework/admin/data_management/data_management_interface.php on line 5
[17-Jul-2017 02:47:05] PHP Fatal error:  Call to undefined function  get_theme_data() in /hsphere/local/home/bantrycu/bantrycu.ie/wp-content/themes/CherryFramework/admin/data_management/data_management_interface.php on line 15
[17-Jul-2017 09:14:20] PHP Fatal error:  Call to undefined function  get_theme_data() in /hsphere/local/home/bantrycu/bantrycu.ie/wp-content/themes/CherryFramework/admin/data_management/update.php on line 32
[17-Jul-2017 09:14:31] PHP Warning:  include_once(PARENT_DIR/admin/data_management/backup.php): failed to open stream: No such file or directory in /hsphere/local/home/bantrycu/bantrycu.ie/wp-content/themes/CherryFramework/admin/data_management/data_management_interface.php on line 2
[17-Jul-2017 09:14:31] PHP Warning:  include_once(): Failed opening 'PARENT_DIR/admin/data_management/backup.php' for inclusion (include_path='.:/hsphere/shared/apache/libexec/php5ext/php/') in /hsphere/local/home/bantrycu/bantrycu.ie/wp-content/themes/CherryFramework/admin/data_management/data_management_interface.php on line 2
[17-Jul-2017 09:14:31] PHP Warning:  include_once(PARENT_DIR/admin/data_management/restore.php): failed to open stream: No such file or directory in /hsphere/local/home/bantrycu/bantrycu.ie/wp-content/themes/CherryFramework/admin/data_management/data_management_interface.php on line 3
[17-Jul-2017 09:14:31] PHP Warning:  include_once(): Failed opening 'PARENT_DIR/admin/data_management/restore.php' for inclusion (include_path='.:/hsphere/shared/apache/libexec/php5ext/php/') in /hsphere/local/home/bantrycu/bantrycu.ie/wp-content/themes/CherryFramework/admin/data_management/data_management_interface.php on line 3
[17-Jul-2017 09:14:31] PHP Warning:  include_once(PARENT_DIR/admin/data_management/download_backup.php): failed to open stream: No such file or directory in /hsphere/local/home/bantrycu/bantrycu.ie/wp-content/themes/CherryFramework/admin/data_management/data_management_interface.php on line 4
[17-Jul-2017 09:14:31] PHP Warning:  include_once(): Failed opening 'PARENT_DIR/admin/data_management/download_backup.php' for inclusion (include_path='.:/hsphere/shared/apache/libexec/php5ext/php/') in /hsphere/local/home/bantrycu/bantrycu.ie/wp-content/themes/CherryFramework/admin/data_management/data_management_interface.php on line 4
[17-Jul-2017 09:14:31] PHP Warning:  include_once(PARENT_DIR/admin/data_management/update.php): failed to open stream: No such file or directory in /hsphere/local/home/bantrycu/bantrycu.ie/wp-content/themes/CherryFramework/admin/data_management/data_management_interface.php on line 5
[17-Jul-2017 09:14:31] PHP Warning:  include_once(): Failed opening 'PARENT_DIR/admin/data_management/update.php' for inclusion (include_path='.:/hsphere/shared/apache/libexec/php5ext/php/') in /hsphere/local/home/bantrycu/bantrycu.ie/wp-content/themes/CherryFramework/admin/data_management/data_management_interface.php on line 5
[17-Jul-2017 09:14:31] PHP Fatal error:  Call to undefined function  get_theme_data() in /hsphere/local/home/bantrycu/bantrycu.ie/wp-content/themes/CherryFramework/admin/data_management/data_management_interface.php on line 15
[17-Jul-2017 14:56:23] PHP Warning:  include_once(PARENT_DIR/admin/data_management/backup.php): failed to open stream: No such file or directory in /hsphere/local/home/bantrycu/bantrycu.ie/wp-content/themes/CherryFramework/admin/data_management/data_management_interface.php on line 2
[17-Jul-2017 14:56:23] PHP Warning:  include_once(): Failed opening 'PARENT_DIR/admin/data_management/backup.php' for inclusion (include_path='.:/hsphere/shared/apache/libexec/php5ext/php/') in /hsphere/local/home/bantrycu/bantrycu.ie/wp-content/themes/CherryFramework/admin/data_management/data_management_interface.php on line 2
[17-Jul-2017 14:56:23] PHP Warning:  include_once(PARENT_DIR/admin/data_management/restore.php): failed to open stream: No such file or directory in /hsphere/local/home/bantrycu/bantrycu.ie/wp-content/themes/CherryFramework/admin/data_management/data_management_interface.php on line 3
[17-Jul-2017 14:56:23] PHP Warning:  include_once(): Failed opening 'PARENT_DIR/admin/data_management/restore.php' for inclusion (include_path='.:/hsphere/shared/apache/libexec/php5ext/php/') in /hsphere/local/home/bantrycu/bantrycu.ie/wp-content/themes/CherryFramework/admin/data_management/data_management_interface.php on line 3
[17-Jul-2017 14:56:23] PHP Warning:  include_once(PARENT_DIR/admin/data_management/download_backup.php): failed to open stream: No such file or directory in /hsphere/local/home/bantrycu/bantrycu.ie/wp-content/themes/CherryFramework/admin/data_management/data_management_interface.php on line 4
[17-Jul-2017 14:56:23] PHP Warning:  include_once(): Failed opening 'PARENT_DIR/admin/data_management/download_backup.php' for inclusion (include_path='.:/hsphere/shared/apache/libexec/php5ext/php/') in /hsphere/local/home/bantrycu/bantrycu.ie/wp-content/themes/CherryFramework/admin/data_management/data_management_interface.php on line 4
[17-Jul-2017 14:56:23] PHP Warning:  include_once(PARENT_DIR/admin/data_management/update.php): failed to open stream: No such file or directory in /hsphere/local/home/bantrycu/bantrycu.ie/wp-content/themes/CherryFramework/admin/data_management/data_management_interface.php on line 5
[17-Jul-2017 14:56:23] PHP Warning:  include_once(): Failed opening 'PARENT_DIR/admin/data_management/update.php' for inclusion (include_path='.:/hsphere/shared/apache/libexec/php5ext/php/') in /hsphere/local/home/bantrycu/bantrycu.ie/wp-content/themes/CherryFramework/admin/data_management/data_management_interface.php on line 5
[17-Jul-2017 14:56:23] PHP Fatal error:  Call to undefined function  get_theme_data() in /hsphere/local/home/bantrycu/bantrycu.ie/wp-content/themes/CherryFramework/admin/data_management/data_management_interface.php on line 15
[17-Jul-2017 21:20:17] PHP Warning:  include_once(PARENT_DIR/admin/data_management/backup.php): failed to open stream: No such file or directory in /hsphere/local/home/bantrycu/bantrycu.ie/wp-content/themes/CherryFramework/admin/data_management/data_management_interface.php on line 2
[17-Jul-2017 21:20:17] PHP Warning:  include_once(): Failed opening 'PARENT_DIR/admin/data_management/backup.php' for inclusion (include_path='.:/hsphere/shared/apache/libexec/php5ext/php/') in /hsphere/local/home/bantrycu/bantrycu.ie/wp-content/themes/CherryFramework/admin/data_management/data_management_interface.php on line 2
[17-Jul-2017 21:20:17] PHP Warning:  include_once(PARENT_DIR/admin/data_management/restore.php): failed to open stream: No such file or directory in /hsphere/local/home/bantrycu/bantrycu.ie/wp-content/themes/CherryFramework/admin/data_management/data_management_interface.php on line 3
[17-Jul-2017 21:20:17] PHP Warning:  include_once(): Failed opening 'PARENT_DIR/admin/data_management/restore.php' for inclusion (include_path='.:/hsphere/shared/apache/libexec/php5ext/php/') in /hsphere/local/home/bantrycu/bantrycu.ie/wp-content/themes/CherryFramework/admin/data_management/data_management_interface.php on line 3
[17-Jul-2017 21:20:17] PHP Warning:  include_once(PARENT_DIR/admin/data_management/download_backup.php): failed to open stream: No such file or directory in /hsphere/local/home/bantrycu/bantrycu.ie/wp-content/themes/CherryFramework/admin/data_management/data_management_interface.php on line 4
[17-Jul-2017 21:20:17] PHP Warning:  include_once(): Failed opening 'PARENT_DIR/admin/data_management/download_backup.php' for inclusion (include_path='.:/hsphere/shared/apache/libexec/php5ext/php/') in /hsphere/local/home/bantrycu/bantrycu.ie/wp-content/themes/CherryFramework/admin/data_management/data_management_interface.php on line 4
[17-Jul-2017 21:20:17] PHP Warning:  include_once(PARENT_DIR/admin/data_management/update.php): failed to open stream: No such file or directory in /hsphere/local/home/bantrycu/bantrycu.ie/wp-content/themes/CherryFramework/admin/data_management/data_management_interface.php on line 5
[17-Jul-2017 21:20:17] PHP Warning:  include_once(): Failed opening 'PARENT_DIR/admin/data_management/update.php' for inclusion (include_path='.:/hsphere/shared/apache/libexec/php5ext/php/') in /hsphere/local/home/bantrycu/bantrycu.ie/wp-content/themes/CherryFramework/admin/data_management/data_management_interface.php on line 5
[17-Jul-2017 21:20:17] PHP Fatal error:  Call to undefined function  get_theme_data() in /hsphere/local/home/bantrycu/bantrycu.ie/wp-content/themes/CherryFramework/admin/data_management/data_management_interface.php on line 15
[29-Oct-2017 03:00:35] PHP Warning:  include_once(PARENT_DIR/admin/data_management/backup.php): failed to open stream: No such file or directory in /hsphere/local/home/bantrycu/bantrycu.ie/wp-content/themes/CherryFramework/admin/data_management/data_management_interface.php on line 2
[29-Oct-2017 03:00:35] PHP Warning:  include_once(): Failed opening 'PARENT_DIR/admin/data_management/backup.php' for inclusion (include_path='.:/hsphere/shared/apache/libexec/php5ext/php/') in /hsphere/local/home/bantrycu/bantrycu.ie/wp-content/themes/CherryFramework/admin/data_management/data_management_interface.php on line 2
[29-Oct-2017 03:00:35] PHP Warning:  include_once(PARENT_DIR/admin/data_management/restore.php): failed to open stream: No such file or directory in /hsphere/local/home/bantrycu/bantrycu.ie/wp-content/themes/CherryFramework/admin/data_management/data_management_interface.php on line 3
[29-Oct-2017 03:00:35] PHP Warning:  include_once(): Failed opening 'PARENT_DIR/admin/data_management/restore.php' for inclusion (include_path='.:/hsphere/shared/apache/libexec/php5ext/php/') in /hsphere/local/home/bantrycu/bantrycu.ie/wp-content/themes/CherryFramework/admin/data_management/data_management_interface.php on line 3
[29-Oct-2017 03:00:35] PHP Warning:  include_once(PARENT_DIR/admin/data_management/download_backup.php): failed to open stream: No such file or directory in /hsphere/local/home/bantrycu/bantrycu.ie/wp-content/themes/CherryFramework/admin/data_management/data_management_interface.php on line 4
[29-Oct-2017 03:00:35] PHP Warning:  include_once(): Failed opening 'PARENT_DIR/admin/data_management/download_backup.php' for inclusion (include_path='.:/hsphere/shared/apache/libexec/php5ext/php/') in /hsphere/local/home/bantrycu/bantrycu.ie/wp-content/themes/CherryFramework/admin/data_management/data_management_interface.php on line 4
[29-Oct-2017 03:00:35] PHP Warning:  include_once(PARENT_DIR/admin/data_management/update.php): failed to open stream: No such file or directory in /hsphere/local/home/bantrycu/bantrycu.ie/wp-content/themes/CherryFramework/admin/data_management/data_management_interface.php on line 5
[29-Oct-2017 03:00:35] PHP Warning:  include_once(): Failed opening 'PARENT_DIR/admin/data_management/update.php' for inclusion (include_path='.:/hsphere/shared/apache/libexec/php5ext/php/') in /hsphere/local/home/bantrycu/bantrycu.ie/wp-content/themes/CherryFramework/admin/data_management/data_management_interface.php on line 5
[29-Oct-2017 03:00:35] PHP Fatal error:  Call to undefined function  get_theme_data() in /hsphere/local/home/bantrycu/bantrycu.ie/wp-content/themes/CherryFramework/admin/data_management/data_management_interface.php on line 15
[29-Oct-2017 03:01:06] PHP Fatal error:  Call to undefined function  get_theme_data() in /hsphere/local/home/bantrycu/bantrycu.ie/wp-content/themes/CherryFramework/admin/data_management/update.php on line 32
[04-Nov-2017 16:13:57] PHP Warning:  include_once(PARENT_DIR/admin/data_management/backup.php): failed to open stream: No such file or directory in /hsphere/local/home/bantrycu/bantrycu.ie/wp-content/themes/CherryFramework/admin/data_management/data_management_interface.php on line 2
[04-Nov-2017 16:13:57] PHP Warning:  include_once(): Failed opening 'PARENT_DIR/admin/data_management/backup.php' for inclusion (include_path='.:/hsphere/shared/apache/libexec/php5ext/php/') in /hsphere/local/home/bantrycu/bantrycu.ie/wp-content/themes/CherryFramework/admin/data_management/data_management_interface.php on line 2
[04-Nov-2017 16:13:57] PHP Warning:  include_once(PARENT_DIR/admin/data_management/restore.php): failed to open stream: No such file or directory in /hsphere/local/home/bantrycu/bantrycu.ie/wp-content/themes/CherryFramework/admin/data_management/data_management_interface.php on line 3
[04-Nov-2017 16:13:57] PHP Warning:  include_once(): Failed opening 'PARENT_DIR/admin/data_management/restore.php' for inclusion (include_path='.:/hsphere/shared/apache/libexec/php5ext/php/') in /hsphere/local/home/bantrycu/bantrycu.ie/wp-content/themes/CherryFramework/admin/data_management/data_management_interface.php on line 3
[04-Nov-2017 16:13:57] PHP Warning:  include_once(PARENT_DIR/admin/data_management/download_backup.php): failed to open stream: No such file or directory in /hsphere/local/home/bantrycu/bantrycu.ie/wp-content/themes/CherryFramework/admin/data_management/data_management_interface.php on line 4
[04-Nov-2017 16:13:57] PHP Warning:  include_once(): Failed opening 'PARENT_DIR/admin/data_management/download_backup.php' for inclusion (include_path='.:/hsphere/shared/apache/libexec/php5ext/php/') in /hsphere/local/home/bantrycu/bantrycu.ie/wp-content/themes/CherryFramework/admin/data_management/data_management_interface.php on line 4
[04-Nov-2017 16:13:57] PHP Warning:  include_once(PARENT_DIR/admin/data_management/update.php): failed to open stream: No such file or directory in /hsphere/local/home/bantrycu/bantrycu.ie/wp-content/themes/CherryFramework/admin/data_management/data_management_interface.php on line 5
[04-Nov-2017 16:13:57] PHP Warning:  include_once(): Failed opening 'PARENT_DIR/admin/data_management/update.php' for inclusion (include_path='.:/hsphere/shared/apache/libexec/php5ext/php/') in /hsphere/local/home/bantrycu/bantrycu.ie/wp-content/themes/CherryFramework/admin/data_management/data_management_interface.php on line 5
[04-Nov-2017 16:13:57] PHP Fatal error:  Call to undefined function  get_theme_data() in /hsphere/local/home/bantrycu/bantrycu.ie/wp-content/themes/CherryFramework/admin/data_management/data_management_interface.php on line 15
[04-Nov-2017 16:14:09] PHP Fatal error:  Call to undefined function  get_theme_data() in /hsphere/local/home/bantrycu/bantrycu.ie/wp-content/themes/CherryFramework/admin/data_management/update.php on line 32
[14-Nov-2017 02:20:50] PHP Warning:  include_once(PARENT_DIR/admin/data_management/backup.php): failed to open stream: No such file or directory in /hsphere/local/home/bantrycu/bantrycu.ie/wp-content/themes/CherryFramework/admin/data_management/data_management_interface.php on line 2
[14-Nov-2017 02:20:50] PHP Warning:  include_once(): Failed opening 'PARENT_DIR/admin/data_management/backup.php' for inclusion (include_path='.:/hsphere/shared/apache/libexec/php5ext/php/') in /hsphere/local/home/bantrycu/bantrycu.ie/wp-content/themes/CherryFramework/admin/data_management/data_management_interface.php on line 2
[14-Nov-2017 02:20:50] PHP Warning:  include_once(PARENT_DIR/admin/data_management/restore.php): failed to open stream: No such file or directory in /hsphere/local/home/bantrycu/bantrycu.ie/wp-content/themes/CherryFramework/admin/data_management/data_management_interface.php on line 3
[14-Nov-2017 02:20:50] PHP Warning:  include_once(): Failed opening 'PARENT_DIR/admin/data_management/restore.php' for inclusion (include_path='.:/hsphere/shared/apache/libexec/php5ext/php/') in /hsphere/local/home/bantrycu/bantrycu.ie/wp-content/themes/CherryFramework/admin/data_management/data_management_interface.php on line 3
[14-Nov-2017 02:20:50] PHP Warning:  include_once(PARENT_DIR/admin/data_management/download_backup.php): failed to open stream: No such file or directory in /hsphere/local/home/bantrycu/bantrycu.ie/wp-content/themes/CherryFramework/admin/data_management/data_management_interface.php on line 4
[14-Nov-2017 02:20:50] PHP Warning:  include_once(): Failed opening 'PARENT_DIR/admin/data_management/download_backup.php' for inclusion (include_path='.:/hsphere/shared/apache/libexec/php5ext/php/') in /hsphere/local/home/bantrycu/bantrycu.ie/wp-content/themes/CherryFramework/admin/data_management/data_management_interface.php on line 4
[14-Nov-2017 02:20:50] PHP Warning:  include_once(PARENT_DIR/admin/data_management/update.php): failed to open stream: No such file or directory in /hsphere/local/home/bantrycu/bantrycu.ie/wp-content/themes/CherryFramework/admin/data_management/data_management_interface.php on line 5
[14-Nov-2017 02:20:50] PHP Warning:  include_once(): Failed opening 'PARENT_DIR/admin/data_management/update.php' for inclusion (include_path='.:/hsphere/shared/apache/libexec/php5ext/php/') in /hsphere/local/home/bantrycu/bantrycu.ie/wp-content/themes/CherryFramework/admin/data_management/data_management_interface.php on line 5
[14-Nov-2017 02:20:50] PHP Fatal error:  Call to undefined function  get_theme_data() in /hsphere/local/home/bantrycu/bantrycu.ie/wp-content/themes/CherryFramework/admin/data_management/data_management_interface.php on line 15
[14-Nov-2017 02:21:02] PHP Fatal error:  Call to undefined function  get_theme_data() in /hsphere/local/home/bantrycu/bantrycu.ie/wp-content/themes/CherryFramework/admin/data_management/update.php on line 32
[30-Nov-2017 21:27:35] PHP Warning:  include_once(PARENT_DIR/admin/data_management/backup.php): failed to open stream: No such file or directory in /hsphere/local/home/bantrycu/bantrycu.ie/wp-content/themes/CherryFramework/admin/data_management/data_management_interface.php on line 2
[30-Nov-2017 21:27:35] PHP Warning:  include_once(): Failed opening 'PARENT_DIR/admin/data_management/backup.php' for inclusion (include_path='.:/hsphere/shared/apache/libexec/php5ext/php/') in /hsphere/local/home/bantrycu/bantrycu.ie/wp-content/themes/CherryFramework/admin/data_management/data_management_interface.php on line 2
[30-Nov-2017 21:27:35] PHP Warning:  include_once(PARENT_DIR/admin/data_management/restore.php): failed to open stream: No such file or directory in /hsphere/local/home/bantrycu/bantrycu.ie/wp-content/themes/CherryFramework/admin/data_management/data_management_interface.php on line 3
[30-Nov-2017 21:27:35] PHP Warning:  include_once(): Failed opening 'PARENT_DIR/admin/data_management/restore.php' for inclusion (include_path='.:/hsphere/shared/apache/libexec/php5ext/php/') in /hsphere/local/home/bantrycu/bantrycu.ie/wp-content/themes/CherryFramework/admin/data_management/data_management_interface.php on line 3
[30-Nov-2017 21:27:35] PHP Warning:  include_once(PARENT_DIR/admin/data_management/download_backup.php): failed to open stream: No such file or directory in /hsphere/local/home/bantrycu/bantrycu.ie/wp-content/themes/CherryFramework/admin/data_management/data_management_interface.php on line 4
[30-Nov-2017 21:27:35] PHP Warning:  include_once(): Failed opening 'PARENT_DIR/admin/data_management/download_backup.php' for inclusion (include_path='.:/hsphere/shared/apache/libexec/php5ext/php/') in /hsphere/local/home/bantrycu/bantrycu.ie/wp-content/themes/CherryFramework/admin/data_management/data_management_interface.php on line 4
[30-Nov-2017 21:27:35] PHP Warning:  include_once(PARENT_DIR/admin/data_management/update.php): failed to open stream: No such file or directory in /hsphere/local/home/bantrycu/bantrycu.ie/wp-content/themes/CherryFramework/admin/data_management/data_management_interface.php on line 5
[30-Nov-2017 21:27:35] PHP Warning:  include_once(): Failed opening 'PARENT_DIR/admin/data_management/update.php' for inclusion (include_path='.:/hsphere/shared/apache/libexec/php5ext/php/') in /hsphere/local/home/bantrycu/bantrycu.ie/wp-content/themes/CherryFramework/admin/data_management/data_management_interface.php on line 5
[30-Nov-2017 21:27:35] PHP Fatal error:  Call to undefined function  get_theme_data() in /hsphere/local/home/bantrycu/bantrycu.ie/wp-content/themes/CherryFramework/admin/data_management/data_management_interface.php on line 15
[31-Dec-2017 07:11:15] PHP Fatal error:  Call to undefined function  get_theme_data() in /hsphere/local/home/bantrycu/bantrycu.ie/wp-content/themes/CherryFramework/admin/data_management/update.php on line 32
[31-Dec-2017 12:52:25] PHP Warning:  include_once(PARENT_DIR/admin/data_management/backup.php): failed to open stream: No such file or directory in /hsphere/local/home/bantrycu/bantrycu.ie/wp-content/themes/CherryFramework/admin/data_management/data_management_interface.php on line 2
[31-Dec-2017 12:52:25] PHP Warning:  include_once(): Failed opening 'PARENT_DIR/admin/data_management/backup.php' for inclusion (include_path='.:/hsphere/shared/apache/libexec/php5ext/php/') in /hsphere/local/home/bantrycu/bantrycu.ie/wp-content/themes/CherryFramework/admin/data_management/data_management_interface.php on line 2
[31-Dec-2017 12:52:25] PHP Warning:  include_once(PARENT_DIR/admin/data_management/restore.php): failed to open stream: No such file or directory in /hsphere/local/home/bantrycu/bantrycu.ie/wp-content/themes/CherryFramework/admin/data_management/data_management_interface.php on line 3
[31-Dec-2017 12:52:25] PHP Warning:  include_once(): Failed opening 'PARENT_DIR/admin/data_management/restore.php' for inclusion (include_path='.:/hsphere/shared/apache/libexec/php5ext/php/') in /hsphere/local/home/bantrycu/bantrycu.ie/wp-content/themes/CherryFramework/admin/data_management/data_management_interface.php on line 3
[31-Dec-2017 12:52:25] PHP Warning:  include_once(PARENT_DIR/admin/data_management/download_backup.php): failed to open stream: No such file or directory in /hsphere/local/home/bantrycu/bantrycu.ie/wp-content/themes/CherryFramework/admin/data_management/data_management_interface.php on line 4
[31-Dec-2017 12:52:25] PHP Warning:  include_once(): Failed opening 'PARENT_DIR/admin/data_management/download_backup.php' for inclusion (include_path='.:/hsphere/shared/apache/libexec/php5ext/php/') in /hsphere/local/home/bantrycu/bantrycu.ie/wp-content/themes/CherryFramework/admin/data_management/data_management_interface.php on line 4
[31-Dec-2017 12:52:25] PHP Warning:  include_once(PARENT_DIR/admin/data_management/update.php): failed to open stream: No such file or directory in /hsphere/local/home/bantrycu/bantrycu.ie/wp-content/themes/CherryFramework/admin/data_management/data_management_interface.php on line 5
[31-Dec-2017 12:52:25] PHP Warning:  include_once(): Failed opening 'PARENT_DIR/admin/data_management/update.php' for inclusion (include_path='.:/hsphere/shared/apache/libexec/php5ext/php/') in /hsphere/local/home/bantrycu/bantrycu.ie/wp-content/themes/CherryFramework/admin/data_management/data_management_interface.php on line 5
[31-Dec-2017 12:52:25] PHP Fatal error:  Call to undefined function  get_theme_data() in /hsphere/local/home/bantrycu/bantrycu.ie/wp-content/themes/CherryFramework/admin/data_management/data_management_interface.php on line 15
[31-Dec-2017 14:11:45] PHP Fatal error:  Call to undefined function  get_theme_data() in /hsphere/local/home/bantrycu/bantrycu.ie/wp-content/themes/CherryFramework/admin/data_management/update.php on line 32
[31-Dec-2017 20:13:18] PHP Fatal error:  Call to undefined function  get_theme_data() in /hsphere/local/home/bantrycu/bantrycu.ie/wp-content/themes/CherryFramework/admin/data_management/update.php on line 32
[31-Dec-2017 20:16:57] PHP Warning:  include_once(PARENT_DIR/admin/data_management/backup.php): failed to open stream: No such file or directory in /hsphere/local/home/bantrycu/bantrycu.ie/wp-content/themes/CherryFramework/admin/data_management/data_management_interface.php on line 2
[31-Dec-2017 20:16:57] PHP Warning:  include_once(): Failed opening 'PARENT_DIR/admin/data_management/backup.php' for inclusion (include_path='.:/hsphere/shared/apache/libexec/php5ext/php/') in /hsphere/local/home/bantrycu/bantrycu.ie/wp-content/themes/CherryFramework/admin/data_management/data_management_interface.php on line 2
[31-Dec-2017 20:16:57] PHP Warning:  include_once(PARENT_DIR/admin/data_management/restore.php): failed to open stream: No such file or directory in /hsphere/local/home/bantrycu/bantrycu.ie/wp-content/themes/CherryFramework/admin/data_management/data_management_interface.php on line 3
[31-Dec-2017 20:16:57] PHP Warning:  include_once(): Failed opening 'PARENT_DIR/admin/data_management/restore.php' for inclusion (include_path='.:/hsphere/shared/apache/libexec/php5ext/php/') in /hsphere/local/home/bantrycu/bantrycu.ie/wp-content/themes/CherryFramework/admin/data_management/data_management_interface.php on line 3
[31-Dec-2017 20:16:57] PHP Warning:  include_once(PARENT_DIR/admin/data_management/download_backup.php): failed to open stream: No such file or directory in /hsphere/local/home/bantrycu/bantrycu.ie/wp-content/themes/CherryFramework/admin/data_management/data_management_interface.php on line 4
[31-Dec-2017 20:16:57] PHP Warning:  include_once(): Failed opening 'PARENT_DIR/admin/data_management/download_backup.php' for inclusion (include_path='.:/hsphere/shared/apache/libexec/php5ext/php/') in /hsphere/local/home/bantrycu/bantrycu.ie/wp-content/themes/CherryFramework/admin/data_management/data_management_interface.php on line 4
[31-Dec-2017 20:16:57] PHP Warning:  include_once(PARENT_DIR/admin/data_management/update.php): failed to open stream: No such file or directory in /hsphere/local/home/bantrycu/bantrycu.ie/wp-content/themes/CherryFramework/admin/data_management/data_management_interface.php on line 5
[31-Dec-2017 20:16:57] PHP Warning:  include_once(): Failed opening 'PARENT_DIR/admin/data_management/update.php' for inclusion (include_path='.:/hsphere/shared/apache/libexec/php5ext/php/') in /hsphere/local/home/bantrycu/bantrycu.ie/wp-content/themes/CherryFramework/admin/data_management/data_management_interface.php on line 5
[31-Dec-2017 20:16:57] PHP Fatal error:  Call to undefined function  get_theme_data() in /hsphere/local/home/bantrycu/bantrycu.ie/wp-content/themes/CherryFramework/admin/data_management/data_management_interface.php on line 15
[01-Jan-2018 02:17:08] PHP Warning:  include_once(PARENT_DIR/admin/data_management/backup.php): failed to open stream: No such file or directory in /hsphere/local/home/bantrycu/bantrycu.ie/wp-content/themes/CherryFramework/admin/data_management/data_management_interface.php on line 2
[01-Jan-2018 02:17:08] PHP Warning:  include_once(): Failed opening 'PARENT_DIR/admin/data_management/backup.php' for inclusion (include_path='.:/hsphere/shared/apache/libexec/php5ext/php/') in /hsphere/local/home/bantrycu/bantrycu.ie/wp-content/themes/CherryFramework/admin/data_management/data_management_interface.php on line 2
[01-Jan-2018 02:17:08] PHP Warning:  include_once(PARENT_DIR/admin/data_management/restore.php): failed to open stream: No such file or directory in /hsphere/local/home/bantrycu/bantrycu.ie/wp-content/themes/CherryFramework/admin/data_management/data_management_interface.php on line 3
[01-Jan-2018 02:17:08] PHP Warning:  include_once(): Failed opening 'PARENT_DIR/admin/data_management/restore.php' for inclusion (include_path='.:/hsphere/shared/apache/libexec/php5ext/php/') in /hsphere/local/home/bantrycu/bantrycu.ie/wp-content/themes/CherryFramework/admin/data_management/data_management_interface.php on line 3
[01-Jan-2018 02:17:08] PHP Warning:  include_once(PARENT_DIR/admin/data_management/download_backup.php): failed to open stream: No such file or directory in /hsphere/local/home/bantrycu/bantrycu.ie/wp-content/themes/CherryFramework/admin/data_management/data_management_interface.php on line 4
[01-Jan-2018 02:17:08] PHP Warning:  include_once(): Failed opening 'PARENT_DIR/admin/data_management/download_backup.php' for inclusion (include_path='.:/hsphere/shared/apache/libexec/php5ext/php/') in /hsphere/local/home/bantrycu/bantrycu.ie/wp-content/themes/CherryFramework/admin/data_management/data_management_interface.php on line 4
[01-Jan-2018 02:17:08] PHP Warning:  include_once(PARENT_DIR/admin/data_management/update.php): failed to open stream: No such file or directory in /hsphere/local/home/bantrycu/bantrycu.ie/wp-content/themes/CherryFramework/admin/data_management/data_management_interface.php on line 5
[01-Jan-2018 02:17:08] PHP Warning:  include_once(): Failed opening 'PARENT_DIR/admin/data_management/update.php' for inclusion (include_path='.:/hsphere/shared/apache/libexec/php5ext/php/') in /hsphere/local/home/bantrycu/bantrycu.ie/wp-content/themes/CherryFramework/admin/data_management/data_management_interface.php on line 5
[01-Jan-2018 02:17:08] PHP Fatal error:  Call to undefined function  get_theme_data() in /hsphere/local/home/bantrycu/bantrycu.ie/wp-content/themes/CherryFramework/admin/data_management/data_management_interface.php on line 15
[01-Jan-2018 05:18:43] PHP Warning:  include_once(PARENT_DIR/admin/data_management/backup.php): failed to open stream: No such file or directory in /hsphere/local/home/bantrycu/bantrycu.ie/wp-content/themes/CherryFramework/admin/data_management/data_management_interface.php on line 2
[01-Jan-2018 05:18:43] PHP Warning:  include_once(): Failed opening 'PARENT_DIR/admin/data_management/backup.php' for inclusion (include_path='.:/hsphere/shared/apache/libexec/php5ext/php/') in /hsphere/local/home/bantrycu/bantrycu.ie/wp-content/themes/CherryFramework/admin/data_management/data_management_interface.php on line 2
[01-Jan-2018 05:18:43] PHP Warning:  include_once(PARENT_DIR/admin/data_management/restore.php): failed to open stream: No such file or directory in /hsphere/local/home/bantrycu/bantrycu.ie/wp-content/themes/CherryFramework/admin/data_management/data_management_interface.php on line 3
[01-Jan-2018 05:18:43] PHP Warning:  include_once(): Failed opening 'PARENT_DIR/admin/data_management/restore.php' for inclusion (include_path='.:/hsphere/shared/apache/libexec/php5ext/php/') in /hsphere/local/home/bantrycu/bantrycu.ie/wp-content/themes/CherryFramework/admin/data_management/data_management_interface.php on line 3
[01-Jan-2018 05:18:43] PHP Warning:  include_once(PARENT_DIR/admin/data_management/download_backup.php): failed to open stream: No such file or directory in /hsphere/local/home/bantrycu/bantrycu.ie/wp-content/themes/CherryFramework/admin/data_management/data_management_interface.php on line 4
[01-Jan-2018 05:18:43] PHP Warning:  include_once(): Failed opening 'PARENT_DIR/admin/data_management/download_backup.php' for inclusion (include_path='.:/hsphere/shared/apache/libexec/php5ext/php/') in /hsphere/local/home/bantrycu/bantrycu.ie/wp-content/themes/CherryFramework/admin/data_management/data_management_interface.php on line 4
[01-Jan-2018 05:18:43] PHP Warning:  include_once(PARENT_DIR/admin/data_management/update.php): failed to open stream: No such file or directory in /hsphere/local/home/bantrycu/bantrycu.ie/wp-content/themes/CherryFramework/admin/data_management/data_management_interface.php on line 5
[01-Jan-2018 05:18:43] PHP Warning:  include_once(): Failed opening 'PARENT_DIR/admin/data_management/update.php' for inclusion (include_path='.:/hsphere/shared/apache/libexec/php5ext/php/') in /hsphere/local/home/bantrycu/bantrycu.ie/wp-content/themes/CherryFramework/admin/data_management/data_management_interface.php on line 5
[01-Jan-2018 05:18:43] PHP Fatal error:  Call to undefined function  get_theme_data() in /hsphere/local/home/bantrycu/bantrycu.ie/wp-content/themes/CherryFramework/admin/data_management/data_management_interface.php on line 15
[01-Jan-2018 17:13:45] PHP Fatal error:  Call to undefined function  get_theme_data() in /hsphere/local/home/bantrycu/bantrycu.ie/wp-content/themes/CherryFramework/admin/data_management/update.php on line 32
[02-Jan-2018 03:00:59] PHP Warning:  include_once(PARENT_DIR/admin/data_management/backup.php): failed to open stream: No such file or directory in /hsphere/local/home/bantrycu/bantrycu.ie/wp-content/themes/CherryFramework/admin/data_management/data_management_interface.php on line 2
[02-Jan-2018 03:00:59] PHP Warning:  include_once(): Failed opening 'PARENT_DIR/admin/data_management/backup.php' for inclusion (include_path='.:/hsphere/shared/apache/libexec/php5ext/php/') in /hsphere/local/home/bantrycu/bantrycu.ie/wp-content/themes/CherryFramework/admin/data_management/data_management_interface.php on line 2
[02-Jan-2018 03:00:59] PHP Warning:  include_once(PARENT_DIR/admin/data_management/restore.php): failed to open stream: No such file or directory in /hsphere/local/home/bantrycu/bantrycu.ie/wp-content/themes/CherryFramework/admin/data_management/data_management_interface.php on line 3
[02-Jan-2018 03:00:59] PHP Warning:  include_once(): Failed opening 'PARENT_DIR/admin/data_management/restore.php' for inclusion (include_path='.:/hsphere/shared/apache/libexec/php5ext/php/') in /hsphere/local/home/bantrycu/bantrycu.ie/wp-content/themes/CherryFramework/admin/data_management/data_management_interface.php on line 3
[02-Jan-2018 03:00:59] PHP Warning:  include_once(PARENT_DIR/admin/data_management/download_backup.php): failed to open stream: No such file or directory in /hsphere/local/home/bantrycu/bantrycu.ie/wp-content/themes/CherryFramework/admin/data_management/data_management_interface.php on line 4
[02-Jan-2018 03:00:59] PHP Warning:  include_once(): Failed opening 'PARENT_DIR/admin/data_management/download_backup.php' for inclusion (include_path='.:/hsphere/shared/apache/libexec/php5ext/php/') in /hsphere/local/home/bantrycu/bantrycu.ie/wp-content/themes/CherryFramework/admin/data_management/data_management_interface.php on line 4
[02-Jan-2018 03:00:59] PHP Warning:  include_once(PARENT_DIR/admin/data_management/update.php): failed to open stream: No such file or directory in /hsphere/local/home/bantrycu/bantrycu.ie/wp-content/themes/CherryFramework/admin/data_management/data_management_interface.php on line 5
[02-Jan-2018 03:00:59] PHP Warning:  include_once(): Failed opening 'PARENT_DIR/admin/data_management/update.php' for inclusion (include_path='.:/hsphere/shared/apache/libexec/php5ext/php/') in /hsphere/local/home/bantrycu/bantrycu.ie/wp-content/themes/CherryFramework/admin/data_management/data_management_interface.php on line 5
[02-Jan-2018 03:00:59] PHP Fatal error:  Call to undefined function  get_theme_data() in /hsphere/local/home/bantrycu/bantrycu.ie/wp-content/themes/CherryFramework/admin/data_management/data_management_interface.php on line 15
[14-Apr-2018 21:48:50] PHP Warning:  include_once(PARENT_DIR/admin/data_management/backup.php): failed to open stream: No such file or directory in /hsphere/local/home/bantrycu/bantrycu.ie/wp-content/themes/CherryFramework/admin/data_management/data_management_interface.php on line 2
[14-Apr-2018 21:48:50] PHP Warning:  include_once(): Failed opening 'PARENT_DIR/admin/data_management/backup.php' for inclusion (include_path='.:/hsphere/shared/apache/libexec/php5ext/php/') in /hsphere/local/home/bantrycu/bantrycu.ie/wp-content/themes/CherryFramework/admin/data_management/data_management_interface.php on line 2
[14-Apr-2018 21:48:50] PHP Warning:  include_once(PARENT_DIR/admin/data_management/restore.php): failed to open stream: No such file or directory in /hsphere/local/home/bantrycu/bantrycu.ie/wp-content/themes/CherryFramework/admin/data_management/data_management_interface.php on line 3
[14-Apr-2018 21:48:50] PHP Warning:  include_once(): Failed opening 'PARENT_DIR/admin/data_management/restore.php' for inclusion (include_path='.:/hsphere/shared/apache/libexec/php5ext/php/') in /hsphere/local/home/bantrycu/bantrycu.ie/wp-content/themes/CherryFramework/admin/data_management/data_management_interface.php on line 3
[14-Apr-2018 21:48:50] PHP Warning:  include_once(PARENT_DIR/admin/data_management/download_backup.php): failed to open stream: No such file or directory in /hsphere/local/home/bantrycu/bantrycu.ie/wp-content/themes/CherryFramework/admin/data_management/data_management_interface.php on line 4
[14-Apr-2018 21:48:50] PHP Warning:  include_once(): Failed opening 'PARENT_DIR/admin/data_management/download_backup.php' for inclusion (include_path='.:/hsphere/shared/apache/libexec/php5ext/php/') in /hsphere/local/home/bantrycu/bantrycu.ie/wp-content/themes/CherryFramework/admin/data_management/data_management_interface.php on line 4
[14-Apr-2018 21:48:50] PHP Warning:  include_once(PARENT_DIR/admin/data_management/update.php): failed to open stream: No such file or directory in /hsphere/local/home/bantrycu/bantrycu.ie/wp-content/themes/CherryFramework/admin/data_management/data_management_interface.php on line 5
[14-Apr-2018 21:48:50] PHP Warning:  include_once(): Failed opening 'PARENT_DIR/admin/data_management/update.php' for inclusion (include_path='.:/hsphere/shared/apache/libexec/php5ext/php/') in /hsphere/local/home/bantrycu/bantrycu.ie/wp-content/themes/CherryFramework/admin/data_management/data_management_interface.php on line 5
[14-Apr-2018 21:48:50] PHP Fatal error:  Call to undefined function  get_theme_data() in /hsphere/local/home/bantrycu/bantrycu.ie/wp-content/themes/CherryFramework/admin/data_management/data_management_interface.php on line 15
[14-Apr-2018 21:49:09] PHP Fatal error:  Call to undefined function  get_theme_data() in /hsphere/local/home/bantrycu/bantrycu.ie/wp-content/themes/CherryFramework/admin/data_management/update.php on line 32
[15-Apr-2018 05:05:20] PHP Warning:  include_once(PARENT_DIR/admin/data_management/backup.php): failed to open stream: No such file or directory in /hsphere/local/home/bantrycu/bantrycu.ie/wp-content/themes/CherryFramework/admin/data_management/data_management_interface.php on line 2
[15-Apr-2018 05:05:20] PHP Warning:  include_once(): Failed opening 'PARENT_DIR/admin/data_management/backup.php' for inclusion (include_path='.:/hsphere/shared/apache/libexec/php5ext/php/') in /hsphere/local/home/bantrycu/bantrycu.ie/wp-content/themes/CherryFramework/admin/data_management/data_management_interface.php on line 2
[15-Apr-2018 05:05:20] PHP Warning:  include_once(PARENT_DIR/admin/data_management/restore.php): failed to open stream: No such file or directory in /hsphere/local/home/bantrycu/bantrycu.ie/wp-content/themes/CherryFramework/admin/data_management/data_management_interface.php on line 3
[15-Apr-2018 05:05:20] PHP Warning:  include_once(): Failed opening 'PARENT_DIR/admin/data_management/restore.php' for inclusion (include_path='.:/hsphere/shared/apache/libexec/php5ext/php/') in /hsphere/local/home/bantrycu/bantrycu.ie/wp-content/themes/CherryFramework/admin/data_management/data_management_interface.php on line 3
[15-Apr-2018 05:05:20] PHP Warning:  include_once(PARENT_DIR/admin/data_management/download_backup.php): failed to open stream: No such file or directory in /hsphere/local/home/bantrycu/bantrycu.ie/wp-content/themes/CherryFramework/admin/data_management/data_management_interface.php on line 4
[15-Apr-2018 05:05:20] PHP Warning:  include_once(): Failed opening 'PARENT_DIR/admin/data_management/download_backup.php' for inclusion (include_path='.:/hsphere/shared/apache/libexec/php5ext/php/') in /hsphere/local/home/bantrycu/bantrycu.ie/wp-content/themes/CherryFramework/admin/data_management/data_management_interface.php on line 4
[15-Apr-2018 05:05:20] PHP Warning:  include_once(PARENT_DIR/admin/data_management/update.php): failed to open stream: No such file or directory in /hsphere/local/home/bantrycu/bantrycu.ie/wp-content/themes/CherryFramework/admin/data_management/data_management_interface.php on line 5
[15-Apr-2018 05:05:20] PHP Warning:  include_once(): Failed opening 'PARENT_DIR/admin/data_management/update.php' for inclusion (include_path='.:/hsphere/shared/apache/libexec/php5ext/php/') in /hsphere/local/home/bantrycu/bantrycu.ie/wp-content/themes/CherryFramework/admin/data_management/data_management_interface.php on line 5
[15-Apr-2018 05:05:20] PHP Fatal error:  Call to undefined function  get_theme_data() in /hsphere/local/home/bantrycu/bantrycu.ie/wp-content/themes/CherryFramework/admin/data_management/data_management_interface.php on line 15
[15-Apr-2018 05:05:48] PHP Fatal error:  Call to undefined function  get_theme_data() in /hsphere/local/home/bantrycu/bantrycu.ie/wp-content/themes/CherryFramework/admin/data_management/update.php on line 32
[15-Apr-2018 11:05:29] PHP Fatal error:  Call to undefined function  get_theme_data() in /hsphere/local/home/bantrycu/bantrycu.ie/wp-content/themes/CherryFramework/admin/data_management/update.php on line 32
[15-Apr-2018 11:05:39] PHP Warning:  include_once(PARENT_DIR/admin/data_management/backup.php): failed to open stream: No such file or directory in /hsphere/local/home/bantrycu/bantrycu.ie/wp-content/themes/CherryFramework/admin/data_management/data_management_interface.php on line 2
[15-Apr-2018 11:05:39] PHP Warning:  include_once(): Failed opening 'PARENT_DIR/admin/data_management/backup.php' for inclusion (include_path='.:/hsphere/shared/apache/libexec/php5ext/php/') in /hsphere/local/home/bantrycu/bantrycu.ie/wp-content/themes/CherryFramework/admin/data_management/data_management_interface.php on line 2
[15-Apr-2018 11:05:39] PHP Warning:  include_once(PARENT_DIR/admin/data_management/restore.php): failed to open stream: No such file or directory in /hsphere/local/home/bantrycu/bantrycu.ie/wp-content/themes/CherryFramework/admin/data_management/data_management_interface.php on line 3
[15-Apr-2018 11:05:39] PHP Warning:  include_once(): Failed opening 'PARENT_DIR/admin/data_management/restore.php' for inclusion (include_path='.:/hsphere/shared/apache/libexec/php5ext/php/') in /hsphere/local/home/bantrycu/bantrycu.ie/wp-content/themes/CherryFramework/admin/data_management/data_management_interface.php on line 3
[15-Apr-2018 11:05:39] PHP Warning:  include_once(PARENT_DIR/admin/data_management/download_backup.php): failed to open stream: No such file or directory in /hsphere/local/home/bantrycu/bantrycu.ie/wp-content/themes/CherryFramework/admin/data_management/data_management_interface.php on line 4
[15-Apr-2018 11:05:39] PHP Warning:  include_once(): Failed opening 'PARENT_DIR/admin/data_management/download_backup.php' for inclusion (include_path='.:/hsphere/shared/apache/libexec/php5ext/php/') in /hsphere/local/home/bantrycu/bantrycu.ie/wp-content/themes/CherryFramework/admin/data_management/data_management_interface.php on line 4
[15-Apr-2018 11:05:39] PHP Warning:  include_once(PARENT_DIR/admin/data_management/update.php): failed to open stream: No such file or directory in /hsphere/local/home/bantrycu/bantrycu.ie/wp-content/themes/CherryFramework/admin/data_management/data_management_interface.php on line 5
[15-Apr-2018 11:05:39] PHP Warning:  include_once(): Failed opening 'PARENT_DIR/admin/data_management/update.php' for inclusion (include_path='.:/hsphere/shared/apache/libexec/php5ext/php/') in /hsphere/local/home/bantrycu/bantrycu.ie/wp-content/themes/CherryFramework/admin/data_management/data_management_interface.php on line 5
[15-Apr-2018 11:05:39] PHP Fatal error:  Call to undefined function  get_theme_data() in /hsphere/local/home/bantrycu/bantrycu.ie/wp-content/themes/CherryFramework/admin/data_management/data_management_interface.php on line 15
[15-Apr-2018 17:39:06] PHP Fatal error:  Call to undefined function  get_theme_data() in /hsphere/local/home/bantrycu/bantrycu.ie/wp-content/themes/CherryFramework/admin/data_management/update.php on line 32
[15-Apr-2018 17:39:16] PHP Warning:  include_once(PARENT_DIR/admin/data_management/backup.php): failed to open stream: No such file or directory in /hsphere/local/home/bantrycu/bantrycu.ie/wp-content/themes/CherryFramework/admin/data_management/data_management_interface.php on line 2
[15-Apr-2018 17:39:16] PHP Warning:  include_once(): Failed opening 'PARENT_DIR/admin/data_management/backup.php' for inclusion (include_path='.:/hsphere/shared/apache/libexec/php5ext/php/') in /hsphere/local/home/bantrycu/bantrycu.ie/wp-content/themes/CherryFramework/admin/data_management/data_management_interface.php on line 2
[15-Apr-2018 17:39:16] PHP Warning:  include_once(PARENT_DIR/admin/data_management/restore.php): failed to open stream: No such file or directory in /hsphere/local/home/bantrycu/bantrycu.ie/wp-content/themes/CherryFramework/admin/data_management/data_management_interface.php on line 3
[15-Apr-2018 17:39:16] PHP Warning:  include_once(): Failed opening 'PARENT_DIR/admin/data_management/restore.php' for inclusion (include_path='.:/hsphere/shared/apache/libexec/php5ext/php/') in /hsphere/local/home/bantrycu/bantrycu.ie/wp-content/themes/CherryFramework/admin/data_management/data_management_interface.php on line 3
[15-Apr-2018 17:39:16] PHP Warning:  include_once(PARENT_DIR/admin/data_management/download_backup.php): failed to open stream: No such file or directory in /hsphere/local/home/bantrycu/bantrycu.ie/wp-content/themes/CherryFramework/admin/data_management/data_management_interface.php on line 4
[15-Apr-2018 17:39:16] PHP Warning:  include_once(): Failed opening 'PARENT_DIR/admin/data_management/download_backup.php' for inclusion (include_path='.:/hsphere/shared/apache/libexec/php5ext/php/') in /hsphere/local/home/bantrycu/bantrycu.ie/wp-content/themes/CherryFramework/admin/data_management/data_management_interface.php on line 4
[15-Apr-2018 17:39:16] PHP Warning:  include_once(PARENT_DIR/admin/data_management/update.php): failed to open stream: No such file or directory in /hsphere/local/home/bantrycu/bantrycu.ie/wp-content/themes/CherryFramework/admin/data_management/data_management_interface.php on line 5
[15-Apr-2018 17:39:16] PHP Warning:  include_once(): Failed opening 'PARENT_DIR/admin/data_management/update.php' for inclusion (include_path='.:/hsphere/shared/apache/libexec/php5ext/php/') in /hsphere/local/home/bantrycu/bantrycu.ie/wp-content/themes/CherryFramework/admin/data_management/data_management_interface.php on line 5
[15-Apr-2018 17:39:16] PHP Fatal error:  Call to undefined function  get_theme_data() in /hsphere/local/home/bantrycu/bantrycu.ie/wp-content/themes/CherryFramework/admin/data_management/data_management_interface.php on line 15
